#-----------------------------------------------------------
# Vivado v2019.1 (64-bit)
# SW Build 2552052 on Fri May 24 14:49:42 MDT 2019
# IP Build 2548770 on Fri May 24 18:01:18 MDT 2019
# Start of session at: Wed Nov 29 02:23:45 2023
# Process ID: 5624
# Current directory: C:/Users/15390/Desktop/DD/Mylab/lab6/DispNumber_sch
# Command line: vivado.exe -gui_launcher_event rodinguilauncherevent18980 C:\Users\15390\Desktop\DD\Mylab\lab6\DispNumber_sch\DispNumber_sch.xpr
# Log file: C:/Users/15390/Desktop/DD/Mylab/lab6/DispNumber_sch/vivado.log
# Journal file: C:/Users/15390/Desktop/DD/Mylab/lab6/DispNumber_sch\vivado.jou
#-----------------------------------------------------------
start_gui
open_project C:/Users/15390/Desktop/DD/Mylab/lab6/DispNumber_sch/DispNumber_sch.xpr
Scanning sources...
Finished scanning sources
INFO: [IP_Flow 19-234] Refreshing IP repositories
INFO: [IP_Flow 19-1704] No user IP repositories specified
INFO: [IP_Flow 19-2313] Loaded Vivado IP repository 'D:/Xilinx/Vivado/2019.1/data/ip'.
open_project: Time (s): cpu = 00:00:08 ; elapsed = 00:00:07 . Memory (MB): peak = 793.758 ; gain = 82.957
update_compile_order -fileset sources_1
exit
INFO: [Common 17-206] Exiting Vivado at Wed Nov 29 02:24:21 2023...
