#-----------------------------------------------------------
# Vivado v2019.1 (64-bit)
# SW Build 2552052 on Fri May 24 14:49:42 MDT 2019
# IP Build 2548770 on Fri May 24 18:01:18 MDT 2019
# Start of session at: Wed Nov  8 16:39:52 2023
# Process ID: 21572
# Current directory: C:/Users/15390/Desktop/DD/Mylab/lab6/DispNumber_sch
# Command line: vivado.exe -gui_launcher_event rodinguilauncherevent27304 C:\Users\15390\Desktop\DD\Mylab\lab6\DispNumber_sch\DispNumber_sch.xpr
# Log file: C:/Users/15390/Desktop/DD/Mylab/lab6/DispNumber_sch/vivado.log
# Journal file: C:/Users/15390/Desktop/DD/Mylab/lab6/DispNumber_sch\vivado.jou
#-----------------------------------------------------------
start_gui
open_project C:/Users/15390/Desktop/DD/Mylab/lab6/DispNumber_sch/DispNumber_sch.xpr
Scanning sources...
Finished scanning sources
INFO: [IP_Flow 19-234] Refreshing IP repositories
INFO: [IP_Flow 19-1704] No user IP repositories specified
INFO: [IP_Flow 19-2313] Loaded Vivado IP repository 'D:/Xilinx/Vivado/2019.1/data/ip'.
open_project: Time (s): cpu = 00:00:06 ; elapsed = 00:00:07 . Memory (MB): peak = 759.559 ; gain = 86.703
exit
INFO: [Common 17-206] Exiting Vivado at Wed Nov  8 16:40:22 2023...
o 12-1017] Problems encountered:
1. Failed to delete one or more files in run directory C:/Users/15390/Desktop/DD/Mylab/lab6/DispNumber_sch/DispNumber_sch.runs/synth_1

launch_runs impl_1 -to_step write_bitstream -jobs 8
[Wed Nov  8 16:40:28 2023] Launched synth_1...
Run output will be captured here: C:/Users/15390/Desktop/DD/Mylab/lab6/DispNumber_sch/DispNumber_sch.runs/synth_1/runme.log
[Wed Nov  8 16:40:28 2023] Launched impl_1...
Run output will be captured here: C:/Users/15390/Desktop/DD/Mylab/lab6/DispNumber_sch/DispNumber_sch.runs/impl_1/runme.log
open_hw
connect_hw_server
INFO: [Labtools 27-2285] Connecting to hw_server url TCP:localhost:3121
INFO: [Labtools 27-2222] Launching hw_server...
INFO: [Labtools 27-2221] Launch Output:

****** Xilinx hw_server v2019.1
  **** Build date : May 24 2019 at 15:13:31
    ** Copyright 1986-2019 Xilinx, Inc. All Rights Reserved.


open_hw_target
INFO: [Labtoolstcl 44-466] Opening hw_target localhost:3121/xilinx_tcf/Digilent/201706300081
open_hw_target: Time (s): cpu = 00:00:05 ; elapsed = 00:00:05 . Memory (MB): peak = 2006.633 ; gain = 1107.273
set_property PROGRAM.FILE {C:/Users/15390/Desktop/DD/Mylab/lab6/DispNumber_sch/DispNumber_sch.runs/impl_1/DispNumber_sch.bit} [get_hw_devices xc7k160t_0]
current_hw_device [get_hw_devices xc7k160t_0]
refresh_hw_device -update_hw_probes false [lindex [get_hw_devices xc7k160t_0] 0]
INFO: [Labtools 27-1434] Device xc7k160t (JTAG device index = 0) is programmed with a design that has no supported debug core(s) in it.
set_property PROBES.FILE {} [get_hw_devices xc7k160t_0]
set_property FULL_PROBES.FILE {} [get_hw_devices xc7k160t_0]
set_property PROGRAM.FILE {C:/Users/15390/Desktop/DD/Mylab/lab6/DispNumber_sch/DispNumber_sch.runs/impl_1/DispNumber_sch.bit} [get_hw_devices xc7k160t_0]
program_hw_devices [get_hw_devices xc7k160t_0]
INFO: [Labtools 27-3164] End of startup status: HIGH
program_hw_devices: Time (s): cpu = 00:00:05 ; elapsed = 00:00:06 . Memory (MB): peak = 2011.160 ; gain = 0.480
refresh_hw_device [lindex [get_hw_devices xc7k160t_0] 0]
INFO: [Labtools 27-1434] Device xc7k160t (JTAG device index = 0) is programmed with a design that has no supported debug core(s) in it.
ERROR: [Labtoolstcl 44-513] HW Target shutdown. Closing target: localhost:3121/xilinx_tcf/Digilent/201706300081
disconnect_hw_server localhost:3121
connect_hw_server
INFO: [Labtools 27-2285] Connecting to hw_server url TCP:localhost:3121
connect_hw_server: Time (s): cpu = 00:00:00 ; elapsed = 00:00:09 . Memory (MB): peak = 2052.375 ; gain = 0.000
open_hw_target
INFO: [Labtoolstcl 44-466] Opening hw_target localhost:3121/xilinx_tcf/Xilinx/00000000000000
set_property PROGRAM.FILE {C:/Users/15390/Desktop/DD/Mylab/lab6/DispNumber_sch/DispNumber_sch.runs/impl_1/DispNumber_sch.bit} [get_hw_devices xc7k160t_0]
current_hw_device [get_hw_devices xc7k160t_0]
refresh_hw_device -update_hw_probes false [lindex [get_hw_devices xc7k160t_0] 0]
INFO: [Labtools 27-1434] Device xc7k160t (JTAG device index = 0) is programmed with a design that has no supported debug core(s) in it.
set_property PROBES.FILE {} [get_hw_devices xc7k160t_0]
set_property FULL_PROBES.FILE {} [get_hw_devices xc7k160t_0]
set_property PROGRAM.FILE {C:/Users/15390/Desktop/DD/Mylab/lab6/DispNumber_sch/DispNumber_sch.runs/impl_1/DispNumber_sch.bit} [get_hw_devices xc7k160t_0]
program_hw_devices [get_hw_devices xc7k160t_0]
INFO: [Labtools 27-3164] End of startup status: HIGH
program_hw_devices: Time (s): cpu = 00:00:14 ; elapsed = 00:00:15 . Memory (MB): peak = 2067.926 ; gain = 0.000
refresh_hw_device [lindex [get_hw_devices xc7k160t_0] 0]
INFO: [Labtools 27-1434] Device xc7k160t (JTAG device index = 0) is programmed with a design that has no supported debug core(s) in it.
reset_run synth_1
launch_runs impl_1 -to_step write_bitstream -jobs 8
[Wed Nov  8 16:47:37 2023] Launched synth_1...
Run output will be captured here: C:/Users/15390/Desktop/DD/Mylab/lab6/DispNumber_sch/DispNumber_sch.runs/synth_1/runme.log
[Wed Nov  8 16:47:37 2023] Launched impl_1...
Run output will be captured here: C:/Users/15390/Desktop/DD/Mylab/lab6/DispNumber_sch/DispNumber_sch.runs/impl_1/runme.log
set_property PROBES.FILE {} [get_hw_devices xc7k160t_0]
set_property FULL_PROBES.FILE {} [get_hw_devices xc7k160t_0]
set_property PROGRAM.FILE {C:/Users/15390/Desktop/DD/Mylab/lab6/DispNumber_sch/DispNumber_sch.runs/impl_1/DispNumber_sch.bit} [get_hw_devices xc7k160t_0]
program_hw_devices [get_hw_devices xc7k160t_0]
INFO: [Labtools 27-3164] End of startup status: HIGH
program_hw_devices: Time (s): cpu = 00:00:13 ; elapsed = 00:00:15 . Memory (MB): peak = 2067.926 ; gain = 0.000
refresh_hw_device [lindex [get_hw_devices xc7k160t_0] 0]
INFO: [Labtools 27-1434] Device xc7k160t (JTAG device index = 0) is programmed with a design that has no supported debug core(s) in it.
reset_run synth_1
launch_runs impl_1 -to_step write_bitstream -jobs 8
[Wed Nov  8 16:54:44 2023] Launched synth_1...
Run output will be captured here: C:/Users/15390/Desktop/DD/Mylab/lab6/DispNumber_sch/DispNumber_sch.runs/synth_1/runme.log
[Wed Nov  8 16:54:44 2023] Launched impl_1...
Run output will be captured here: C:/Users/15390/Desktop/DD/Mylab/lab6/DispNumber_sch/DispNumber_sch.runs/impl_1/runme.log
refresh_hw_device [lindex [get_hw_devices xc7k160t_0] 0]
INFO: [Labtools 27-1434] Device xc7k160t (JTAG device index = 0) is programmed with a design that has no supported debug core(s) in it.
ERROR: [Labtoolstcl 44-513] HW Target shutdown. Closing target: localhost:3121/xilinx_tcf/Xilinx/00000000000000
disconnect_hw_server localhost:3121
connect_hw_server
INFO: [Labtools 27-2285] Connecting to hw_server url TCP:localhost:3121
connect_hw_server: Time (s): cpu = 00:00:00 ; elapsed = 00:00:09 . Memory (MB): peak = 2067.926 ; gain = 0.000
open_hw_target
INFO: [Labtoolstcl 44-466] Opening hw_target localhost:3121/xilinx_tcf/Xilinx/00000000000000
set_property PROGRAM.FILE {C:/Users/15390/Desktop/DD/Mylab/lab6/DispNumber_sch/DispNumber_sch.runs/impl_1/DispNumber_sch.bit} [get_hw_devices xc7k160t_0]
current_hw_device [get_hw_devices xc7k160t_0]
refresh_hw_device -update_hw_probes false [lindex [get_hw_devices xc7k160t_0] 0]
INFO: [Labtools 27-1434] Device xc7k160t (JTAG device index = 0) is programmed with a design that has no supported debug core(s) in it.
set_property PROBES.FILE {} [get_hw_devices xc7k160t_0]
set_property FULL_PROBES.FILE {} [get_hw_devices xc7k160t_0]
set_property PROGRAM.FILE {C:/Users/15390/Desktop/DD/Mylab/lab6/DispNumber_sch/DispNumber_sch.runs/impl_1/DispNumber_sch.bit} [get_hw_devices xc7k160t_0]
program_hw_devices [get_hw_devices xc7k160t_0]
INFO: [Labtools 27-3164] End of startup status: HIGH
program_hw_devices: Time (s): cpu = 00:00:12 ; elapsed = 00:00:15 . Memory (MB): peak = 2078.898 ; gain = 0.000
refresh_hw_device [lindex [get_hw_devices xc7k160t_0] 0]
INFO: [Labtools 27-1434] Device xc7k160t (JTAG device index = 0) is programmed with a design that has no supported debug core(s) in it.
reset_run synth_1
launch_runs impl_1 -to_step write_bitstream -jobs 8
[Wed Nov  8 17:00:40 2023] Launched synth_1...
Run output will be captured here: C:/Users/15390/Desktop/DD/Mylab/lab6/DispNumber_sch/DispNumber_sch.runs/synth_1/runme.log
[Wed Nov  8 17:00:40 2023] Launched impl_1...
Run output will be captured here: C:/Users/15390/Desktop/DD/Mylab/lab6/DispNumber_sch/DispNumber_sch.runs/impl_1/runme.log
set_property PROBES.FILE {} [get_hw_devices xc7k160t_0]
set_property FULL_PROBES.FILE {} [get_hw_devices xc7k160t_0]
set_property PROGRAM.FILE {C:/Users/15390/Desktop/DD/Mylab/lab6/DispNumber_sch/DispNumber_sch.runs/impl_1/DispNumber_sch.bit} [get_hw_devices xc7k160t_0]
program_hw_devices [get_hw_devices xc7k160t_0]
INFO: [Labtools 27-3164] End of startup status: HIGH
program_hw_devices: Time (s): cpu = 00:00:14 ; elapsed = 00:00:15 . Memory (MB): peak = 2078.898 ; gain = 0.000
refresh_hw_device [lindex [get_hw_devices xc7k160t_0] 0]
INFO: [Labtools 27-1434] Device xc7k160t (JTAG device index = 0) is programmed with a design that has no supported debug core(s) in it.
ERROR: [Labtoolstcl 44-513] HW Target shutdown. Closing target: localhost:3121/xilinx_tcf/Xilinx/00000000000000
