#-----------------------------------------------------------
# Vivado v2019.1 (64-bit)
# SW Build 2552052 on Fri May 24 14:49:42 MDT 2019
# IP Build 2548770 on Fri May 24 18:01:18 MDT 2019
# Start of session at: Wed Nov  8 17:30:23 2023
# Process ID: 11340
# Current directory: C:/Users/15390/Desktop/DD/Mylab/lab6/DispNumber_sch
# Command line: vivado.exe -gui_launcher_event rodinguilauncherevent10680 C:\Users\15390\Desktop\DD\Mylab\lab6\DispNumber_sch\DispNumber_sch.xpr
# Log file: C:/Users/15390/Desktop/DD/Mylab/lab6/DispNumber_sch/vivado.log
# Journal file: C:/Users/15390/Desktop/DD/Mylab/lab6/DispNumber_sch\vivado.jou
#-----------------------------------------------------------
start_gui
open_project C:/Users/15390/Desktop/DD/Mylab/lab6/DispNumber_sch/DispNumber_sch.xpr
Scanning sources...
Finished scanning sources
INFO: [IP_Flow 19-234] Refreshing IP repositories
INFO: [IP_Flow 19-1704] No user IP repositories specified
INFO: [IP_Flow 19-2313] Loaded Vivado IP repository 'D:/Xilinx/Vivado/2019.1/data/ip'.
open_project: Time (s): cpu = 00:00:04 ; elapsed = 00:00:05 . Memory (MB): peak = 800.777 ; gain = 111.859
update_compile_order -fileset sources_1
file mkdir C:/Users/15390/Desktop/DD/Mylab/lab6/DispNumber_sch/DispNumber_sch.srcs/sim_1/new
set_property SOURCE_SET sources_1 [get_filesets sim_1]
close [ open C:/Users/15390/Desktop/DD/Mylab/lab6/DispNumber_sch/DispNumber_sch.srcs/sim_1/new/DispNumber_sch_tb.v w ]
add_files -fileset sim_1 C:/Users/15390/Desktop/DD/Mylab/lab6/DispNumber_sch/DispNumber_sch.srcs/sim_1/new/DispNumber_sch_tb.v
update_compile_order -fileset sim_1
update_compile_order -fileset sim_1
launch_simulation
INFO: [Vivado 12-5682] Launching behavioral simulation in 'C:/Users/15390/Desktop/DD/Mylab/lab6/DispNumber_sch/DispNumber_sch.sim/sim_1/behav/xsim'
INFO: [SIM-utils-51] Simulation object is 'sim_1'
INFO: [SIM-utils-54] Inspecting design source files for 'DispNumber_sch_tb' in fileset 'sim_1'...
INFO: [USF-XSim-97] Finding global include files...
INFO: [USF-XSim-98] Fetching design files from 'sim_1'...
INFO: [USF-XSim-2] XSim::Compile design
INFO: [USF-XSim-61] Executing 'COMPILE and ANALYZE' step in 'C:/Users/15390/Desktop/DD/Mylab/lab6/DispNumber_sch/DispNumber_sch.sim/sim_1/behav/xsim'
"xvlog --incr --relax -prj DispNumber_sch_tb_vlog.prj"
INFO: [VRFC 10-2263] Analyzing Verilog file "C:/Users/15390/Desktop/DD/Mylab/lab6/DispNumber_sch/DispNumber_sch.srcs/sources_1/imports/new/AND2.v" into library xil_defaultlib
INFO: [VRFC 10-311] analyzing module AND2
INFO: [VRFC 10-2263] Analyzing Verilog file "C:/Users/15390/Desktop/DD/Mylab/lab6/DispNumber_sch/DispNumber_sch.srcs/sources_1/imports/new/AND3.v" into library xil_defaultlib
INFO: [VRFC 10-311] analyzing module AND3
INFO: [VRFC 10-2263] Analyzing Verilog file "C:/Users/15390/Desktop/DD/Mylab/lab6/DispNumber_sch/DispNumber_sch.srcs/sources_1/imports/new/AND4.v" into library xil_defaultlib
INFO: [VRFC 10-311] analyzing module AND4
INFO: [VRFC 10-2263] Analyzing Verilog file "C:/Users/15390/Desktop/DD/Mylab/lab6/DispNumber_sch/DispNumber_sch.srcs/sources_1/new/DispNumber_sch.v" into library xil_defaultlib
INFO: [VRFC 10-311] analyzing module DispNumber_sch
INFO: [VRFC 10-2263] Analyzing Verilog file "C:/Users/15390/Desktop/DD/Mylab/lab6/DispNumber_sch/DispNumber_sch.srcs/sources_1/imports/new/INV.v" into library xil_defaultlib
INFO: [VRFC 10-311] analyzing module INV
INFO: [VRFC 10-2263] Analyzing Verilog file "C:/Users/15390/Desktop/DD/Mylab/lab6/DispNumber_sch/DispNumber_sch.srcs/sources_1/imports/new/MyMC14495.v" into library xil_defaultlib
INFO: [VRFC 10-311] analyzing module MyMC14495
INFO: [VRFC 10-2263] Analyzing Verilog file "C:/Users/15390/Desktop/DD/Mylab/lab6/DispNumber_sch/DispNumber_sch.srcs/sources_1/imports/new/OR2.v" into library xil_defaultlib
INFO: [VRFC 10-311] analyzing module OR2
INFO: [VRFC 10-2263] Analyzing Verilog file "C:/Users/15390/Desktop/DD/Mylab/lab6/DispNumber_sch/DispNumber_sch.srcs/sources_1/imports/new/OR3.v" into library xil_defaultlib
INFO: [VRFC 10-311] analyzing module OR3
INFO: [VRFC 10-2263] Analyzing Verilog file "C:/Users/15390/Desktop/DD/Mylab/lab6/DispNumber_sch/DispNumber_sch.srcs/sources_1/imports/new/OR4.v" into library xil_defaultlib
INFO: [VRFC 10-311] analyzing module OR4
INFO: [VRFC 10-2263] Analyzing Verilog file "C:/Users/15390/Desktop/DD/Mylab/lab6/DispNumber_sch/DispNumber_sch.srcs/sim_1/new/DispNumber_sch_tb.v" into library xil_defaultlib
INFO: [VRFC 10-311] analyzing module DispNumber_sch_tb
INFO: [VRFC 10-2263] Analyzing Verilog file "C:/Users/15390/Desktop/DD/Mylab/lab6/DispNumber_sch/DispNumber_sch.sim/sim_1/behav/xsim/glbl.v" into library xil_defaultlib
INFO: [VRFC 10-311] analyzing module glbl
INFO: [USF-XSim-69] 'compile' step finished in '2' seconds
INFO: [USF-XSim-3] XSim::Elaborate design
INFO: [USF-XSim-61] Executing 'ELABORATE' step in 'C:/Users/15390/Desktop/DD/Mylab/lab6/DispNumber_sch/DispNumber_sch.sim/sim_1/behav/xsim'
"xelab -wto e8dfac778e3845b3894181b9b742dd70 --incr --debug typical --relax --mt 2 -L xil_defaultlib -L unisims_ver -L unimacro_ver -L secureip --snapshot DispNumber_sch_tb_behav xil_defaultlib.DispNumber_sch_tb xil_defaultlib.glbl -log elaborate.log"
Vivado Simulator 2019.1
Copyright 1986-1999, 2001-2019 Xilinx, Inc. All Rights Reserved.
Running: D:/Xilinx/Vivado/2019.1/bin/unwrapped/win64.o/xelab.exe -wto e8dfac778e3845b3894181b9b742dd70 --incr --debug typical --relax --mt 2 -L xil_defaultlib -L unisims_ver -L unimacro_ver -L secureip --snapshot DispNumber_sch_tb_behav xil_defaultlib.DispNumber_sch_tb xil_defaultlib.glbl -log elaborate.log 
Using 2 slave threads.
Starting static elaboration
Completed static elaboration
Starting simulation data flow analysis
Completed simulation data flow analysis
Time Resolution for simulation is 1ps
Compiling module xil_defaultlib.AND4
Compiling module xil_defaultlib.AND3
Compiling module xil_defaultlib.AND2
Compiling module xil_defaultlib.INV
Compiling module xil_defaultlib.OR4
Compiling module xil_defaultlib.OR3
Compiling module xil_defaultlib.OR2
Compiling module xil_defaultlib.MyMC14495
Compiling module xil_defaultlib.DispNumber_sch
Compiling module xil_defaultlib.DispNumber_sch_tb
Compiling module xil_defaultlib.glbl
Built simulation snapshot DispNumber_sch_tb_behav

****** Webtalk v2019.1 (64-bit)
  **** SW Build 2552052 on Fri May 24 14:49:42 MDT 2019
  **** IP Build 2548770 on Fri May 24 18:01:18 MDT 2019
    ** Copyright 1986-2019 Xilinx, Inc. All Rights Reserved.

source C:/Users/15390/Desktop/DD/Mylab/lab6/DispNumber_sch/DispNumber_sch.sim/sim_1/behav/xsim/xsim.dir/DispNumber_sch_tb_behav/webtalk/xsim_webtalk.tcl -notrace
webtalk_transmit: Time (s): cpu = 00:00:00 ; elapsed = 00:00:06 . Memory (MB): peak = 109.465 ; gain = 17.855
INFO: [Common 17-206] Exiting Webtalk at Wed Nov  8 20:30:14 2023...
run_program: Time (s): cpu = 00:00:00 ; elapsed = 00:00:11 . Memory (MB): peak = 838.570 ; gain = 0.000
INFO: [USF-XSim-69] 'elaborate' step finished in '11' seconds
INFO: [USF-XSim-4] XSim::Simulate design
INFO: [USF-XSim-61] Executing 'SIMULATE' step in 'C:/Users/15390/Desktop/DD/Mylab/lab6/DispNumber_sch/DispNumber_sch.sim/sim_1/behav/xsim'
INFO: [USF-XSim-98] *** Running xsim
   with args "DispNumber_sch_tb_behav -key {Behavioral:sim_1:Functional:DispNumber_sch_tb} -tclbatch {DispNumber_sch_tb.tcl} -log {simulate.log}"
INFO: [USF-XSim-8] Loading simulator feature
Vivado Simulator 2019.1
Time resolution is 1 ps
source DispNumber_sch_tb.tcl
# set curr_wave [current_wave_config]
# if { [string length $curr_wave] == 0 } {
#   if { [llength [get_objects]] > 0} {
#     add_wave /
#     set_property needs_save false [current_wave_config]
#   } else {
#      send_msg_id Add_Wave-1 WARNING "No top level signals found. Simulator will start without a wave window. If you want to open a wave window go to 'File->New Waveform Configuration' or type 'create_wave_config' in the TCL console."
#   }
# }
# run 1000ns
INFO: [USF-XSim-96] XSim completed. Design snapshot 'DispNumber_sch_tb_behav' loaded.
INFO: [USF-XSim-97] XSim simulation ran for 1000ns
launch_simulation: Time (s): cpu = 00:00:03 ; elapsed = 00:00:18 . Memory (MB): peak = 899.977 ; gain = 61.406
close_sim
INFO: [Simtcl 6-16] Simulation closed
close_sim: Time (s): cpu = 00:00:01 ; elapsed = 00:00:09 . Memory (MB): peak = 1025.250 ; gain = 0.000
launch_simulation
INFO: [Vivado 12-5682] Launching behavioral simulation in 'C:/Users/15390/Desktop/DD/Mylab/lab6/DispNumber_sch/DispNumber_sch.sim/sim_1/behav/xsim'
INFO: [SIM-utils-51] Simulation object is 'sim_1'
INFO: [SIM-utils-54] Inspecting design source files for 'DispNumber_sch_tb' in fileset 'sim_1'...
INFO: [USF-XSim-97] Finding global include files...
INFO: [USF-XSim-98] Fetching design files from 'sim_1'...
INFO: [USF-XSim-2] XSim::Compile design
INFO: [USF-XSim-61] Executing 'COMPILE and ANALYZE' step in 'C:/Users/15390/Desktop/DD/Mylab/lab6/DispNumber_sch/DispNumber_sch.sim/sim_1/behav/xsim'
"xvlog --incr --relax -prj DispNumber_sch_tb_vlog.prj"
INFO: [VRFC 10-2263] Analyzing Verilog file "C:/Users/15390/Desktop/DD/Mylab/lab6/DispNumber_sch/DispNumber_sch.srcs/sources_1/imports/new/AND2.v" into library xil_defaultlib
INFO: [VRFC 10-311] analyzing module AND2
INFO: [VRFC 10-2263] Analyzing Verilog file "C:/Users/15390/Desktop/DD/Mylab/lab6/DispNumber_sch/DispNumber_sch.srcs/sources_1/imports/new/AND3.v" into library xil_defaultlib
INFO: [VRFC 10-311] analyzing module AND3
INFO: [VRFC 10-2263] Analyzing Verilog file "C:/Users/15390/Desktop/DD/Mylab/lab6/DispNumber_sch/DispNumber_sch.srcs/sources_1/imports/new/AND4.v" into library xil_defaultlib
INFO: [VRFC 10-311] analyzing module AND4
INFO: [VRFC 10-2263] Analyzing Verilog file "C:/Users/15390/Desktop/DD/Mylab/lab6/DispNumber_sch/DispNumber_sch.srcs/sources_1/new/DispNumber_sch.v" into library xil_defaultlib
INFO: [VRFC 10-311] analyzing module DispNumber_sch
INFO: [VRFC 10-2263] Analyzing Verilog file "C:/Users/15390/Desktop/DD/Mylab/lab6/DispNumber_sch/DispNumber_sch.srcs/sources_1/imports/new/INV.v" into library xil_defaultlib
INFO: [VRFC 10-311] analyzing module INV
INFO: [VRFC 10-2263] Analyzing Verilog file "C:/Users/15390/Desktop/DD/Mylab/lab6/DispNumber_sch/DispNumber_sch.srcs/sources_1/imports/new/MyMC14495.v" into library xil_defaultlib
INFO: [VRFC 10-311] analyzing module MyMC14495
INFO: [VRFC 10-2263] Analyzing Verilog file "C:/Users/15390/Desktop/DD/Mylab/lab6/DispNumber_sch/DispNumber_sch.srcs/sources_1/imports/new/OR2.v" into library xil_defaultlib
INFO: [VRFC 10-311] analyzing module OR2
INFO: [VRFC 10-2263] Analyzing Verilog file "C:/Users/15390/Desktop/DD/Mylab/lab6/DispNumber_sch/DispNumber_sch.srcs/sources_1/imports/new/OR3.v" into library xil_defaultlib
INFO: [VRFC 10-311] analyzing module OR3
INFO: [VRFC 10-2263] Analyzing Verilog file "C:/Users/15390/Desktop/DD/Mylab/lab6/DispNumber_sch/DispNumber_sch.srcs/sources_1/imports/new/OR4.v" into library xil_defaultlib
INFO: [VRFC 10-311] analyzing module OR4
INFO: [VRFC 10-2263] Analyzing Verilog file "C:/Users/15390/Desktop/DD/Mylab/lab6/DispNumber_sch/DispNumber_sch.srcs/sim_1/new/DispNumber_sch_tb.v" into library xil_defaultlib
INFO: [VRFC 10-311] analyzing module DispNumber_sch_tb
INFO: [USF-XSim-69] 'compile' step finished in '3' seconds
INFO: [USF-XSim-3] XSim::Elaborate design
INFO: [USF-XSim-61] Executing 'ELABORATE' step in 'C:/Users/15390/Desktop/DD/Mylab/lab6/DispNumber_sch/DispNumber_sch.sim/sim_1/behav/xsim'
"xelab -wto e8dfac778e3845b3894181b9b742dd70 --incr --debug typical --relax --mt 2 -L xil_defaultlib -L unisims_ver -L unimacro_ver -L secureip --snapshot DispNumber_sch_tb_behav xil_defaultlib.DispNumber_sch_tb xil_defaultlib.glbl -log elaborate.log"
Vivado Simulator 2019.1
Copyright 1986-1999, 2001-2019 Xilinx, Inc. All Rights Reserved.
Running: D:/Xilinx/Vivado/2019.1/bin/unwrapped/win64.o/xelab.exe -wto e8dfac778e3845b3894181b9b742dd70 --incr --debug typical --relax --mt 2 -L xil_defaultlib -L unisims_ver -L unimacro_ver -L secureip --snapshot DispNumber_sch_tb_behav xil_defaultlib.DispNumber_sch_tb xil_defaultlib.glbl -log elaborate.log 
Using 2 slave threads.
Starting static elaboration
Completed static elaboration
Starting simulation data flow analysis
Completed simulation data flow analysis
Time Resolution for simulation is 1ps
Compiling module xil_defaultlib.AND4
Compiling module xil_defaultlib.AND3
Compiling module xil_defaultlib.AND2
Compiling module xil_defaultlib.INV
Compiling module xil_defaultlib.OR4
Compiling module xil_defaultlib.OR3
Compiling module xil_defaultlib.OR2
Compiling module xil_defaultlib.MyMC14495
Compiling module xil_defaultlib.DispNumber_sch
Compiling module xil_defaultlib.DispNumber_sch_tb
Compiling module xil_defaultlib.glbl
Built simulation snapshot DispNumber_sch_tb_behav
INFO: [USF-XSim-69] 'elaborate' step finished in '2' seconds
INFO: [USF-XSim-4] XSim::Simulate design
INFO: [USF-XSim-61] Executing 'SIMULATE' step in 'C:/Users/15390/Desktop/DD/Mylab/lab6/DispNumber_sch/DispNumber_sch.sim/sim_1/behav/xsim'
INFO: [USF-XSim-98] *** Running xsim
   with args "DispNumber_sch_tb_behav -key {Behavioral:sim_1:Functional:DispNumber_sch_tb} -tclbatch {DispNumber_sch_tb.tcl} -log {simulate.log}"
INFO: [USF-XSim-8] Loading simulator feature
Vivado Simulator 2019.1
Time resolution is 1 ps
source DispNumber_sch_tb.tcl
# set curr_wave [current_wave_config]
# if { [string length $curr_wave] == 0 } {
#   if { [llength [get_objects]] > 0} {
#     add_wave /
#     set_property needs_save false [current_wave_config]
#   } else {
#      send_msg_id Add_Wave-1 WARNING "No top level signals found. Simulator will start without a wave window. If you want to open a wave window go to 'File->New Waveform Configuration' or type 'create_wave_config' in the TCL console."
#   }
# }
# run 1000ns
INFO: [USF-XSim-96] XSim completed. Design snapshot 'DispNumber_sch_tb_behav' loaded.
INFO: [USF-XSim-97] XSim simulation ran for 1000ns
launch_simulation: Time (s): cpu = 00:00:01 ; elapsed = 00:00:08 . Memory (MB): peak = 1025.250 ; gain = 0.000
close_sim
INFO: [Simtcl 6-16] Simulation closed
launch_simulation
INFO: [Vivado 12-5682] Launching behavioral simulation in 'C:/Users/15390/Desktop/DD/Mylab/lab6/DispNumber_sch/DispNumber_sch.sim/sim_1/behav/xsim'
INFO: [SIM-utils-51] Simulation object is 'sim_1'
INFO: [SIM-utils-54] Inspecting design source files for 'DispNumber_sch_tb' in fileset 'sim_1'...
INFO: [USF-XSim-97] Finding global include files...
INFO: [USF-XSim-98] Fetching design files from 'sim_1'...
INFO: [USF-XSim-2] XSim::Compile design
INFO: [USF-XSim-61] Executing 'COMPILE and ANALYZE' step in 'C:/Users/15390/Desktop/DD/Mylab/lab6/DispNumber_sch/DispNumber_sch.sim/sim_1/behav/xsim'
"xvlog --incr --relax -prj DispNumber_sch_tb_vlog.prj"
INFO: [VRFC 10-2263] Analyzing Verilog file "C:/Users/15390/Desktop/DD/Mylab/lab6/DispNumber_sch/DispNumber_sch.srcs/sources_1/imports/new/AND2.v" into library xil_defaultlib
INFO: [VRFC 10-311] analyzing module AND2
INFO: [VRFC 10-2263] Analyzing Verilog file "C:/Users/15390/Desktop/DD/Mylab/lab6/DispNumber_sch/DispNumber_sch.srcs/sources_1/imports/new/AND3.v" into library xil_defaultlib
INFO: [VRFC 10-311] analyzing module AND3
INFO: [VRFC 10-2263] Analyzing Verilog file "C:/Users/15390/Desktop/DD/Mylab/lab6/DispNumber_sch/DispNumber_sch.srcs/sources_1/imports/new/AND4.v" into library xil_defaultlib
INFO: [VRFC 10-311] analyzing module AND4
INFO: [VRFC 10-2263] Analyzing Verilog file "C:/Users/15390/Desktop/DD/Mylab/lab6/DispNumber_sch/DispNumber_sch.srcs/sources_1/new/DispNumber_sch.v" into library xil_defaultlib
INFO: [VRFC 10-311] analyzing module DispNumber_sch
INFO: [VRFC 10-2263] Analyzing Verilog file "C:/Users/15390/Desktop/DD/Mylab/lab6/DispNumber_sch/DispNumber_sch.srcs/sources_1/imports/new/INV.v" into library xil_defaultlib
INFO: [VRFC 10-311] analyzing module INV
INFO: [VRFC 10-2263] Analyzing Verilog file "C:/Users/15390/Desktop/DD/Mylab/lab6/DispNumber_sch/DispNumber_sch.srcs/sources_1/imports/new/MyMC14495.v" into library xil_defaultlib
INFO: [VRFC 10-311] analyzing module MyMC14495
INFO: [VRFC 10-2263] Analyzing Verilog file "C:/Users/15390/Desktop/DD/Mylab/lab6/DispNumber_sch/DispNumber_sch.srcs/sources_1/imports/new/OR2.v" into library xil_defaultlib
INFO: [VRFC 10-311] analyzing module OR2
INFO: [VRFC 10-2263] Analyzing Verilog file "C:/Users/15390/Desktop/DD/Mylab/lab6/DispNumber_sch/DispNumber_sch.srcs/sources_1/imports/new/OR3.v" into library xil_defaultlib
INFO: [VRFC 10-311] analyzing module OR3
INFO: [VRFC 10-2263] Analyzing Verilog file "C:/Users/15390/Desktop/DD/Mylab/lab6/DispNumber_sch/DispNumber_sch.srcs/sources_1/imports/new/OR4.v" into library xil_defaultlib
INFO: [VRFC 10-311] analyzing module OR4
INFO: [VRFC 10-2263] Analyzing Verilog file "C:/Users/15390/Desktop/DD/Mylab/lab6/DispNumber_sch/DispNumber_sch.srcs/sim_1/new/DispNumber_sch_tb.v" into library xil_defaultlib
INFO: [VRFC 10-311] analyzing module DispNumber_sch_tb
INFO: [USF-XSim-69] 'compile' step finished in '2' seconds
INFO: [USF-XSim-3] XSim::Elaborate design
INFO: [USF-XSim-61] Executing 'ELABORATE' step in 'C:/Users/15390/Desktop/DD/Mylab/lab6/DispNumber_sch/DispNumber_sch.sim/sim_1/behav/xsim'
"xelab -wto e8dfac778e3845b3894181b9b742dd70 --incr --debug typical --relax --mt 2 -L xil_defaultlib -L unisims_ver -L unimacro_ver -L secureip --snapshot DispNumber_sch_tb_behav xil_defaultlib.DispNumber_sch_tb xil_defaultlib.glbl -log elaborate.log"
Vivado Simulator 2019.1
Copyright 1986-1999, 2001-2019 Xilinx, Inc. All Rights Reserved.
Running: D:/Xilinx/Vivado/2019.1/bin/unwrapped/win64.o/xelab.exe -wto e8dfac778e3845b3894181b9b742dd70 --incr --debug typical --relax --mt 2 -L xil_defaultlib -L unisims_ver -L unimacro_ver -L secureip --snapshot DispNumber_sch_tb_behav xil_defaultlib.DispNumber_sch_tb xil_defaultlib.glbl -log elaborate.log 
Using 2 slave threads.
Starting static elaboration
Completed static elaboration
Starting simulation data flow analysis
Completed simulation data flow analysis
Time Resolution for simulation is 1ps
Compiling module xil_defaultlib.AND4
Compiling module xil_defaultlib.AND3
Compiling module xil_defaultlib.AND2
Compiling module xil_defaultlib.INV
Compiling module xil_defaultlib.OR4
Compiling module xil_defaultlib.OR3
Compiling module xil_defaultlib.OR2
Compiling module xil_defaultlib.MyMC14495
Compiling module xil_defaultlib.DispNumber_sch
Compiling module xil_defaultlib.DispNumber_sch_tb
Compiling module xil_defaultlib.glbl
Built simulation snapshot DispNumber_sch_tb_behav
INFO: [USF-XSim-69] 'elaborate' step finished in '2' seconds
INFO: [USF-XSim-4] XSim::Simulate design
INFO: [USF-XSim-61] Executing 'SIMULATE' step in 'C:/Users/15390/Desktop/DD/Mylab/lab6/DispNumber_sch/DispNumber_sch.sim/sim_1/behav/xsim'
INFO: [USF-XSim-98] *** Running xsim
   with args "DispNumber_sch_tb_behav -key {Behavioral:sim_1:Functional:DispNumber_sch_tb} -tclbatch {DispNumber_sch_tb.tcl} -log {simulate.log}"
INFO: [USF-XSim-8] Loading simulator feature
Vivado Simulator 2019.1
Time resolution is 1 ps
source DispNumber_sch_tb.tcl
# set curr_wave [current_wave_config]
# if { [string length $curr_wave] == 0 } {
#   if { [llength [get_objects]] > 0} {
#     add_wave /
#     set_property needs_save false [current_wave_config]
#   } else {
#      send_msg_id Add_Wave-1 WARNING "No top level signals found. Simulator will start without a wave window. If you want to open a wave window go to 'File->New Waveform Configuration' or type 'create_wave_config' in the TCL console."
#   }
# }
# run 1000ns
INFO: [USF-XSim-96] XSim completed. Design snapshot 'DispNumber_sch_tb_behav' loaded.
INFO: [USF-XSim-97] XSim simulation ran for 1000ns
launch_simulation: Time (s): cpu = 00:00:01 ; elapsed = 00:00:09 . Memory (MB): peak = 1025.250 ; gain = 0.000
close_sim
INFO: [Simtcl 6-16] Simulation closed
launch_simulation
INFO: [Vivado 12-5682] Launching behavioral simulation in 'C:/Users/15390/Desktop/DD/Mylab/lab6/DispNumber_sch/DispNumber_sch.sim/sim_1/behav/xsim'
INFO: [SIM-utils-51] Simulation object is 'sim_1'
INFO: [SIM-utils-54] Inspecting design source files for 'DispNumber_sch_tb' in fileset 'sim_1'...
INFO: [USF-XSim-97] Finding global include files...
INFO: [USF-XSim-98] Fetching design files from 'sim_1'...
INFO: [USF-XSim-2] XSim::Compile design
INFO: [USF-XSim-61] Executing 'COMPILE and ANALYZE' step in 'C:/Users/15390/Desktop/DD/Mylab/lab6/DispNumber_sch/DispNumber_sch.sim/sim_1/behav/xsim'
"xvlog --incr --relax -prj DispNumber_sch_tb_vlog.prj"
INFO: [VRFC 10-2263] Analyzing Verilog file "C:/Users/15390/Desktop/DD/Mylab/lab6/DispNumber_sch/DispNumber_sch.srcs/sources_1/imports/new/AND2.v" into library xil_defaultlib
INFO: [VRFC 10-311] analyzing module AND2
INFO: [VRFC 10-2263] Analyzing Verilog file "C:/Users/15390/Desktop/DD/Mylab/lab6/DispNumber_sch/DispNumber_sch.srcs/sources_1/imports/new/AND3.v" into library xil_defaultlib
INFO: [VRFC 10-311] analyzing module AND3
INFO: [VRFC 10-2263] Analyzing Verilog file "C:/Users/15390/Desktop/DD/Mylab/lab6/DispNumber_sch/DispNumber_sch.srcs/sources_1/imports/new/AND4.v" into library xil_defaultlib
INFO: [VRFC 10-311] analyzing module AND4
INFO: [VRFC 10-2263] Analyzing Verilog file "C:/Users/15390/Desktop/DD/Mylab/lab6/DispNumber_sch/DispNumber_sch.srcs/sources_1/new/DispNumber_sch.v" into library xil_defaultlib
INFO: [VRFC 10-311] analyzing module DispNumber_sch
INFO: [VRFC 10-2263] Analyzing Verilog file "C:/Users/15390/Desktop/DD/Mylab/lab6/DispNumber_sch/DispNumber_sch.srcs/sources_1/imports/new/INV.v" into library xil_defaultlib
INFO: [VRFC 10-311] analyzing module INV
INFO: [VRFC 10-2263] Analyzing Verilog file "C:/Users/15390/Desktop/DD/Mylab/lab6/DispNumber_sch/DispNumber_sch.srcs/sources_1/imports/new/MyMC14495.v" into library xil_defaultlib
INFO: [VRFC 10-311] analyzing module MyMC14495
INFO: [VRFC 10-2263] Analyzing Verilog file "C:/Users/15390/Desktop/DD/Mylab/lab6/DispNumber_sch/DispNumber_sch.srcs/sources_1/imports/new/OR2.v" into library xil_defaultlib
INFO: [VRFC 10-311] analyzing module OR2
INFO: [VRFC 10-2263] Analyzing Verilog file "C:/Users/15390/Desktop/DD/Mylab/lab6/DispNumber_sch/DispNumber_sch.srcs/sources_1/imports/new/OR3.v" into library xil_defaultlib
INFO: [VRFC 10-311] analyzing module OR3
INFO: [VRFC 10-2263] Analyzing Verilog file "C:/Users/15390/Desktop/DD/Mylab/lab6/DispNumber_sch/DispNumber_sch.srcs/sources_1/imports/new/OR4.v" into library xil_defaultlib
INFO: [VRFC 10-311] analyzing module OR4
INFO: [VRFC 10-2263] Analyzing Verilog file "C:/Users/15390/Desktop/DD/Mylab/lab6/DispNumber_sch/DispNumber_sch.srcs/sim_1/new/DispNumber_sch_tb.v" into library xil_defaultlib
INFO: [VRFC 10-311] analyzing module DispNumber_sch_tb
INFO: [USF-XSim-69] 'compile' step finished in '2' seconds
INFO: [USF-XSim-3] XSim::Elaborate design
INFO: [USF-XSim-61] Executing 'ELABORATE' step in 'C:/Users/15390/Desktop/DD/Mylab/lab6/DispNumber_sch/DispNumber_sch.sim/sim_1/behav/xsim'
"xelab -wto e8dfac778e3845b3894181b9b742dd70 --incr --debug typical --relax --mt 2 -L xil_defaultlib -L unisims_ver -L unimacro_ver -L secureip --snapshot DispNumber_sch_tb_behav xil_defaultlib.DispNumber_sch_tb xil_defaultlib.glbl -log elaborate.log"
Vivado Simulator 2019.1
Copyright 1986-1999, 2001-2019 Xilinx, Inc. All Rights Reserved.
Running: D:/Xilinx/Vivado/2019.1/bin/unwrapped/win64.o/xelab.exe -wto e8dfac778e3845b3894181b9b742dd70 --incr --debug typical --relax --mt 2 -L xil_defaultlib -L unisims_ver -L unimacro_ver -L secureip --snapshot DispNumber_sch_tb_behav xil_defaultlib.DispNumber_sch_tb xil_defaultlib.glbl -log elaborate.log 
Using 2 slave threads.
Starting static elaboration
Completed static elaboration
Starting simulation data flow analysis
Completed simulation data flow analysis
Time Resolution for simulation is 1ps
Compiling module xil_defaultlib.AND4
Compiling module xil_defaultlib.AND3
Compiling module xil_defaultlib.AND2
Compiling module xil_defaultlib.INV
Compiling module xil_defaultlib.OR4
Compiling module xil_defaultlib.OR3
Compiling module xil_defaultlib.OR2
Compiling module xil_defaultlib.MyMC14495
Compiling module xil_defaultlib.DispNumber_sch
Compiling module xil_defaultlib.DispNumber_sch_tb
Compiling module xil_defaultlib.glbl
Built simulation snapshot DispNumber_sch_tb_behav
INFO: [USF-XSim-69] 'elaborate' step finished in '2' seconds
INFO: [USF-XSim-4] XSim::Simulate design
INFO: [USF-XSim-61] Executing 'SIMULATE' step in 'C:/Users/15390/Desktop/DD/Mylab/lab6/DispNumber_sch/DispNumber_sch.sim/sim_1/behav/xsim'
INFO: [USF-XSim-98] *** Running xsim
   with args "DispNumber_sch_tb_behav -key {Behavioral:sim_1:Functional:DispNumber_sch_tb} -tclbatch {DispNumber_sch_tb.tcl} -log {simulate.log}"
INFO: [USF-XSim-8] Loading simulator feature
Vivado Simulator 2019.1
Time resolution is 1 ps
source DispNumber_sch_tb.tcl
# set curr_wave [current_wave_config]
# if { [string length $curr_wave] == 0 } {
#   if { [llength [get_objects]] > 0} {
#     add_wave /
#     set_property needs_save false [current_wave_config]
#   } else {
#      send_msg_id Add_Wave-1 WARNING "No top level signals found. Simulator will start without a wave window. If you want to open a wave window go to 'File->New Waveform Configuration' or type 'create_wave_config' in the TCL console."
#   }
# }
# run 1000ns
INFO: [USF-XSim-96] XSim completed. Design snapshot 'DispNumber_sch_tb_behav' loaded.
INFO: [USF-XSim-97] XSim simulation ran for 1000ns
launch_simulation: Time (s): cpu = 00:00:01 ; elapsed = 00:00:08 . Memory (MB): peak = 1025.250 ; gain = 0.000
launch_simulation -mode post-synthesis -type functional
INFO: [Vivado 12-5682] Launching post-synthesis functional simulation in 'C:/Users/15390/Desktop/DD/Mylab/lab6/DispNumber_sch/DispNumber_sch.sim/sim_1/synth/func/xsim'
INFO: [SIM-utils-51] Simulation object is 'sim_1'
Design is defaulting to impl run constrset: constrs_1
Design is defaulting to synth run part: xc7k160tffg676-2L
INFO: [Device 21-403] Loading part xc7k160tffg676-2L
INFO: [Common 17-41] Interrupt caught. Command should exit soon.
INFO: [Project 1-479] Netlist was created with Vivado 2019.1
open_run: Time (s): cpu = 00:00:05 ; elapsed = 00:00:07 . Memory (MB): peak = 1193.543 ; gain = 168.293
INFO: [Common 17-344] 'open_run' was cancelled
INFO: [Vivado 12-5357] 'setup' step aborted
launch_simulation: Time (s): cpu = 00:00:05 ; elapsed = 00:00:07 . Memory (MB): peak = 1193.543 ; gain = 168.293
INFO: [Common 17-344] 'launch_simulation' was cancelled
close_sim
INFO: [Simtcl 6-16] Simulation closed
launch_simulation
INFO: [Vivado 12-5682] Launching behavioral simulation in 'C:/Users/15390/Desktop/DD/Mylab/lab6/DispNumber_sch/DispNumber_sch.sim/sim_1/behav/xsim'
INFO: [SIM-utils-51] Simulation object is 'sim_1'
INFO: [SIM-utils-54] Inspecting design source files for 'DispNumber_sch_tb' in fileset 'sim_1'...
INFO: [USF-XSim-97] Finding global include files...
INFO: [USF-XSim-98] Fetching design files from 'sim_1'...
INFO: [USF-XSim-2] XSim::Compile design
INFO: [USF-XSim-61] Executing 'COMPILE and ANALYZE' step in 'C:/Users/15390/Desktop/DD/Mylab/lab6/DispNumber_sch/DispNumber_sch.sim/sim_1/behav/xsim'
"xvlog --incr --relax -prj DispNumber_sch_tb_vlog.prj"
INFO: [VRFC 10-2263] Analyzing Verilog file "C:/Users/15390/Desktop/DD/Mylab/lab6/DispNumber_sch/DispNumber_sch.srcs/sources_1/imports/new/AND2.v" into library xil_defaultlib
INFO: [VRFC 10-311] analyzing module AND2
INFO: [VRFC 10-2263] Analyzing Verilog file "C:/Users/15390/Desktop/DD/Mylab/lab6/DispNumber_sch/DispNumber_sch.srcs/sources_1/imports/new/AND3.v" into library xil_defaultlib
INFO: [VRFC 10-311] analyzing module AND3
INFO: [VRFC 10-2263] Analyzing Verilog file "C:/Users/15390/Desktop/DD/Mylab/lab6/DispNumber_sch/DispNumber_sch.srcs/sources_1/imports/new/AND4.v" into library xil_defaultlib
INFO: [VRFC 10-311] analyzing module AND4
INFO: [VRFC 10-2263] Analyzing Verilog file "C:/Users/15390/Desktop/DD/Mylab/lab6/DispNumber_sch/DispNumber_sch.srcs/sources_1/new/DispNumber_sch.v" into library xil_defaultlib
INFO: [VRFC 10-311] analyzing module DispNumber_sch
INFO: [VRFC 10-2263] Analyzing Verilog file "C:/Users/15390/Desktop/DD/Mylab/lab6/DispNumber_sch/DispNumber_sch.srcs/sources_1/imports/new/INV.v" into library xil_defaultlib
INFO: [VRFC 10-311] analyzing module INV
INFO: [VRFC 10-2263] Analyzing Verilog file "C:/Users/15390/Desktop/DD/Mylab/lab6/DispNumber_sch/DispNumber_sch.srcs/sources_1/imports/new/MyMC14495.v" into library xil_defaultlib
INFO: [VRFC 10-311] analyzing module MyMC14495
INFO: [VRFC 10-2263] Analyzing Verilog file "C:/Users/15390/Desktop/DD/Mylab/lab6/DispNumber_sch/DispNumber_sch.srcs/sources_1/imports/new/OR2.v" into library xil_defaultlib
INFO: [VRFC 10-311] analyzing module OR2
INFO: [VRFC 10-2263] Analyzing Verilog file "C:/Users/15390/Desktop/DD/Mylab/lab6/DispNumber_sch/DispNumber_sch.srcs/sources_1/imports/new/OR3.v" into library xil_defaultlib
INFO: [VRFC 10-311] analyzing module OR3
INFO: [VRFC 10-2263] Analyzing Verilog file "C:/Users/15390/Desktop/DD/Mylab/lab6/DispNumber_sch/DispNumber_sch.srcs/sources_1/imports/new/OR4.v" into library xil_defaultlib
INFO: [VRFC 10-311] analyzing module OR4
INFO: [VRFC 10-2263] Analyzing Verilog file "C:/Users/15390/Desktop/DD/Mylab/lab6/DispNumber_sch/DispNumber_sch.srcs/sim_1/new/DispNumber_sch_tb.v" into library xil_defaultlib
INFO: [VRFC 10-311] analyzing module DispNumber_sch_tb
INFO: [USF-XSim-69] 'compile' step finished in '2' seconds
INFO: [USF-XSim-3] XSim::Elaborate design
INFO: [USF-XSim-61] Executing 'ELABORATE' step in 'C:/Users/15390/Desktop/DD/Mylab/lab6/DispNumber_sch/DispNumber_sch.sim/sim_1/behav/xsim'
"xelab -wto e8dfac778e3845b3894181b9b742dd70 --incr --debug typical --relax --mt 2 -L xil_defaultlib -L unisims_ver -L unimacro_ver -L secureip --snapshot DispNumber_sch_tb_behav xil_defaultlib.DispNumber_sch_tb xil_defaultlib.glbl -log elaborate.log"
Vivado Simulator 2019.1
Copyright 1986-1999, 2001-2019 Xilinx, Inc. All Rights Reserved.
Running: D:/Xilinx/Vivado/2019.1/bin/unwrapped/win64.o/xelab.exe -wto e8dfac778e3845b3894181b9b742dd70 --incr --debug typical --relax --mt 2 -L xil_defaultlib -L unisims_ver -L unimacro_ver -L secureip --snapshot DispNumber_sch_tb_behav xil_defaultlib.DispNumber_sch_tb xil_defaultlib.glbl -log elaborate.log 
Using 2 slave threads.
Starting static elaboration
Completed static elaboration
Starting simulation data flow analysis
Completed simulation data flow analysis
Time Resolution for simulation is 1ps
Compiling module xil_defaultlib.AND4
Compiling module xil_defaultlib.AND3
Compiling module xil_defaultlib.AND2
Compiling module xil_defaultlib.INV
Compiling module xil_defaultlib.OR4
Compiling module xil_defaultlib.OR3
Compiling module xil_defaultlib.OR2
Compiling module xil_defaultlib.MyMC14495
Compiling module xil_defaultlib.DispNumber_sch
Compiling module xil_defaultlib.DispNumber_sch_tb
Compiling module xil_defaultlib.glbl
Built simulation snapshot DispNumber_sch_tb_behav
INFO: [USF-XSim-69] 'elaborate' step finished in '2' seconds
INFO: [USF-XSim-4] XSim::Simulate design
INFO: [USF-XSim-61] Executing 'SIMULATE' step in 'C:/Users/15390/Desktop/DD/Mylab/lab6/DispNumber_sch/DispNumber_sch.sim/sim_1/behav/xsim'
INFO: [USF-XSim-98] *** Running xsim
   with args "DispNumber_sch_tb_behav -key {Behavioral:sim_1:Functional:DispNumber_sch_tb} -tclbatch {DispNumber_sch_tb.tcl} -log {simulate.log}"
INFO: [USF-XSim-8] Loading simulator feature
Vivado Simulator 2019.1
Time resolution is 1 ps
source DispNumber_sch_tb.tcl
# set curr_wave [current_wave_config]
# if { [string length $curr_wave] == 0 } {
#   if { [llength [get_objects]] > 0} {
#     add_wave /
#     set_property needs_save false [current_wave_config]
#   } else {
#      send_msg_id Add_Wave-1 WARNING "No top level signals found. Simulator will start without a wave window. If you want to open a wave window go to 'File->New Waveform Configuration' or type 'create_wave_config' in the TCL console."
#   }
# }
# run 1000ns
INFO: [USF-XSim-96] XSim completed. Design snapshot 'DispNumber_sch_tb_behav' loaded.
INFO: [USF-XSim-97] XSim simulation ran for 1000ns
launch_simulation: Time (s): cpu = 00:00:01 ; elapsed = 00:00:07 . Memory (MB): peak = 1193.543 ; gain = 0.000
close_sim
INFO: [Simtcl 6-16] Simulation closed
launch_simulation
INFO: [Vivado 12-5682] Launching behavioral simulation in 'C:/Users/15390/Desktop/DD/Mylab/lab6/DispNumber_sch/DispNumber_sch.sim/sim_1/behav/xsim'
INFO: [SIM-utils-51] Simulation object is 'sim_1'
INFO: [SIM-utils-54] Inspecting design source files for 'DispNumber_sch_tb' in fileset 'sim_1'...
INFO: [USF-XSim-97] Finding global include files...
INFO: [USF-XSim-98] Fetching design files from 'sim_1'...
INFO: [USF-XSim-2] XSim::Compile design
INFO: [USF-XSim-61] Executing 'COMPILE and ANALYZE' step in 'C:/Users/15390/Desktop/DD/Mylab/lab6/DispNumber_sch/DispNumber_sch.sim/sim_1/behav/xsim'
"xvlog --incr --relax -prj DispNumber_sch_tb_vlog.prj"
INFO: [VRFC 10-2263] Analyzing Verilog file "C:/Users/15390/Desktop/DD/Mylab/lab6/DispNumber_sch/DispNumber_sch.srcs/sources_1/imports/new/AND2.v" into library xil_defaultlib
INFO: [VRFC 10-311] analyzing module AND2
INFO: [VRFC 10-2263] Analyzing Verilog file "C:/Users/15390/Desktop/DD/Mylab/lab6/DispNumber_sch/DispNumber_sch.srcs/sources_1/imports/new/AND3.v" into library xil_defaultlib
INFO: [VRFC 10-311] analyzing module AND3
INFO: [VRFC 10-2263] Analyzing Verilog file "C:/Users/15390/Desktop/DD/Mylab/lab6/DispNumber_sch/DispNumber_sch.srcs/sources_1/imports/new/AND4.v" into library xil_defaultlib
INFO: [VRFC 10-311] analyzing module AND4
INFO: [VRFC 10-2263] Analyzing Verilog file "C:/Users/15390/Desktop/DD/Mylab/lab6/DispNumber_sch/DispNumber_sch.srcs/sources_1/new/DispNumber_sch.v" into library xil_defaultlib
INFO: [VRFC 10-311] analyzing module DispNumber_sch
INFO: [VRFC 10-2263] Analyzing Verilog file "C:/Users/15390/Desktop/DD/Mylab/lab6/DispNumber_sch/DispNumber_sch.srcs/sources_1/imports/new/INV.v" into library xil_defaultlib
INFO: [VRFC 10-311] analyzing module INV
INFO: [VRFC 10-2263] Analyzing Verilog file "C:/Users/15390/Desktop/DD/Mylab/lab6/DispNumber_sch/DispNumber_sch.srcs/sources_1/imports/new/MyMC14495.v" into library xil_defaultlib
INFO: [VRFC 10-311] analyzing module MyMC14495
INFO: [VRFC 10-2263] Analyzing Verilog file "C:/Users/15390/Desktop/DD/Mylab/lab6/DispNumber_sch/DispNumber_sch.srcs/sources_1/imports/new/OR2.v" into library xil_defaultlib
INFO: [VRFC 10-311] analyzing module OR2
INFO: [VRFC 10-2263] Analyzing Verilog file "C:/Users/15390/Desktop/DD/Mylab/lab6/DispNumber_sch/DispNumber_sch.srcs/sources_1/imports/new/OR3.v" into library xil_defaultlib
INFO: [VRFC 10-311] analyzing module OR3
INFO: [VRFC 10-2263] Analyzing Verilog file "C:/Users/15390/Desktop/DD/Mylab/lab6/DispNumber_sch/DispNumber_sch.srcs/sources_1/imports/new/OR4.v" into library xil_defaultlib
INFO: [VRFC 10-311] analyzing module OR4
INFO: [VRFC 10-2263] Analyzing Verilog file "C:/Users/15390/Desktop/DD/Mylab/lab6/DispNumber_sch/DispNumber_sch.srcs/sim_1/new/DispNumber_sch_tb.v" into library xil_defaultlib
INFO: [VRFC 10-311] analyzing module DispNumber_sch_tb
INFO: [USF-XSim-69] 'compile' step finished in '1' seconds
INFO: [USF-XSim-3] XSim::Elaborate design
INFO: [USF-XSim-61] Executing 'ELABORATE' step in 'C:/Users/15390/Desktop/DD/Mylab/lab6/DispNumber_sch/DispNumber_sch.sim/sim_1/behav/xsim'
"xelab -wto e8dfac778e3845b3894181b9b742dd70 --incr --debug typical --relax --mt 2 -L xil_defaultlib -L unisims_ver -L unimacro_ver -L secureip --snapshot DispNumber_sch_tb_behav xil_defaultlib.DispNumber_sch_tb xil_defaultlib.glbl -log elaborate.log"
Vivado Simulator 2019.1
Copyright 1986-1999, 2001-2019 Xilinx, Inc. All Rights Reserved.
Running: D:/Xilinx/Vivado/2019.1/bin/unwrapped/win64.o/xelab.exe -wto e8dfac778e3845b3894181b9b742dd70 --incr --debug typical --relax --mt 2 -L xil_defaultlib -L unisims_ver -L unimacro_ver -L secureip --snapshot DispNumber_sch_tb_behav xil_defaultlib.DispNumber_sch_tb xil_defaultlib.glbl -log elaborate.log 
Using 2 slave threads.
Starting static elaboration
Completed static elaboration
Starting simulation data flow analysis
Completed simulation data flow analysis
Time Resolution for simulation is 1ps
Compiling module xil_defaultlib.AND4
Compiling module xil_defaultlib.AND3
Compiling module xil_defaultlib.AND2
Compiling module xil_defaultlib.INV
Compiling module xil_defaultlib.OR4
Compiling module xil_defaultlib.OR3
Compiling module xil_defaultlib.OR2
Compiling module xil_defaultlib.MyMC14495
Compiling module xil_defaultlib.DispNumber_sch
Compiling module xil_defaultlib.DispNumber_sch_tb
Compiling module xil_defaultlib.glbl
Built simulation snapshot DispNumber_sch_tb_behav
INFO: [USF-XSim-69] 'elaborate' step finished in '3' seconds
INFO: [USF-XSim-4] XSim::Simulate design
INFO: [USF-XSim-61] Executing 'SIMULATE' step in 'C:/Users/15390/Desktop/DD/Mylab/lab6/DispNumber_sch/DispNumber_sch.sim/sim_1/behav/xsim'
INFO: [USF-XSim-98] *** Running xsim
   with args "DispNumber_sch_tb_behav -key {Behavioral:sim_1:Functional:DispNumber_sch_tb} -tclbatch {DispNumber_sch_tb.tcl} -log {simulate.log}"
INFO: [USF-XSim-8] Loading simulator feature
Vivado Simulator 2019.1
Time resolution is 1 ps
source DispNumber_sch_tb.tcl
# set curr_wave [current_wave_config]
# if { [string length $curr_wave] == 0 } {
#   if { [llength [get_objects]] > 0} {
#     add_wave /
#     set_property needs_save false [current_wave_config]
#   } else {
#      send_msg_id Add_Wave-1 WARNING "No top level signals found. Simulator will start without a wave window. If you want to open a wave window go to 'File->New Waveform Configuration' or type 'create_wave_config' in the TCL console."
#   }
# }
# run 1000ns
INFO: [USF-XSim-96] XSim completed. Design snapshot 'DispNumber_sch_tb_behav' loaded.
INFO: [USF-XSim-97] XSim simulation ran for 1000ns
launch_simulation: Time (s): cpu = 00:00:01 ; elapsed = 00:00:07 . Memory (MB): peak = 1710.805 ; gain = 0.000
relaunch_sim
INFO: [Vivado 12-5682] Launching behavioral simulation in 'C:/Users/15390/Desktop/DD/Mylab/lab6/DispNumber_sch/DispNumber_sch.sim/sim_1/behav/xsim'
INFO: [SIM-utils-51] Simulation object is 'sim_1'
INFO: [SIM-utils-54] Inspecting design source files for 'DispNumber_sch_tb' in fileset 'sim_1'...
INFO: [USF-XSim-97] Finding global include files...
INFO: [USF-XSim-98] Fetching design files from 'sim_1'...
INFO: [USF-XSim-2] XSim::Compile design
INFO: [USF-XSim-61] Executing 'COMPILE and ANALYZE' step in 'C:/Users/15390/Desktop/DD/Mylab/lab6/DispNumber_sch/DispNumber_sch.sim/sim_1/behav/xsim'
"xvlog --incr --relax -prj DispNumber_sch_tb_vlog.prj"
INFO: [USF-XSim-69] 'compile' step finished in '2' seconds
INFO: [Vivado 12-5682] Launching behavioral simulation in 'C:/Users/15390/Desktop/DD/Mylab/lab6/DispNumber_sch/DispNumber_sch.sim/sim_1/behav/xsim'
INFO: [USF-XSim-3] XSim::Elaborate design
INFO: [USF-XSim-61] Executing 'ELABORATE' step in 'C:/Users/15390/Desktop/DD/Mylab/lab6/DispNumber_sch/DispNumber_sch.sim/sim_1/behav/xsim'
"xelab -wto e8dfac778e3845b3894181b9b742dd70 --incr --debug typical --relax --mt 2 -L xil_defaultlib -L unisims_ver -L unimacro_ver -L secureip --snapshot DispNumber_sch_tb_behav xil_defaultlib.DispNumber_sch_tb xil_defaultlib.glbl -log elaborate.log"
Vivado Simulator 2019.1
Copyright 1986-1999, 2001-2019 Xilinx, Inc. All Rights Reserved.
Running: D:/Xilinx/Vivado/2019.1/bin/unwrapped/win64.o/xelab.exe -wto e8dfac778e3845b3894181b9b742dd70 --incr --debug typical --relax --mt 2 -L xil_defaultlib -L unisims_ver -L unimacro_ver -L secureip --snapshot DispNumber_sch_tb_behav xil_defaultlib.DispNumber_sch_tb xil_defaultlib.glbl -log elaborate.log 
Using 2 slave threads.
Starting static elaboration
Completed static elaboration
INFO: [XSIM 43-4323] No Change in HDL. Linking previously generated obj files to create kernel
INFO: [USF-XSim-69] 'elaborate' step finished in '2' seconds
Vivado Simulator 2019.1
Time resolution is 1 ps
relaunch_sim: Time (s): cpu = 00:00:01 ; elapsed = 00:00:08 . Memory (MB): peak = 1710.805 ; gain = 0.000
relaunch_sim
INFO: [Vivado 12-5682] Launching behavioral simulation in 'C:/Users/15390/Desktop/DD/Mylab/lab6/DispNumber_sch/DispNumber_sch.sim/sim_1/behav/xsim'
INFO: [SIM-utils-51] Simulation object is 'sim_1'
INFO: [SIM-utils-54] Inspecting design source files for 'DispNumber_sch_tb' in fileset 'sim_1'...
INFO: [USF-XSim-97] Finding global include files...
INFO: [USF-XSim-98] Fetching design files from 'sim_1'...
INFO: [USF-XSim-2] XSim::Compile design
INFO: [USF-XSim-61] Executing 'COMPILE and ANALYZE' step in 'C:/Users/15390/Desktop/DD/Mylab/lab6/DispNumber_sch/DispNumber_sch.sim/sim_1/behav/xsim'
"xvlog --incr --relax -prj DispNumber_sch_tb_vlog.prj"
INFO: [USF-XSim-69] 'compile' step finished in '2' seconds
INFO: [Vivado 12-5682] Launching behavioral simulation in 'C:/Users/15390/Desktop/DD/Mylab/lab6/DispNumber_sch/DispNumber_sch.sim/sim_1/behav/xsim'
INFO: [USF-XSim-3] XSim::Elaborate design
INFO: [USF-XSim-61] Executing 'ELABORATE' step in 'C:/Users/15390/Desktop/DD/Mylab/lab6/DispNumber_sch/DispNumber_sch.sim/sim_1/behav/xsim'
"xelab -wto e8dfac778e3845b3894181b9b742dd70 --incr --debug typical --relax --mt 2 -L xil_defaultlib -L unisims_ver -L unimacro_ver -L secureip --snapshot DispNumber_sch_tb_behav xil_defaultlib.DispNumber_sch_tb xil_defaultlib.glbl -log elaborate.log"
Vivado Simulator 2019.1
Copyright 1986-1999, 2001-2019 Xilinx, Inc. All Rights Reserved.
Running: D:/Xilinx/Vivado/2019.1/bin/unwrapped/win64.o/xelab.exe -wto e8dfac778e3845b3894181b9b742dd70 --incr --debug typical --relax --mt 2 -L xil_defaultlib -L unisims_ver -L unimacro_ver -L secureip --snapshot DispNumber_sch_tb_behav xil_defaultlib.DispNumber_sch_tb xil_defaultlib.glbl -log elaborate.log 
Using 2 slave threads.
Starting static elaboration
Completed static elaboration
INFO: [XSIM 43-4323] No Change in HDL. Linking previously generated obj files to create kernel
INFO: [USF-XSim-69] 'elaborate' step finished in '2' seconds
Vivado Simulator 2019.1
Time resolution is 1 ps
relaunch_sim: Time (s): cpu = 00:00:00 ; elapsed = 00:00:07 . Memory (MB): peak = 1710.805 ; gain = 0.000
close_sim
INFO: [Simtcl 6-16] Simulation closed
exit
INFO: [Common 17-206] Exiting Vivado at Wed Nov  8 21:53:40 2023...
