#-----------------------------------------------------------
# Vivado v2019.1 (64-bit)
# SW Build 2552052 on Fri May 24 14:49:42 MDT 2019
# IP Build 2548770 on Fri May 24 18:01:18 MDT 2019
# Start of session at: Wed Dec 27 15:56:57 2023
# Process ID: 26856
# Current directory: C:/Users/15390/Desktop/DD/Mylab/lab11/MyALUTrans
# Command line: vivado.exe -gui_launcher_event rodinguilauncherevent81852 C:\Users\15390\Desktop\DD\Mylab\lab11\MyALUTrans\MyALUTrans.xpr
# Log file: C:/Users/15390/Desktop/DD/Mylab/lab11/MyALUTrans/vivado.log
# Journal file: C:/Users/15390/Desktop/DD/Mylab/lab11/MyALUTrans\vivado.jou
#-----------------------------------------------------------
start_gui
open_project C:/Users/15390/Desktop/DD/Mylab/lab11/MyALUTrans/MyALUTrans.xpr
Scanning sources...
Finished scanning sources
INFO: [IP_Flow 19-234] Refreshing IP repositories
INFO: [IP_Flow 19-1704] No user IP repositories specified
INFO: [IP_Flow 19-2313] Loaded Vivado IP repository 'D:/Xilinx/Vivado/2019.1/data/ip'.
open_project: Time (s): cpu = 00:00:06 ; elapsed = 00:00:08 . Memory (MB): peak = 780.344 ; gain = 82.207
update_compile_order -fileset sources_1
reset_run synth_1
exit
INFO: [Common 17-206] Exiting Vivado at Wed Dec 27 17:37:19 2023...
