#-----------------------------------------------------------
# Vivado v2019.1 (64-bit)
# SW Build 2552052 on Fri May 24 14:49:42 MDT 2019
# IP Build 2548770 on Fri May 24 18:01:18 MDT 2019
# Start of session at: Thu Dec 28 12:05:19 2023
# Process ID: 80996
# Current directory: C:/Users/15390/Desktop/DD/Mylab/lab11/MyALUTrans
# Command line: vivado.exe -gui_launcher_event rodinguilauncherevent19944 C:\Users\15390\Desktop\DD\Mylab\lab11\MyALUTrans\MyALUTrans.xpr
# Log file: C:/Users/15390/Desktop/DD/Mylab/lab11/MyALUTrans/vivado.log
# Journal file: C:/Users/15390/Desktop/DD/Mylab/lab11/MyALUTrans\vivado.jou
#-----------------------------------------------------------
start_gui
open_project C:/Users/15390/Desktop/DD/Mylab/lab11/MyALUTrans/MyALUTrans.xpr
Scanning sources...
Finished scanning sources
INFO: [IP_Flow 19-234] Refreshing IP repositories
INFO: [IP_Flow 19-1704] No user IP repositories specified
INFO: [IP_Flow 19-2313] Loaded Vivado IP repository 'D:/Xilinx/Vivado/2019.1/data/ip'.
open_project: Time (s): cpu = 00:00:05 ; elapsed = 00:00:07 . Memory (MB): peak = 749.543 ; gain = 74.590
update_compile_order -fileset sources_1
exit
INFO: [Common 17-206] Exiting Vivado at Thu Dec 28 12:24:44 2023...
