#-----------------------------------------------------------
# Vivado v2019.1 (64-bit)
# SW Build 2552052 on Fri May 24 14:49:42 MDT 2019
# IP Build 2548770 on Fri May 24 18:01:18 MDT 2019
# Start of session at: Wed Nov  1 15:51:29 2023
# Process ID: 17868
# Current directory: C:/Users/15390/Desktop/DD/Mylab/lab5/LampCtrl
# Command line: vivado.exe -gui_launcher_event rodinguilauncherevent42316 C:\Users\15390\Desktop\DD\Mylab\lab5\LampCtrl\LampCtrl.xpr
# Log file: C:/Users/15390/Desktop/DD/Mylab/lab5/LampCtrl/vivado.log
# Journal file: C:/Users/15390/Desktop/DD/Mylab/lab5/LampCtrl\vivado.jou
#-----------------------------------------------------------
start_gui
open_project C:/Users/15390/Desktop/DD/Mylab/lab5/LampCtrl/LampCtrl.xpr
Scanning sources...
Finished scanning sources
INFO: [IP_Flow 19-234] Refreshing IP repositories
INFO: [IP_Flow 19-1704] No user IP repositories specified
INFO: [IP_Flow 19-2313] Loaded Vivado IP repository 'D:/Xilinx/Vivado/2019.1/data/ip'.
open_project: Time (s): cpu = 00:00:03 ; elapsed = 00:00:06 . Memory (MB): peak = 785.562 ; gain = 116.355
update_compile_order -fileset sources_1
reset_run synth_1
launch_runs impl_1 -to_step write_bitstream -jobs 8
[Wed Nov  1 16:19:21 2023] Launched synth_1...
Run output will be captured here: C:/Users/15390/Desktop/DD/Mylab/lab5/LampCtrl/LampCtrl.runs/synth_1/runme.log
[Wed Nov  1 16:19:21 2023] Launched impl_1...
Run output will be captured here: C:/Users/15390/Desktop/DD/Mylab/lab5/LampCtrl/LampCtrl.runs/impl_1/runme.log
open_run impl_1
INFO: [Device 21-403] Loading part xc7k160tffg676-2L
INFO: [Project 1-479] Netlist was created with Vivado 2019.1
INFO: [Project 1-570] Preparing netlist for logic optimization
INFO: [Timing 38-478] Restoring timing data from binary archive.
INFO: [Timing 38-479] Binary timing data restore complete.
INFO: [Project 1-856] Restoring constraints from binary archive.
INFO: [Project 1-853] Binary constraint restore complete.
Reading XDEF placement.
Reading placer database...
Reading XDEF routing.
Read XDEF File: Time (s): cpu = 00:00:00 ; elapsed = 00:00:00.026 . Memory (MB): peak = 1700.812 ; gain = 0.000
Restored from archive | CPU: 0.000000 secs | Memory: 0.000000 MB |
Finished XDEF File Restore: Time (s): cpu = 00:00:00 ; elapsed = 00:00:00.027 . Memory (MB): peak = 1700.812 ; gain = 0.000
Netlist sorting complete. Time (s): cpu = 00:00:00 ; elapsed = 00:00:00 . Memory (MB): peak = 1700.812 ; gain = 0.000
INFO: [Project 1-111] Unisim Transformation Summary:
No Unisim elements were transformed.

open_run: Time (s): cpu = 00:00:17 ; elapsed = 00:00:19 . Memory (MB): peak = 1934.043 ; gain = 1096.047
WARNING: [Timing 38-313] There are no user specified timing constraints. Timing constraints are needed for proper timing analysis.
open_hw
connect_hw_server
INFO: [Labtools 27-2285] Connecting to hw_server url TCP:localhost:3121
INFO: [Labtools 27-2222] Launching hw_server...
INFO: [Labtools 27-2221] Launch Output:

****** Xilinx hw_server v2019.1
  **** Build date : May 24 2019 at 15:13:31
    ** Copyright 1986-2019 Xilinx, Inc. All Rights Reserved.


connect_hw_server: Time (s): cpu = 00:00:00 ; elapsed = 00:00:12 . Memory (MB): peak = 1934.043 ; gain = 0.000
open_hw_target
INFO: [Labtoolstcl 44-466] Opening hw_target localhost:3121/xilinx_tcf/Xilinx/00000000000000
set_property PROGRAM.FILE {C:/Users/15390/Desktop/DD/Mylab/lab5/LampCtrl/LampCtrl.runs/impl_1/LampCtrl.bit} [get_hw_devices xc7k160t_0]
current_hw_device [get_hw_devices xc7k160t_0]
refresh_hw_device -update_hw_probes false [lindex [get_hw_devices xc7k160t_0] 0]
INFO: [Labtools 27-1434] Device xc7k160t (JTAG device index = 0) is programmed with a design that has no supported debug core(s) in it.
set_property PROBES.FILE {} [get_hw_devices xc7k160t_0]
set_property FULL_PROBES.FILE {} [get_hw_devices xc7k160t_0]
set_property PROGRAM.FILE {C:/Users/15390/Desktop/DD/Mylab/lab5/LampCtrl/LampCtrl.runs/impl_1/LampCtrl.bit} [get_hw_devices xc7k160t_0]
program_hw_devices [get_hw_devices xc7k160t_0]
INFO: [Labtools 27-3164] End of startup status: HIGH
program_hw_devices: Time (s): cpu = 00:00:13 ; elapsed = 00:00:15 . Memory (MB): peak = 2982.527 ; gain = 0.000
refresh_hw_device [lindex [get_hw_devices xc7k160t_0] 0]
INFO: [Labtools 27-1434] Device xc7k160t (JTAG device index = 0) is programmed with a design that has no supported debug core(s) in it.
ERROR: [Labtoolstcl 44-513] HW Target shutdown. Closing target: localhost:3121/xilinx_tcf/Xilinx/00000000000000
disconnect_hw_server localhost:3121
connect_hw_server
INFO: [Labtools 27-2285] Connecting to hw_server url TCP:localhost:3121
connect_hw_server: Time (s): cpu = 00:00:00 ; elapsed = 00:00:08 . Memory (MB): peak = 2985.418 ; gain = 0.000
open_hw_target
INFO: [Labtoolstcl 44-466] Opening hw_target localhost:3121/xilinx_tcf/Xilinx/00000000000000
set_property PROGRAM.FILE {C:/Users/15390/Desktop/DD/Mylab/lab5/LampCtrl/LampCtrl.runs/impl_1/LampCtrl.bit} [get_hw_devices xc7k160t_0]
current_hw_device [get_hw_devices xc7k160t_0]
refresh_hw_device -update_hw_probes false [lindex [get_hw_devices xc7k160t_0] 0]
INFO: [Labtools 27-1434] Device xc7k160t (JTAG device index = 0) is programmed with a design that has no supported debug core(s) in it.
set_property PROBES.FILE {} [get_hw_devices xc7k160t_0]
set_property FULL_PROBES.FILE {} [get_hw_devices xc7k160t_0]
set_property PROGRAM.FILE {C:/Users/15390/Desktop/DD/Mylab/lab5/LampCtrl/LampCtrl.runs/impl_1/LampCtrl.bit} [get_hw_devices xc7k160t_0]
program_hw_devices [get_hw_devices xc7k160t_0]
INFO: [Labtools 27-3164] End of startup status: HIGH
program_hw_devices: Time (s): cpu = 00:00:13 ; elapsed = 00:00:14 . Memory (MB): peak = 2999.836 ; gain = 0.000
refresh_hw_device [lindex [get_hw_devices xc7k160t_0] 0]
INFO: [Labtools 27-1434] Device xc7k160t (JTAG device index = 0) is programmed with a design that has no supported debug core(s) in it.
ERROR: [Labtoolstcl 44-513] HW Target shutdown. Closing target: localhost:3121/xilinx_tcf/Xilinx/00000000000000
ERROR: [Labtoolstcl 44-514] HW Server shutdown. Disconnecting from server: localhost:3121
