#-----------------------------------------------------------
# Vivado v2019.1 (64-bit)
# SW Build 2552052 on Fri May 24 14:49:42 MDT 2019
# IP Build 2548770 on Fri May 24 18:01:18 MDT 2019
# Start of session at: Wed Dec 13 16:53:04 2023
# Process ID: 16072
# Current directory: C:/Users/15390/Desktop/DD/Mylab/lab12/MyClock
# Command line: vivado.exe -gui_launcher_event rodinguilauncherevent8588 C:\Users\15390\Desktop\DD\Mylab\lab12\MyClock\MyClock.xpr
# Log file: C:/Users/15390/Desktop/DD/Mylab/lab12/MyClock/vivado.log
# Journal file: C:/Users/15390/Desktop/DD/Mylab/lab12/MyClock\vivado.jou
#-----------------------------------------------------------
start_gui
open_project C:/Users/15390/Desktop/DD/Mylab/lab12/MyClock/MyClock.xpr
Scanning sources...
Finished scanning sources
INFO: [IP_Flow 19-234] Refreshing IP repositories
INFO: [IP_Flow 19-1704] No user IP repositories specified
INFO: [IP_Flow 19-2313] Loaded Vivado IP repository 'D:/Xilinx/Vivado/2019.1/data/ip'.
update_compile_order -fileset sources_1
open_hw
connect_hw_server
INFO: [Labtools 27-2285] Connecting to hw_server url TCP:localhost:3121
open_hw_target
INFO: [Labtoolstcl 44-466] Opening hw_target localhost:3121/xilinx_tcf/Xilinx/00000000000000
set_property PROGRAM.FILE {C:/Users/15390/Desktop/DD/Mylab/lab12/MyClock/MyClock.runs/impl_1/Top.bit} [get_hw_devices xc7k160t_0]
current_hw_device [get_hw_devices xc7k160t_0]
refresh_hw_device -update_hw_probes false [lindex [get_hw_devices xc7k160t_0] 0]
INFO: [Labtools 27-1434] Device xc7k160t (JTAG device index = 0) is programmed with a design that has no supported debug core(s) in it.
set_property PROBES.FILE {} [get_hw_devices xc7k160t_0]
set_property FULL_PROBES.FILE {} [get_hw_devices xc7k160t_0]
set_property PROGRAM.FILE {C:/Users/15390/Desktop/DD/Mylab/lab12/MyClock/MyClock.runs/impl_1/Top.bit} [get_hw_devices xc7k160t_0]
program_hw_devices [get_hw_devices xc7k160t_0]
INFO: [Labtools 27-3164] End of startup status: HIGH
program_hw_devices: Time (s): cpu = 00:00:14 ; elapsed = 00:00:14 . Memory (MB): peak = 1994.078 ; gain = 0.582
refresh_hw_device [lindex [get_hw_devices xc7k160t_0] 0]
INFO: [Labtools 27-1434] Device xc7k160t (JTAG device index = 0) is programmed with a design that has no supported debug core(s) in it.
reset_run synth_1
launch_runs impl_1 -to_step write_bitstream -jobs 8
[Wed Dec 13 17:01:29 2023] Launched synth_1...
Run output will be captured here: C:/Users/15390/Desktop/DD/Mylab/lab12/MyClock/MyClock.runs/synth_1/runme.log
[Wed Dec 13 17:01:29 2023] Launched impl_1...
Run output will be captured here: C:/Users/15390/Desktop/DD/Mylab/lab12/MyClock/MyClock.runs/impl_1/runme.log
close_hw
open_hw
connect_hw_server
INFO: [Labtools 27-2285] Connecting to hw_server url TCP:localhost:3121
open_hw_target
INFO: [Labtoolstcl 44-466] Opening hw_target localhost:3121/xilinx_tcf/Xilinx/00000000000000
set_property PROGRAM.FILE {C:/Users/15390/Desktop/DD/Mylab/lab12/MyClock/MyClock.runs/impl_1/Top.bit} [get_hw_devices xc7k160t_0]
current_hw_device [get_hw_devices xc7k160t_0]
refresh_hw_device -update_hw_probes false [lindex [get_hw_devices xc7k160t_0] 0]
INFO: [Labtools 27-1434] Device xc7k160t (JTAG device index = 0) is programmed with a design that has no supported debug core(s) in it.
set_property PROBES.FILE {} [get_hw_devices xc7k160t_0]
set_property FULL_PROBES.FILE {} [get_hw_devices xc7k160t_0]
set_property PROGRAM.FILE {C:/Users/15390/Desktop/DD/Mylab/lab12/MyClock/MyClock.runs/impl_1/Top.bit} [get_hw_devices xc7k160t_0]
program_hw_devices [get_hw_devices xc7k160t_0]
INFO: [Labtools 27-3164] End of startup status: HIGH
program_hw_devices: Time (s): cpu = 00:00:13 ; elapsed = 00:00:14 . Memory (MB): peak = 2087.109 ; gain = 0.000
refresh_hw_device [lindex [get_hw_devices xc7k160t_0] 0]
INFO: [Labtools 27-1434] Device xc7k160t (JTAG device index = 0) is programmed with a design that has no supported debug core(s) in it.
reset_run synth_1
launch_runs impl_1 -to_step write_bitstream -jobs 8
[Wed Dec 13 17:08:02 2023] Launched synth_1...
Run output will be captured here: C:/Users/15390/Desktop/DD/Mylab/lab12/MyClock/MyClock.runs/synth_1/runme.log
[Wed Dec 13 17:08:02 2023] Launched impl_1...
Run output will be captured here: C:/Users/15390/Desktop/DD/Mylab/lab12/MyClock/MyClock.runs/impl_1/runme.log
close_hw
open_hw
connect_hw_server
INFO: [Labtools 27-2285] Connecting to hw_server url TCP:localhost:3121
INFO: [Labtools 27-2222] Launching hw_server...
INFO: [Labtools 27-2221] Launch Output:

****** Xilinx hw_server v2019.1
  **** Build date : May 24 2019 at 15:13:31
    ** Copyright 1986-2019 Xilinx, Inc. All Rights Reserved.


open_hw_target
INFO: [Labtoolstcl 44-466] Opening hw_target localhost:3121/xilinx_tcf/Xilinx/00000000000000
set_property PROGRAM.FILE {C:/Users/15390/Desktop/DD/Mylab/lab12/MyClock/MyClock.runs/impl_1/Top.bit} [get_hw_devices xc7k160t_0]
current_hw_device [get_hw_devices xc7k160t_0]
refresh_hw_device -update_hw_probes false [lindex [get_hw_devices xc7k160t_0] 0]
INFO: [Labtools 27-1434] Device xc7k160t (JTAG device index = 0) is programmed with a design that has no supported debug core(s) in it.
set_property PROBES.FILE {} [get_hw_devices xc7k160t_0]
set_property FULL_PROBES.FILE {} [get_hw_devices xc7k160t_0]
set_property PROGRAM.FILE {C:/Users/15390/Desktop/DD/Mylab/lab12/MyClock/MyClock.runs/impl_1/Top.bit} [get_hw_devices xc7k160t_0]
program_hw_devices [get_hw_devices xc7k160t_0]
INFO: [Labtools 27-3164] End of startup status: HIGH
program_hw_devices: Time (s): cpu = 00:00:14 ; elapsed = 00:00:14 . Memory (MB): peak = 2094.438 ; gain = 0.000
refresh_hw_device [lindex [get_hw_devices xc7k160t_0] 0]
INFO: [Labtools 27-1434] Device xc7k160t (JTAG device index = 0) is programmed with a design that has no supported debug core(s) in it.
reset_run synth_1
launch_runs impl_1 -to_step write_bitstream -jobs 8
[Wed Dec 13 17:10:52 2023] Launched synth_1...
Run output will be captured here: C:/Users/15390/Desktop/DD/Mylab/lab12/MyClock/MyClock.runs/synth_1/runme.log
[Wed Dec 13 17:10:52 2023] Launched impl_1...
Run output will be captured here: C:/Users/15390/Desktop/DD/Mylab/lab12/MyClock/MyClock.runs/impl_1/runme.log
set_property PROBES.FILE {} [get_hw_devices xc7k160t_0]
set_property FULL_PROBES.FILE {} [get_hw_devices xc7k160t_0]
set_property PROGRAM.FILE {C:/Users/15390/Desktop/DD/Mylab/lab12/MyClock/MyClock.runs/impl_1/Top.bit} [get_hw_devices xc7k160t_0]
program_hw_devices [get_hw_devices xc7k160t_0]
INFO: [Labtools 27-3164] End of startup status: HIGH
program_hw_devices: Time (s): cpu = 00:00:13 ; elapsed = 00:00:14 . Memory (MB): peak = 2094.438 ; gain = 0.000
refresh_hw_device [lindex [get_hw_devices xc7k160t_0] 0]
INFO: [Labtools 27-1434] Device xc7k160t (JTAG device index = 0) is programmed with a design that has no supported debug core(s) in it.
reset_run synth_1
launch_runs impl_1 -to_step write_bitstream -jobs 8
[Wed Dec 13 17:17:06 2023] Launched synth_1...
Run output will be captured here: C:/Users/15390/Desktop/DD/Mylab/lab12/MyClock/MyClock.runs/synth_1/runme.log
[Wed Dec 13 17:17:06 2023] Launched impl_1...
Run output will be captured here: C:/Users/15390/Desktop/DD/Mylab/lab12/MyClock/MyClock.runs/impl_1/runme.log
set_property PROBES.FILE {} [get_hw_devices xc7k160t_0]
set_property FULL_PROBES.FILE {} [get_hw_devices xc7k160t_0]
set_property PROGRAM.FILE {C:/Users/15390/Desktop/DD/Mylab/lab12/MyClock/MyClock.runs/impl_1/Top.bit} [get_hw_devices xc7k160t_0]
program_hw_devices [get_hw_devices xc7k160t_0]
INFO: [Labtools 27-3164] End of startup status: HIGH
program_hw_devices: Time (s): cpu = 00:00:13 ; elapsed = 00:00:14 . Memory (MB): peak = 2094.438 ; gain = 0.000
refresh_hw_device [lindex [get_hw_devices xc7k160t_0] 0]
INFO: [Labtools 27-1434] Device xc7k160t (JTAG device index = 0) is programmed with a design that has no supported debug core(s) in it.
reset_run synth_1
launch_runs impl_1 -to_step write_bitstream -jobs 8
[Wed Dec 13 17:23:48 2023] Launched synth_1...
Run output will be captured here: C:/Users/15390/Desktop/DD/Mylab/lab12/MyClock/MyClock.runs/synth_1/runme.log
[Wed Dec 13 17:23:48 2023] Launched impl_1...
Run output will be captured here: C:/Users/15390/Desktop/DD/Mylab/lab12/MyClock/MyClock.runs/impl_1/runme.log
set_property PROBES.FILE {} [get_hw_devices xc7k160t_0]
set_property FULL_PROBES.FILE {} [get_hw_devices xc7k160t_0]
set_property PROGRAM.FILE {C:/Users/15390/Desktop/DD/Mylab/lab12/MyClock/MyClock.runs/impl_1/Top.bit} [get_hw_devices xc7k160t_0]
program_hw_devices [get_hw_devices xc7k160t_0]
INFO: [Labtools 27-3164] End of startup status: HIGH
program_hw_devices: Time (s): cpu = 00:00:14 ; elapsed = 00:00:14 . Memory (MB): peak = 2094.438 ; gain = 0.000
refresh_hw_device [lindex [get_hw_devices xc7k160t_0] 0]
INFO: [Labtools 27-1434] Device xc7k160t (JTAG device index = 0) is programmed with a design that has no supported debug core(s) in it.
reset_run synth_1
launch_runs impl_1 -to_step write_bitstream -jobs 8
[Wed Dec 13 17:25:47 2023] Launched synth_1...
Run output will be captured here: C:/Users/15390/Desktop/DD/Mylab/lab12/MyClock/MyClock.runs/synth_1/runme.log
[Wed Dec 13 17:25:47 2023] Launched impl_1...
Run output will be captured here: C:/Users/15390/Desktop/DD/Mylab/lab12/MyClock/MyClock.runs/impl_1/runme.log
set_property PROBES.FILE {} [get_hw_devices xc7k160t_0]
set_property FULL_PROBES.FILE {} [get_hw_devices xc7k160t_0]
set_property PROGRAM.FILE {C:/Users/15390/Desktop/DD/Mylab/lab12/MyClock/MyClock.runs/impl_1/Top.bit} [get_hw_devices xc7k160t_0]
program_hw_devices [get_hw_devices xc7k160t_0]
INFO: [Labtools 27-3164] End of startup status: HIGH
program_hw_devices: Time (s): cpu = 00:00:14 ; elapsed = 00:00:14 . Memory (MB): peak = 2094.438 ; gain = 0.000
refresh_hw_device [lindex [get_hw_devices xc7k160t_0] 0]
INFO: [Labtools 27-1434] Device xc7k160t (JTAG device index = 0) is programmed with a design that has no supported debug core(s) in it.
reset_run impl_1 -prev_step 
launch_runs impl_1 -to_step write_bitstream -jobs 8
[Wed Dec 13 17:28:04 2023] Launched impl_1...
Run output will be captured here: C:/Users/15390/Desktop/DD/Mylab/lab12/MyClock/MyClock.runs/impl_1/runme.log
set_property PROBES.FILE {} [get_hw_devices xc7k160t_0]
set_property FULL_PROBES.FILE {} [get_hw_devices xc7k160t_0]
set_property PROGRAM.FILE {C:/Users/15390/Desktop/DD/Mylab/lab12/MyClock/MyClock.runs/impl_1/Top.bit} [get_hw_devices xc7k160t_0]
program_hw_devices [get_hw_devices xc7k160t_0]
INFO: [Labtools 27-3164] End of startup status: HIGH
program_hw_devices: Time (s): cpu = 00:00:13 ; elapsed = 00:00:14 . Memory (MB): peak = 2094.438 ; gain = 0.000
refresh_hw_device [lindex [get_hw_devices xc7k160t_0] 0]
INFO: [Labtools 27-1434] Device xc7k160t (JTAG device index = 0) is programmed with a design that has no supported debug core(s) in it.
reset_run synth_1
launch_runs impl_1 -to_step write_bitstream -jobs 8
[Wed Dec 13 17:29:34 2023] Launched synth_1...
Run output will be captured here: C:/Users/15390/Desktop/DD/Mylab/lab12/MyClock/MyClock.runs/synth_1/runme.log
[Wed Dec 13 17:29:34 2023] Launched impl_1...
Run output will be captured here: C:/Users/15390/Desktop/DD/Mylab/lab12/MyClock/MyClock.runs/impl_1/runme.log
set_property PROBES.FILE {} [get_hw_devices xc7k160t_0]
set_property FULL_PROBES.FILE {} [get_hw_devices xc7k160t_0]
set_property PROGRAM.FILE {C:/Users/15390/Desktop/DD/Mylab/lab12/MyClock/MyClock.runs/impl_1/Top.bit} [get_hw_devices xc7k160t_0]
program_hw_devices [get_hw_devices xc7k160t_0]
INFO: [Labtools 27-3164] End of startup status: HIGH
program_hw_devices: Time (s): cpu = 00:00:13 ; elapsed = 00:00:14 . Memory (MB): peak = 2094.438 ; gain = 0.000
refresh_hw_device [lindex [get_hw_devices xc7k160t_0] 0]
INFO: [Labtools 27-1434] Device xc7k160t (JTAG device index = 0) is programmed with a design that has no supported debug core(s) in it.
ERROR: [Labtoolstcl 44-513] HW Target shutdown. Closing target: localhost:3121/xilinx_tcf/Xilinx/00000000000000
exit
INFO: [Common 17-206] Exiting Vivado at Wed Dec 13 17:35:07 2023...
