#-----------------------------------------------------------
# Vivado v2019.1 (64-bit)
# SW Build 2552052 on Fri May 24 14:49:42 MDT 2019
# IP Build 2548770 on Fri May 24 18:01:18 MDT 2019
# Start of session at: Wed Nov  8 17:28:11 2023
# Process ID: 7200
# Current directory: C:/Users/15390/Desktop/DD/Mylab/lab6/MyMC14495
# Command line: vivado.exe -gui_launcher_event rodinguilauncherevent6612 C:\Users\15390\Desktop\DD\Mylab\lab6\MyMC14495\MyMC14495.xpr
# Log file: C:/Users/15390/Desktop/DD/Mylab/lab6/MyMC14495/vivado.log
# Journal file: C:/Users/15390/Desktop/DD/Mylab/lab6/MyMC14495\vivado.jou
#-----------------------------------------------------------
start_gui
open_project C:/Users/15390/Desktop/DD/Mylab/lab6/MyMC14495/MyMC14495.xpr
Scanning sources...
Finished scanning sources
INFO: [IP_Flow 19-234] Refreshing IP repositories
INFO: [IP_Flow 19-1704] No user IP repositories specified
INFO: [IP_Flow 19-2313] Loaded Vivado IP repository 'D:/Xilinx/Vivado/2019.1/data/ip'.
open_project: Time (s): cpu = 00:00:03 ; elapsed = 00:00:06 . Memory (MB): peak = 777.426 ; gain = 96.500
update_compile_order -fileset sources_1
launch_simulation
INFO: [Vivado 12-5682] Launching behavioral simulation in 'C:/Users/15390/Desktop/DD/Mylab/lab6/MyMC14495/MyMC14495.sim/sim_1/behav/xsim'
INFO: [SIM-utils-51] Simulation object is 'sim_1'
INFO: [SIM-utils-54] Inspecting design source files for 'MyMC14495_tb' in fileset 'sim_1'...
INFO: [USF-XSim-97] Finding global include files...
INFO: [USF-XSim-98] Fetching design files from 'sim_1'...
INFO: [USF-XSim-2] XSim::Compile design
INFO: [USF-XSim-61] Executing 'COMPILE and ANALYZE' step in 'C:/Users/15390/Desktop/DD/Mylab/lab6/MyMC14495/MyMC14495.sim/sim_1/behav/xsim'
"xvlog --incr --relax -prj MyMC14495_tb_vlog.prj"
INFO: [VRFC 10-2263] Analyzing Verilog file "C:/Users/15390/Desktop/DD/Mylab/lab6/MyMC14495/MyMC14495.srcs/sources_1/new/AND2.v" into library xil_defaultlib
INFO: [VRFC 10-311] analyzing module AND2
INFO: [VRFC 10-2263] Analyzing Verilog file "C:/Users/15390/Desktop/DD/Mylab/lab6/MyMC14495/MyMC14495.srcs/sources_1/new/AND3.v" into library xil_defaultlib
INFO: [VRFC 10-311] analyzing module AND3
INFO: [VRFC 10-2263] Analyzing Verilog file "C:/Users/15390/Desktop/DD/Mylab/lab6/MyMC14495/MyMC14495.srcs/sources_1/new/AND4.v" into library xil_defaultlib
INFO: [VRFC 10-311] analyzing module AND4
INFO: [VRFC 10-2263] Analyzing Verilog file "C:/Users/15390/Desktop/DD/Mylab/lab6/MyMC14495/MyMC14495.srcs/sources_1/new/INV.v" into library xil_defaultlib
INFO: [VRFC 10-311] analyzing module INV
INFO: [VRFC 10-2263] Analyzing Verilog file "C:/Users/15390/Desktop/DD/Mylab/lab6/MyMC14495/MyMC14495.srcs/sources_1/new/MyMC14495.v" into library xil_defaultlib
INFO: [VRFC 10-311] analyzing module MyMC14495
INFO: [VRFC 10-2263] Analyzing Verilog file "C:/Users/15390/Desktop/DD/Mylab/lab6/MyMC14495/MyMC14495.srcs/sources_1/new/OR2.v" into library xil_defaultlib
INFO: [VRFC 10-311] analyzing module OR2
INFO: [VRFC 10-2263] Analyzing Verilog file "C:/Users/15390/Desktop/DD/Mylab/lab6/MyMC14495/MyMC14495.srcs/sources_1/new/OR3.v" into library xil_defaultlib
INFO: [VRFC 10-311] analyzing module OR3
INFO: [VRFC 10-2263] Analyzing Verilog file "C:/Users/15390/Desktop/DD/Mylab/lab6/MyMC14495/MyMC14495.srcs/sources_1/new/OR4.v" into library xil_defaultlib
INFO: [VRFC 10-311] analyzing module OR4
INFO: [VRFC 10-2263] Analyzing Verilog file "C:/Users/15390/Desktop/DD/Mylab/lab6/MyMC14495/MyMC14495.srcs/sim_1/new/MyMC14495_tb.v" into library xil_defaultlib
INFO: [VRFC 10-311] analyzing module MyMC14495_tb
INFO: [USF-XSim-69] 'compile' step finished in '2' seconds
INFO: [USF-XSim-3] XSim::Elaborate design
INFO: [USF-XSim-61] Executing 'ELABORATE' step in 'C:/Users/15390/Desktop/DD/Mylab/lab6/MyMC14495/MyMC14495.sim/sim_1/behav/xsim'
"xelab -wto 7fde78d90697430abd2dac8bb3d31266 --incr --debug typical --relax --mt 2 -L xil_defaultlib -L unisims_ver -L unimacro_ver -L secureip --snapshot MyMC14495_tb_behav xil_defaultlib.MyMC14495_tb xil_defaultlib.glbl -log elaborate.log"
Vivado Simulator 2019.1
Copyright 1986-1999, 2001-2019 Xilinx, Inc. All Rights Reserved.
Running: D:/Xilinx/Vivado/2019.1/bin/unwrapped/win64.o/xelab.exe -wto 7fde78d90697430abd2dac8bb3d31266 --incr --debug typical --relax --mt 2 -L xil_defaultlib -L unisims_ver -L unimacro_ver -L secureip --snapshot MyMC14495_tb_behav xil_defaultlib.MyMC14495_tb xil_defaultlib.glbl -log elaborate.log 
Using 2 slave threads.
Starting static elaboration
Completed static elaboration
Starting simulation data flow analysis
Completed simulation data flow analysis
Time Resolution for simulation is 1ps
Compiling module xil_defaultlib.AND4
Compiling module xil_defaultlib.AND3
Compiling module xil_defaultlib.AND2
Compiling module xil_defaultlib.INV
Compiling module xil_defaultlib.OR4
Compiling module xil_defaultlib.OR3
Compiling module xil_defaultlib.OR2
Compiling module xil_defaultlib.MyMC14495
Compiling module xil_defaultlib.MyMC14495_tb
Compiling module xil_defaultlib.glbl
Built simulation snapshot MyMC14495_tb_behav
INFO: [USF-XSim-69] 'elaborate' step finished in '2' seconds
INFO: [USF-XSim-4] XSim::Simulate design
INFO: [USF-XSim-61] Executing 'SIMULATE' step in 'C:/Users/15390/Desktop/DD/Mylab/lab6/MyMC14495/MyMC14495.sim/sim_1/behav/xsim'
INFO: [USF-XSim-98] *** Running xsim
   with args "MyMC14495_tb_behav -key {Behavioral:sim_1:Functional:MyMC14495_tb} -tclbatch {MyMC14495_tb.tcl} -log {simulate.log}"
INFO: [USF-XSim-8] Loading simulator feature
Vivado Simulator 2019.1
Time resolution is 1 ps
source MyMC14495_tb.tcl
# set curr_wave [current_wave_config]
# if { [string length $curr_wave] == 0 } {
#   if { [llength [get_objects]] > 0} {
#     add_wave /
#     set_property needs_save false [current_wave_config]
#   } else {
#      send_msg_id Add_Wave-1 WARNING "No top level signals found. Simulator will start without a wave window. If you want to open a wave window go to 'File->New Waveform Configuration' or type 'create_wave_config' in the TCL console."
#   }
# }
# run 1000ns
xsim: Time (s): cpu = 00:00:04 ; elapsed = 00:00:06 . Memory (MB): peak = 833.961 ; gain = 18.008
INFO: [USF-XSim-96] XSim completed. Design snapshot 'MyMC14495_tb_behav' loaded.
INFO: [USF-XSim-97] XSim simulation ran for 1000ns
launch_simulation: Time (s): cpu = 00:00:05 ; elapsed = 00:00:10 . Memory (MB): peak = 833.961 ; gain = 36.215
update_compile_order -fileset sources_1
update_compile_order -fileset sources_1
close_sim
INFO: [Simtcl 6-16] Simulation closed
launch_simulation
INFO: [Vivado 12-5682] Launching behavioral simulation in 'C:/Users/15390/Desktop/DD/Mylab/lab6/MyMC14495/MyMC14495.sim/sim_1/behav/xsim'
INFO: [SIM-utils-51] Simulation object is 'sim_1'
INFO: [SIM-utils-54] Inspecting design source files for 'MyMC14495_tb' in fileset 'sim_1'...
INFO: [USF-XSim-97] Finding global include files...
INFO: [USF-XSim-98] Fetching design files from 'sim_1'...
INFO: [USF-XSim-2] XSim::Compile design
INFO: [USF-XSim-61] Executing 'COMPILE and ANALYZE' step in 'C:/Users/15390/Desktop/DD/Mylab/lab6/MyMC14495/MyMC14495.sim/sim_1/behav/xsim'
"xvlog --incr --relax -prj MyMC14495_tb_vlog.prj"
INFO: [VRFC 10-2263] Analyzing Verilog file "C:/Users/15390/Desktop/DD/Mylab/lab6/MyMC14495/MyMC14495.srcs/sources_1/new/MyMC14495.v" into library xil_defaultlib
INFO: [VRFC 10-311] analyzing module MyMC14495
INFO: [VRFC 10-2263] Analyzing Verilog file "C:/Users/15390/Desktop/DD/Mylab/lab6/MyMC14495/MyMC14495.srcs/sim_1/new/MyMC14495_tb.v" into library xil_defaultlib
INFO: [VRFC 10-311] analyzing module MyMC14495_tb
INFO: [USF-XSim-69] 'compile' step finished in '2' seconds
INFO: [USF-XSim-3] XSim::Elaborate design
INFO: [USF-XSim-61] Executing 'ELABORATE' step in 'C:/Users/15390/Desktop/DD/Mylab/lab6/MyMC14495/MyMC14495.sim/sim_1/behav/xsim'
"xelab -wto 7fde78d90697430abd2dac8bb3d31266 --incr --debug typical --relax --mt 2 -L xil_defaultlib -L unisims_ver -L unimacro_ver -L secureip --snapshot MyMC14495_tb_behav xil_defaultlib.MyMC14495_tb xil_defaultlib.glbl -log elaborate.log"
Vivado Simulator 2019.1
Copyright 1986-1999, 2001-2019 Xilinx, Inc. All Rights Reserved.
Running: D:/Xilinx/Vivado/2019.1/bin/unwrapped/win64.o/xelab.exe -wto 7fde78d90697430abd2dac8bb3d31266 --incr --debug typical --relax --mt 2 -L xil_defaultlib -L unisims_ver -L unimacro_ver -L secureip --snapshot MyMC14495_tb_behav xil_defaultlib.MyMC14495_tb xil_defaultlib.glbl -log elaborate.log 
Using 2 slave threads.
Starting static elaboration
Completed static elaboration
Starting simulation data flow analysis
Completed simulation data flow analysis
Time Resolution for simulation is 1ps
Compiling module xil_defaultlib.MyMC14495
Compiling module xil_defaultlib.MyMC14495_tb
Compiling module xil_defaultlib.glbl
Built simulation snapshot MyMC14495_tb_behav
INFO: [USF-XSim-69] 'elaborate' step finished in '3' seconds
INFO: [USF-XSim-4] XSim::Simulate design
INFO: [USF-XSim-61] Executing 'SIMULATE' step in 'C:/Users/15390/Desktop/DD/Mylab/lab6/MyMC14495/MyMC14495.sim/sim_1/behav/xsim'
INFO: [USF-XSim-98] *** Running xsim
   with args "MyMC14495_tb_behav -key {Behavioral:sim_1:Functional:MyMC14495_tb} -tclbatch {MyMC14495_tb.tcl} -log {simulate.log}"
INFO: [USF-XSim-8] Loading simulator feature
Vivado Simulator 2019.1
Time resolution is 1 ps
source MyMC14495_tb.tcl
# set curr_wave [current_wave_config]
# if { [string length $curr_wave] == 0 } {
#   if { [llength [get_objects]] > 0} {
#     add_wave /
#     set_property needs_save false [current_wave_config]
#   } else {
#      send_msg_id Add_Wave-1 WARNING "No top level signals found. Simulator will start without a wave window. If you want to open a wave window go to 'File->New Waveform Configuration' or type 'create_wave_config' in the TCL console."
#   }
# }
# run 1000ns
INFO: [USF-XSim-96] XSim completed. Design snapshot 'MyMC14495_tb_behav' loaded.
INFO: [USF-XSim-97] XSim simulation ran for 1000ns
launch_simulation: Time (s): cpu = 00:00:02 ; elapsed = 00:00:09 . Memory (MB): peak = 844.820 ; gain = 0.000
close_sim
INFO: [Simtcl 6-16] Simulation closed
launch_simulation
INFO: [Vivado 12-5682] Launching behavioral simulation in 'C:/Users/15390/Desktop/DD/Mylab/lab6/MyMC14495/MyMC14495.sim/sim_1/behav/xsim'
INFO: [SIM-utils-51] Simulation object is 'sim_1'
INFO: [SIM-utils-54] Inspecting design source files for 'MyMC14495_tb' in fileset 'sim_1'...
INFO: [USF-XSim-97] Finding global include files...
INFO: [USF-XSim-98] Fetching design files from 'sim_1'...
INFO: [USF-XSim-2] XSim::Compile design
INFO: [USF-XSim-61] Executing 'COMPILE and ANALYZE' step in 'C:/Users/15390/Desktop/DD/Mylab/lab6/MyMC14495/MyMC14495.sim/sim_1/behav/xsim'
"xvlog --incr --relax -prj MyMC14495_tb_vlog.prj"
INFO: [VRFC 10-2263] Analyzing Verilog file "C:/Users/15390/Desktop/DD/Mylab/lab6/MyMC14495/MyMC14495.srcs/sources_1/new/MyMC14495.v" into library xil_defaultlib
INFO: [VRFC 10-311] analyzing module MyMC14495
INFO: [VRFC 10-2263] Analyzing Verilog file "C:/Users/15390/Desktop/DD/Mylab/lab6/MyMC14495/MyMC14495.srcs/sim_1/new/MyMC14495_tb.v" into library xil_defaultlib
INFO: [VRFC 10-311] analyzing module MyMC14495_tb
INFO: [USF-XSim-69] 'compile' step finished in '2' seconds
INFO: [USF-XSim-3] XSim::Elaborate design
INFO: [USF-XSim-61] Executing 'ELABORATE' step in 'C:/Users/15390/Desktop/DD/Mylab/lab6/MyMC14495/MyMC14495.sim/sim_1/behav/xsim'
"xelab -wto 7fde78d90697430abd2dac8bb3d31266 --incr --debug typical --relax --mt 2 -L xil_defaultlib -L unisims_ver -L unimacro_ver -L secureip --snapshot MyMC14495_tb_behav xil_defaultlib.MyMC14495_tb xil_defaultlib.glbl -log elaborate.log"
Vivado Simulator 2019.1
Copyright 1986-1999, 2001-2019 Xilinx, Inc. All Rights Reserved.
Running: D:/Xilinx/Vivado/2019.1/bin/unwrapped/win64.o/xelab.exe -wto 7fde78d90697430abd2dac8bb3d31266 --incr --debug typical --relax --mt 2 -L xil_defaultlib -L unisims_ver -L unimacro_ver -L secureip --snapshot MyMC14495_tb_behav xil_defaultlib.MyMC14495_tb xil_defaultlib.glbl -log elaborate.log 
Using 2 slave threads.
Starting static elaboration
Completed static elaboration
Starting simulation data flow analysis
Completed simulation data flow analysis
Time Resolution for simulation is 1ps
Compiling module xil_defaultlib.MyMC14495
Compiling module xil_defaultlib.MyMC14495_tb
Compiling module xil_defaultlib.glbl
Built simulation snapshot MyMC14495_tb_behav
INFO: [USF-XSim-69] 'elaborate' step finished in '3' seconds
INFO: [USF-XSim-4] XSim::Simulate design
INFO: [USF-XSim-61] Executing 'SIMULATE' step in 'C:/Users/15390/Desktop/DD/Mylab/lab6/MyMC14495/MyMC14495.sim/sim_1/behav/xsim'
INFO: [USF-XSim-98] *** Running xsim
   with args "MyMC14495_tb_behav -key {Behavioral:sim_1:Functional:MyMC14495_tb} -tclbatch {MyMC14495_tb.tcl} -log {simulate.log}"
INFO: [USF-XSim-8] Loading simulator feature
Vivado Simulator 2019.1
Time resolution is 1 ps
source MyMC14495_tb.tcl
# set curr_wave [current_wave_config]
# if { [string length $curr_wave] == 0 } {
#   if { [llength [get_objects]] > 0} {
#     add_wave /
#     set_property needs_save false [current_wave_config]
#   } else {
#      send_msg_id Add_Wave-1 WARNING "No top level signals found. Simulator will start without a wave window. If you want to open a wave window go to 'File->New Waveform Configuration' or type 'create_wave_config' in the TCL console."
#   }
# }
# run 1000ns
xsim: Time (s): cpu = 00:00:02 ; elapsed = 00:00:05 . Memory (MB): peak = 844.820 ; gain = 0.000
INFO: [USF-XSim-96] XSim completed. Design snapshot 'MyMC14495_tb_behav' loaded.
INFO: [USF-XSim-97] XSim simulation ran for 1000ns
launch_simulation: Time (s): cpu = 00:00:02 ; elapsed = 00:00:10 . Memory (MB): peak = 844.820 ; gain = 0.000
close_sim
INFO: [Simtcl 6-16] Simulation closed
launch_simulation
INFO: [Vivado 12-5682] Launching behavioral simulation in 'C:/Users/15390/Desktop/DD/Mylab/lab6/MyMC14495/MyMC14495.sim/sim_1/behav/xsim'
INFO: [SIM-utils-51] Simulation object is 'sim_1'
INFO: [SIM-utils-54] Inspecting design source files for 'MyMC14495_tb' in fileset 'sim_1'...
INFO: [USF-XSim-97] Finding global include files...
INFO: [USF-XSim-98] Fetching design files from 'sim_1'...
INFO: [USF-XSim-2] XSim::Compile design
INFO: [USF-XSim-61] Executing 'COMPILE and ANALYZE' step in 'C:/Users/15390/Desktop/DD/Mylab/lab6/MyMC14495/MyMC14495.sim/sim_1/behav/xsim'
"xvlog --incr --relax -prj MyMC14495_tb_vlog.prj"
INFO: [VRFC 10-2263] Analyzing Verilog file "C:/Users/15390/Desktop/DD/Mylab/lab6/MyMC14495/MyMC14495.srcs/sources_1/new/MyMC14495.v" into library xil_defaultlib
INFO: [VRFC 10-311] analyzing module MyMC14495
INFO: [VRFC 10-2263] Analyzing Verilog file "C:/Users/15390/Desktop/DD/Mylab/lab6/MyMC14495/MyMC14495.srcs/sim_1/new/MyMC14495_tb.v" into library xil_defaultlib
INFO: [VRFC 10-311] analyzing module MyMC14495_tb
INFO: [USF-XSim-69] 'compile' step finished in '2' seconds
INFO: [USF-XSim-3] XSim::Elaborate design
INFO: [USF-XSim-61] Executing 'ELABORATE' step in 'C:/Users/15390/Desktop/DD/Mylab/lab6/MyMC14495/MyMC14495.sim/sim_1/behav/xsim'
"xelab -wto 7fde78d90697430abd2dac8bb3d31266 --incr --debug typical --relax --mt 2 -L xil_defaultlib -L unisims_ver -L unimacro_ver -L secureip --snapshot MyMC14495_tb_behav xil_defaultlib.MyMC14495_tb xil_defaultlib.glbl -log elaborate.log"
Vivado Simulator 2019.1
Copyright 1986-1999, 2001-2019 Xilinx, Inc. All Rights Reserved.
Running: D:/Xilinx/Vivado/2019.1/bin/unwrapped/win64.o/xelab.exe -wto 7fde78d90697430abd2dac8bb3d31266 --incr --debug typical --relax --mt 2 -L xil_defaultlib -L unisims_ver -L unimacro_ver -L secureip --snapshot MyMC14495_tb_behav xil_defaultlib.MyMC14495_tb xil_defaultlib.glbl -log elaborate.log 
Using 2 slave threads.
Starting static elaboration
Completed static elaboration
Starting simulation data flow analysis
Completed simulation data flow analysis
Time Resolution for simulation is 1ps
Compiling module xil_defaultlib.MyMC14495
Compiling module xil_defaultlib.MyMC14495_tb
Compiling module xil_defaultlib.glbl
Built simulation snapshot MyMC14495_tb_behav
INFO: [USF-XSim-69] 'elaborate' step finished in '2' seconds
INFO: [USF-XSim-4] XSim::Simulate design
INFO: [USF-XSim-61] Executing 'SIMULATE' step in 'C:/Users/15390/Desktop/DD/Mylab/lab6/MyMC14495/MyMC14495.sim/sim_1/behav/xsim'
INFO: [USF-XSim-98] *** Running xsim
   with args "MyMC14495_tb_behav -key {Behavioral:sim_1:Functional:MyMC14495_tb} -tclbatch {MyMC14495_tb.tcl} -log {simulate.log}"
INFO: [USF-XSim-8] Loading simulator feature
Vivado Simulator 2019.1
Time resolution is 1 ps
source MyMC14495_tb.tcl
# set curr_wave [current_wave_config]
# if { [string length $curr_wave] == 0 } {
#   if { [llength [get_objects]] > 0} {
#     add_wave /
#     set_property needs_save false [current_wave_config]
#   } else {
#      send_msg_id Add_Wave-1 WARNING "No top level signals found. Simulator will start without a wave window. If you want to open a wave window go to 'File->New Waveform Configuration' or type 'create_wave_config' in the TCL console."
#   }
# }
# run 1000ns
INFO: [USF-XSim-96] XSim completed. Design snapshot 'MyMC14495_tb_behav' loaded.
INFO: [USF-XSim-97] XSim simulation ran for 1000ns
launch_simulation: Time (s): cpu = 00:00:01 ; elapsed = 00:00:08 . Memory (MB): peak = 844.820 ; gain = 0.000
close_sim
INFO: [Simtcl 6-16] Simulation closed
launch_simulation
INFO: [Vivado 12-5682] Launching behavioral simulation in 'C:/Users/15390/Desktop/DD/Mylab/lab6/MyMC14495/MyMC14495.sim/sim_1/behav/xsim'
INFO: [SIM-utils-51] Simulation object is 'sim_1'
INFO: [SIM-utils-54] Inspecting design source files for 'MyMC14495_tb' in fileset 'sim_1'...
INFO: [USF-XSim-97] Finding global include files...
INFO: [USF-XSim-98] Fetching design files from 'sim_1'...
INFO: [USF-XSim-2] XSim::Compile design
INFO: [USF-XSim-61] Executing 'COMPILE and ANALYZE' step in 'C:/Users/15390/Desktop/DD/Mylab/lab6/MyMC14495/MyMC14495.sim/sim_1/behav/xsim'
"xvlog --incr --relax -prj MyMC14495_tb_vlog.prj"
INFO: [VRFC 10-2263] Analyzing Verilog file "C:/Users/15390/Desktop/DD/Mylab/lab6/MyMC14495/MyMC14495.srcs/sources_1/new/MyMC14495.v" into library xil_defaultlib
INFO: [VRFC 10-311] analyzing module MyMC14495
INFO: [VRFC 10-2263] Analyzing Verilog file "C:/Users/15390/Desktop/DD/Mylab/lab6/MyMC14495/MyMC14495.srcs/sim_1/new/MyMC14495_tb.v" into library xil_defaultlib
INFO: [VRFC 10-311] analyzing module MyMC14495_tb
INFO: [USF-XSim-69] 'compile' step finished in '3' seconds
INFO: [USF-XSim-3] XSim::Elaborate design
INFO: [USF-XSim-61] Executing 'ELABORATE' step in 'C:/Users/15390/Desktop/DD/Mylab/lab6/MyMC14495/MyMC14495.sim/sim_1/behav/xsim'
"xelab -wto 7fde78d90697430abd2dac8bb3d31266 --incr --debug typical --relax --mt 2 -L xil_defaultlib -L unisims_ver -L unimacro_ver -L secureip --snapshot MyMC14495_tb_behav xil_defaultlib.MyMC14495_tb xil_defaultlib.glbl -log elaborate.log"
Vivado Simulator 2019.1
Copyright 1986-1999, 2001-2019 Xilinx, Inc. All Rights Reserved.
Running: D:/Xilinx/Vivado/2019.1/bin/unwrapped/win64.o/xelab.exe -wto 7fde78d90697430abd2dac8bb3d31266 --incr --debug typical --relax --mt 2 -L xil_defaultlib -L unisims_ver -L unimacro_ver -L secureip --snapshot MyMC14495_tb_behav xil_defaultlib.MyMC14495_tb xil_defaultlib.glbl -log elaborate.log 
Using 2 slave threads.
Starting static elaboration
Completed static elaboration
Starting simulation data flow analysis
Completed simulation data flow analysis
Time Resolution for simulation is 1ps
Compiling module xil_defaultlib.MyMC14495
Compiling module xil_defaultlib.MyMC14495_tb
Compiling module xil_defaultlib.glbl
Built simulation snapshot MyMC14495_tb_behav
INFO: [USF-XSim-69] 'elaborate' step finished in '3' seconds
INFO: [USF-XSim-4] XSim::Simulate design
INFO: [USF-XSim-61] Executing 'SIMULATE' step in 'C:/Users/15390/Desktop/DD/Mylab/lab6/MyMC14495/MyMC14495.sim/sim_1/behav/xsim'
INFO: [USF-XSim-98] *** Running xsim
   with args "MyMC14495_tb_behav -key {Behavioral:sim_1:Functional:MyMC14495_tb} -tclbatch {MyMC14495_tb.tcl} -log {simulate.log}"
INFO: [USF-XSim-8] Loading simulator feature
Vivado Simulator 2019.1
Time resolution is 1 ps
source MyMC14495_tb.tcl
# set curr_wave [current_wave_config]
# if { [string length $curr_wave] == 0 } {
#   if { [llength [get_objects]] > 0} {
#     add_wave /
#     set_property needs_save false [current_wave_config]
#   } else {
#      send_msg_id Add_Wave-1 WARNING "No top level signals found. Simulator will start without a wave window. If you want to open a wave window go to 'File->New Waveform Configuration' or type 'create_wave_config' in the TCL console."
#   }
# }
# run 1000ns
xsim: Time (s): cpu = 00:00:02 ; elapsed = 00:00:05 . Memory (MB): peak = 844.820 ; gain = 0.000
INFO: [USF-XSim-96] XSim completed. Design snapshot 'MyMC14495_tb_behav' loaded.
INFO: [USF-XSim-97] XSim simulation ran for 1000ns
launch_simulation: Time (s): cpu = 00:00:02 ; elapsed = 00:00:11 . Memory (MB): peak = 844.820 ; gain = 0.000
close_sim
INFO: [Simtcl 6-16] Simulation closed
launch_simulation
INFO: [Vivado 12-5682] Launching behavioral simulation in 'C:/Users/15390/Desktop/DD/Mylab/lab6/MyMC14495/MyMC14495.sim/sim_1/behav/xsim'
INFO: [SIM-utils-51] Simulation object is 'sim_1'
INFO: [SIM-utils-54] Inspecting design source files for 'MyMC14495_tb' in fileset 'sim_1'...
INFO: [USF-XSim-97] Finding global include files...
INFO: [USF-XSim-98] Fetching design files from 'sim_1'...
INFO: [USF-XSim-2] XSim::Compile design
INFO: [USF-XSim-61] Executing 'COMPILE and ANALYZE' step in 'C:/Users/15390/Desktop/DD/Mylab/lab6/MyMC14495/MyMC14495.sim/sim_1/behav/xsim'
"xvlog --incr --relax -prj MyMC14495_tb_vlog.prj"
INFO: [VRFC 10-2263] Analyzing Verilog file "C:/Users/15390/Desktop/DD/Mylab/lab6/MyMC14495/MyMC14495.srcs/sources_1/new/MyMC14495.v" into library xil_defaultlib
INFO: [VRFC 10-311] analyzing module MyMC14495
INFO: [VRFC 10-2263] Analyzing Verilog file "C:/Users/15390/Desktop/DD/Mylab/lab6/MyMC14495/MyMC14495.srcs/sim_1/new/MyMC14495_tb.v" into library xil_defaultlib
INFO: [VRFC 10-311] analyzing module MyMC14495_tb
INFO: [USF-XSim-69] 'compile' step finished in '3' seconds
INFO: [USF-XSim-3] XSim::Elaborate design
INFO: [USF-XSim-61] Executing 'ELABORATE' step in 'C:/Users/15390/Desktop/DD/Mylab/lab6/MyMC14495/MyMC14495.sim/sim_1/behav/xsim'
"xelab -wto 7fde78d90697430abd2dac8bb3d31266 --incr --debug typical --relax --mt 2 -L xil_defaultlib -L unisims_ver -L unimacro_ver -L secureip --snapshot MyMC14495_tb_behav xil_defaultlib.MyMC14495_tb xil_defaultlib.glbl -log elaborate.log"
Vivado Simulator 2019.1
Copyright 1986-1999, 2001-2019 Xilinx, Inc. All Rights Reserved.
Running: D:/Xilinx/Vivado/2019.1/bin/unwrapped/win64.o/xelab.exe -wto 7fde78d90697430abd2dac8bb3d31266 --incr --debug typical --relax --mt 2 -L xil_defaultlib -L unisims_ver -L unimacro_ver -L secureip --snapshot MyMC14495_tb_behav xil_defaultlib.MyMC14495_tb xil_defaultlib.glbl -log elaborate.log 
Using 2 slave threads.
Starting static elaboration
Completed static elaboration
Starting simulation data flow analysis
Completed simulation data flow analysis
Time Resolution for simulation is 1ps
Compiling module xil_defaultlib.MyMC14495
Compiling module xil_defaultlib.MyMC14495_tb
Compiling module xil_defaultlib.glbl
Built simulation snapshot MyMC14495_tb_behav
INFO: [USF-XSim-69] 'elaborate' step finished in '3' seconds
INFO: [USF-XSim-4] XSim::Simulate design
INFO: [USF-XSim-61] Executing 'SIMULATE' step in 'C:/Users/15390/Desktop/DD/Mylab/lab6/MyMC14495/MyMC14495.sim/sim_1/behav/xsim'
INFO: [USF-XSim-98] *** Running xsim
   with args "MyMC14495_tb_behav -key {Behavioral:sim_1:Functional:MyMC14495_tb} -tclbatch {MyMC14495_tb.tcl} -log {simulate.log}"
INFO: [USF-XSim-8] Loading simulator feature
Vivado Simulator 2019.1
Time resolution is 1 ps
source MyMC14495_tb.tcl
# set curr_wave [current_wave_config]
# if { [string length $curr_wave] == 0 } {
#   if { [llength [get_objects]] > 0} {
#     add_wave /
#     set_property needs_save false [current_wave_config]
#   } else {
#      send_msg_id Add_Wave-1 WARNING "No top level signals found. Simulator will start without a wave window. If you want to open a wave window go to 'File->New Waveform Configuration' or type 'create_wave_config' in the TCL console."
#   }
# }
# run 1000ns
INFO: [USF-XSim-96] XSim completed. Design snapshot 'MyMC14495_tb_behav' loaded.
INFO: [USF-XSim-97] XSim simulation ran for 1000ns
launch_simulation: Time (s): cpu = 00:00:02 ; elapsed = 00:00:10 . Memory (MB): peak = 849.297 ; gain = 4.477
export_ip_user_files -of_objects  [get_files C:/Users/15390/Desktop/DD/Mylab/lab6/MyMC14495/MyMC14495.srcs/sources_1/new/AND2.v] -no_script -reset -force -quiet
export_ip_user_files -of_objects  [get_files C:/Users/15390/Desktop/DD/Mylab/lab6/MyMC14495/MyMC14495.srcs/sources_1/new/INV.v] -no_script -reset -force -quiet
export_ip_user_files -of_objects  [get_files C:/Users/15390/Desktop/DD/Mylab/lab6/MyMC14495/MyMC14495.srcs/sources_1/new/AND4.v] -no_script -reset -force -quiet
export_ip_user_files -of_objects  [get_files C:/Users/15390/Desktop/DD/Mylab/lab6/MyMC14495/MyMC14495.srcs/sources_1/new/AND3.v] -no_script -reset -force -quiet
remove_files  {C:/Users/15390/Desktop/DD/Mylab/lab6/MyMC14495/MyMC14495.srcs/sources_1/new/AND2.v C:/Users/15390/Desktop/DD/Mylab/lab6/MyMC14495/MyMC14495.srcs/sources_1/new/INV.v C:/Users/15390/Desktop/DD/Mylab/lab6/MyMC14495/MyMC14495.srcs/sources_1/new/AND4.v C:/Users/15390/Desktop/DD/Mylab/lab6/MyMC14495/MyMC14495.srcs/sources_1/new/AND3.v}
update_compile_order -fileset sources_1
export_ip_user_files -of_objects  [get_files C:/Users/15390/Desktop/DD/Mylab/lab6/MyMC14495/MyMC14495.srcs/sources_1/new/OR3.v] -no_script -reset -force -quiet
export_ip_user_files -of_objects  [get_files C:/Users/15390/Desktop/DD/Mylab/lab6/MyMC14495/MyMC14495.srcs/sources_1/new/OR2.v] -no_script -reset -force -quiet
export_ip_user_files -of_objects  [get_files C:/Users/15390/Desktop/DD/Mylab/lab6/MyMC14495/MyMC14495.srcs/sources_1/new/OR4.v] -no_script -reset -force -quiet
remove_files  {C:/Users/15390/Desktop/DD/Mylab/lab6/MyMC14495/MyMC14495.srcs/sources_1/new/OR3.v C:/Users/15390/Desktop/DD/Mylab/lab6/MyMC14495/MyMC14495.srcs/sources_1/new/OR2.v C:/Users/15390/Desktop/DD/Mylab/lab6/MyMC14495/MyMC14495.srcs/sources_1/new/OR4.v}
close_sim
INFO: [Simtcl 6-16] Simulation closed
exit
INFO: [Common 17-206] Exiting Vivado at Wed Nov  8 21:53:36 2023...
