#-----------------------------------------------------------
# Vivado v2019.1 (64-bit)
# SW Build 2552052 on Fri May 24 14:49:42 MDT 2019
# IP Build 2548770 on Fri May 24 18:01:18 MDT 2019
# Start of session at: Wed Nov 29 04:09:50 2023
# Process ID: 10296
# Current directory: C:/Users/15390/Desktop/DD/Mylab/lab6/MyMC14495
# Command line: vivado.exe -gui_launcher_event rodinguilauncherevent24668 C:\Users\15390\Desktop\DD\Mylab\lab6\MyMC14495\MyMC14495.xpr
# Log file: C:/Users/15390/Desktop/DD/Mylab/lab6/MyMC14495/vivado.log
# Journal file: C:/Users/15390/Desktop/DD/Mylab/lab6/MyMC14495\vivado.jou
#-----------------------------------------------------------
start_gui
open_project C:/Users/15390/Desktop/DD/Mylab/lab6/MyMC14495/MyMC14495.xpr
Scanning sources...
Finished scanning sources
INFO: [IP_Flow 19-234] Refreshing IP repositories
INFO: [IP_Flow 19-1704] No user IP repositories specified
INFO: [IP_Flow 19-2313] Loaded Vivado IP repository 'D:/Xilinx/Vivado/2019.1/data/ip'.
open_project: Time (s): cpu = 00:00:04 ; elapsed = 00:00:06 . Memory (MB): peak = 762.582 ; gain = 71.043
update_compile_order -fileset sources_1
exit
INFO: [Common 17-206] Exiting Vivado at Wed Nov 29 04:17:05 2023...
