#-----------------------------------------------------------
# Vivado v2019.1 (64-bit)
# SW Build 2552052 on Fri May 24 14:49:42 MDT 2019
# IP Build 2548770 on Fri May 24 18:01:18 MDT 2019
# Start of session at: Wed Dec 27 15:44:20 2023
# Process ID: 99496
# Current directory: C:/Users/15390/Desktop/DD/Mylab/lab13/ShfitReg8b
# Command line: vivado.exe -gui_launcher_event rodinguilauncherevent90864 C:\Users\15390\Desktop\DD\Mylab\lab13\ShfitReg8b\ShfitReg8b.xpr
# Log file: C:/Users/15390/Desktop/DD/Mylab/lab13/ShfitReg8b/vivado.log
# Journal file: C:/Users/15390/Desktop/DD/Mylab/lab13/ShfitReg8b\vivado.jou
#-----------------------------------------------------------
start_gui
open_project C:/Users/15390/Desktop/DD/Mylab/lab13/ShfitReg8b/ShfitReg8b.xpr
Scanning sources...
Finished scanning sources
INFO: [IP_Flow 19-234] Refreshing IP repositories
INFO: [IP_Flow 19-1704] No user IP repositories specified
INFO: [IP_Flow 19-2313] Loaded Vivado IP repository 'D:/Xilinx/Vivado/2019.1/data/ip'.
open_project: Time (s): cpu = 00:00:04 ; elapsed = 00:00:07 . Memory (MB): peak = 750.879 ; gain = 76.891
update_compile_order -fileset sources_1
launch_simulation
INFO: [Vivado 12-5682] Launching behavioral simulation in 'C:/Users/15390/Desktop/DD/Mylab/lab13/ShfitReg8b/ShfitReg8b.sim/sim_1/behav/xsim'
INFO: [SIM-utils-51] Simulation object is 'sim_1'
INFO: [SIM-utils-54] Inspecting design source files for 'shift_reg_tb' in fileset 'sim_1'...
INFO: [USF-XSim-97] Finding global include files...
INFO: [USF-XSim-98] Fetching design files from 'sim_1'...
INFO: [USF-XSim-2] XSim::Compile design
INFO: [USF-XSim-61] Executing 'COMPILE and ANALYZE' step in 'C:/Users/15390/Desktop/DD/Mylab/lab13/ShfitReg8b/ShfitReg8b.sim/sim_1/behav/xsim'
"xvlog --incr --relax -prj shift_reg_tb_vlog.prj"
INFO: [VRFC 10-2263] Analyzing Verilog file "C:/Users/15390/Desktop/DD/Mylab/lab13/ShfitReg8b/ShfitReg8b.srcs/sources_1/new/AND2.v" into library xil_defaultlib
INFO: [VRFC 10-311] analyzing module AND2
INFO: [VRFC 10-2263] Analyzing Verilog file "C:/Users/15390/Desktop/DD/Mylab/lab13/ShfitReg8b/ShfitReg8b.srcs/sources_1/new/FD.v" into library xil_defaultlib
INFO: [VRFC 10-311] analyzing module FD
INFO: [VRFC 10-2263] Analyzing Verilog file "C:/Users/15390/Desktop/DD/Mylab/lab13/ShfitReg8b/ShfitReg8b.srcs/sources_1/new/OR2.v" into library xil_defaultlib
INFO: [VRFC 10-311] analyzing module OR2
INFO: [VRFC 10-2263] Analyzing Verilog file "C:/Users/15390/Desktop/DD/Mylab/lab13/ShfitReg8b/ShfitReg8b.srcs/sources_1/new/shift_reg.v" into library xil_defaultlib
INFO: [VRFC 10-311] analyzing module shift_reg
INFO: [VRFC 10-2263] Analyzing Verilog file "C:/Users/15390/Desktop/DD/Mylab/lab13/ShfitReg8b/ShfitReg8b.srcs/sources_1/new/wire1.v" into library xil_defaultlib
INFO: [VRFC 10-311] analyzing module wire1
INFO: [VRFC 10-2263] Analyzing Verilog file "C:/Users/15390/Desktop/DD/Mylab/lab13/ShfitReg8b/ShfitReg8b.srcs/sim_1/new/shift_reg_tb.v" into library xil_defaultlib
INFO: [VRFC 10-311] analyzing module shift_reg_tb
INFO: [USF-XSim-69] 'compile' step finished in '2' seconds
INFO: [USF-XSim-3] XSim::Elaborate design
INFO: [USF-XSim-61] Executing 'ELABORATE' step in 'C:/Users/15390/Desktop/DD/Mylab/lab13/ShfitReg8b/ShfitReg8b.sim/sim_1/behav/xsim'
"xelab -wto d55bb7ecbe4541a8a529dd3251df1235 --incr --debug typical --relax --mt 2 -L xil_defaultlib -L unisims_ver -L unimacro_ver -L secureip --snapshot shift_reg_tb_behav xil_defaultlib.shift_reg_tb xil_defaultlib.glbl -log elaborate.log"
Vivado Simulator 2019.1
Copyright 1986-1999, 2001-2019 Xilinx, Inc. All Rights Reserved.
Running: D:/Xilinx/Vivado/2019.1/bin/unwrapped/win64.o/xelab.exe -wto d55bb7ecbe4541a8a529dd3251df1235 --incr --debug typical --relax --mt 2 -L xil_defaultlib -L unisims_ver -L unimacro_ver -L secureip --snapshot shift_reg_tb_behav xil_defaultlib.shift_reg_tb xil_defaultlib.glbl -log elaborate.log 
Using 2 slave threads.
Starting static elaboration
Completed static elaboration
Starting simulation data flow analysis
Completed simulation data flow analysis
Time Resolution for simulation is 1ps
Compiling module xil_defaultlib.AND2
Compiling module xil_defaultlib.OR2
Compiling module xil_defaultlib.FD
Compiling module xil_defaultlib.wire1
Compiling module xil_defaultlib.shift_reg_default
Compiling module xil_defaultlib.shift_reg_tb
Compiling module xil_defaultlib.glbl
Built simulation snapshot shift_reg_tb_behav

****** Webtalk v2019.1 (64-bit)
  **** SW Build 2552052 on Fri May 24 14:49:42 MDT 2019
  **** IP Build 2548770 on Fri May 24 18:01:18 MDT 2019
    ** Copyright 1986-2019 Xilinx, Inc. All Rights Reserved.

source C:/Users/15390/Desktop/DD/Mylab/lab13/ShfitReg8b/ShfitReg8b.sim/sim_1/behav/xsim/xsim.dir/shift_reg_tb_behav/webtalk/xsim_webtalk.tcl -notrace
INFO: [Common 17-206] Exiting Webtalk at Wed Dec 27 15:45:01 2023...
run_program: Time (s): cpu = 00:00:00 ; elapsed = 00:00:07 . Memory (MB): peak = 787.234 ; gain = 0.000
INFO: [USF-XSim-69] 'elaborate' step finished in '7' seconds
INFO: [USF-XSim-4] XSim::Simulate design
INFO: [USF-XSim-61] Executing 'SIMULATE' step in 'C:/Users/15390/Desktop/DD/Mylab/lab13/ShfitReg8b/ShfitReg8b.sim/sim_1/behav/xsim'
INFO: [USF-XSim-98] *** Running xsim
   with args "shift_reg_tb_behav -key {Behavioral:sim_1:Functional:shift_reg_tb} -tclbatch {shift_reg_tb.tcl} -log {simulate.log}"
INFO: [USF-XSim-8] Loading simulator feature
Vivado Simulator 2019.1
Time resolution is 1 ps
source shift_reg_tb.tcl
# set curr_wave [current_wave_config]
# if { [string length $curr_wave] == 0 } {
#   if { [llength [get_objects]] > 0} {
#     add_wave /
#     set_property needs_save false [current_wave_config]
#   } else {
#      send_msg_id Add_Wave-1 WARNING "No top level signals found. Simulator will start without a wave window. If you want to open a wave window go to 'File->New Waveform Configuration' or type 'create_wave_config' in the TCL console."
#   }
# }
# run 1000ns
INFO: [USF-XSim-96] XSim completed. Design snapshot 'shift_reg_tb_behav' loaded.
INFO: [USF-XSim-97] XSim simulation ran for 1000ns
launch_simulation: Time (s): cpu = 00:00:03 ; elapsed = 00:00:15 . Memory (MB): peak = 818.996 ; gain = 31.762
close_sim
INFO: [Simtcl 6-16] Simulation closed
close_sim: Time (s): cpu = 00:00:00 ; elapsed = 00:00:06 . Memory (MB): peak = 825.984 ; gain = 6.988
exit
INFO: [Common 17-206] Exiting Vivado at Wed Dec 27 15:45:26 2023...
