#-----------------------------------------------------------
# Vivado v2019.1 (64-bit)
# SW Build 2552052 on Fri May 24 14:49:42 MDT 2019
# IP Build 2548770 on Fri May 24 18:01:18 MDT 2019
# Start of session at: Wed Dec 27 09:40:55 2023
# Process ID: 38628
# Current directory: C:/Users/15390/Desktop/DD/Mylab/lab13/SEGP2S
# Command line: vivado.exe -gui_launcher_event rodinguilauncherevent15060 C:\Users\15390\Desktop\DD\Mylab\lab13\SEGP2S\SEGP2S.xpr
# Log file: C:/Users/15390/Desktop/DD/Mylab/lab13/SEGP2S/vivado.log
# Journal file: C:/Users/15390/Desktop/DD/Mylab/lab13/SEGP2S\vivado.jou
#-----------------------------------------------------------
start_gui
open_project C:/Users/15390/Desktop/DD/Mylab/lab13/SEGP2S/SEGP2S.xpr
Scanning sources...
Finished scanning sources
INFO: [IP_Flow 19-234] Refreshing IP repositories
INFO: [IP_Flow 19-1704] No user IP repositories specified
INFO: [IP_Flow 19-2313] Loaded Vivado IP repository 'D:/Xilinx/Vivado/2019.1/data/ip'.
open_project: Time (s): cpu = 00:00:04 ; elapsed = 00:00:06 . Memory (MB): peak = 788.301 ; gain = 120.336
update_compile_order -fileset sources_1
close [ open C:/Users/15390/Desktop/DD/Mylab/lab13/SEGP2S/SEGP2S.srcs/sources_1/new/SSeg_Dev.v w ]
add_files C:/Users/15390/Desktop/DD/Mylab/lab13/SEGP2S/SEGP2S.srcs/sources_1/new/SSeg_Dev.v
update_compile_order -fileset sources_1
close [ open C:/Users/15390/Desktop/DD/Mylab/lab13/SEGP2S/SEGP2S.srcs/sources_1/new/HexToSeg.v w ]
add_files C:/Users/15390/Desktop/DD/Mylab/lab13/SEGP2S/SEGP2S.srcs/sources_1/new/HexToSeg.v
close [ open C:/Users/15390/Desktop/DD/Mylab/lab13/SEGP2S/SEGP2S.srcs/sources_1/new/HexsTo8Seg.v w ]
add_files C:/Users/15390/Desktop/DD/Mylab/lab13/SEGP2S/SEGP2S.srcs/sources_1/new/HexsTo8Seg.v
update_compile_order -fileset sources_1
close [ open C:/Users/15390/Desktop/DD/Mylab/lab13/SEGP2S/SEGP2S.srcs/sources_1/new/MyMC14495.v w ]
add_files C:/Users/15390/Desktop/DD/Mylab/lab13/SEGP2S/SEGP2S.srcs/sources_1/new/MyMC14495.v
update_compile_order -fileset sources_1
close [ open C:/Users/15390/Desktop/DD/Mylab/lab13/SEGP2S/SEGP2S.srcs/sources_1/new/Top.v w ]
add_files C:/Users/15390/Desktop/DD/Mylab/lab13/SEGP2S/SEGP2S.srcs/sources_1/new/Top.v
update_compile_order -fileset sources_1
close [ open C:/Users/15390/Desktop/DD/Mylab/lab13/SEGP2S/SEGP2S.srcs/sources_1/new/Adder1b.v w ]
add_files C:/Users/15390/Desktop/DD/Mylab/lab13/SEGP2S/SEGP2S.srcs/sources_1/new/Adder1b.v
close [ open C:/Users/15390/Desktop/DD/Mylab/lab13/SEGP2S/SEGP2S.srcs/sources_1/new/AddSub1b.v w ]
add_files C:/Users/15390/Desktop/DD/Mylab/lab13/SEGP2S/SEGP2S.srcs/sources_1/new/AddSub1b.v
close [ open C:/Users/15390/Desktop/DD/Mylab/lab13/SEGP2S/SEGP2S.srcs/sources_1/new/pbdebounce.v w ]
add_files C:/Users/15390/Desktop/DD/Mylab/lab13/SEGP2S/SEGP2S.srcs/sources_1/new/pbdebounce.v
close [ open C:/Users/15390/Desktop/DD/Mylab/lab13/SEGP2S/SEGP2S.srcs/sources_1/new/AddSub4b.v w ]
add_files C:/Users/15390/Desktop/DD/Mylab/lab13/SEGP2S/SEGP2S.srcs/sources_1/new/AddSub4b.v
close [ open C:/Users/15390/Desktop/DD/Mylab/lab13/SEGP2S/SEGP2S.srcs/sources_1/new/clkdiv.v w ]
add_files C:/Users/15390/Desktop/DD/Mylab/lab13/SEGP2S/SEGP2S.srcs/sources_1/new/clkdiv.v
update_compile_order -fileset sources_1
close [ open C:/Users/15390/Desktop/DD/Mylab/lab13/SEGP2S/SEGP2S.srcs/sources_1/new/Mux4to1.v w ]
add_files C:/Users/15390/Desktop/DD/Mylab/lab13/SEGP2S/SEGP2S.srcs/sources_1/new/Mux4to1.v
close [ open C:/Users/15390/Desktop/DD/Mylab/lab13/SEGP2S/SEGP2S.srcs/sources_1/new/Mux4to1b4.v w ]
add_files C:/Users/15390/Desktop/DD/Mylab/lab13/SEGP2S/SEGP2S.srcs/sources_1/new/Mux4to1b4.v
close [ open C:/Users/15390/Desktop/DD/Mylab/lab13/SEGP2S/SEGP2S.srcs/sources_1/new/DisplaySync.v w ]
add_files C:/Users/15390/Desktop/DD/Mylab/lab13/SEGP2S/SEGP2S.srcs/sources_1/new/DisplaySync.v
close [ open C:/Users/15390/Desktop/DD/Mylab/lab13/SEGP2S/SEGP2S.srcs/sources_1/new/DisplayNumber.v w ]
add_files C:/Users/15390/Desktop/DD/Mylab/lab13/SEGP2S/SEGP2S.srcs/sources_1/new/DisplayNumber.v
update_compile_order -fileset sources_1
set_property top Top [current_fileset]
update_compile_order -fileset sources_1
file mkdir C:/Users/15390/Desktop/DD/Mylab/lab13/SEGP2S/SEGP2S.srcs/constrs_1
file mkdir C:/Users/15390/Desktop/DD/Mylab/lab13/SEGP2S/SEGP2S.srcs/constrs_1/new
close [ open C:/Users/15390/Desktop/DD/Mylab/lab13/SEGP2S/SEGP2S.srcs/constrs_1/new/SSEGP2S.xdc w ]
add_files -fileset constrs_1 C:/Users/15390/Desktop/DD/Mylab/lab13/SEGP2S/SEGP2S.srcs/constrs_1/new/SSEGP2S.xdc
launch_runs impl_1 -to_step write_bitstream -jobs 8
[Wed Dec 27 11:00:36 2023] Launched synth_1...
Run output will be captured here: C:/Users/15390/Desktop/DD/Mylab/lab13/SEGP2S/SEGP2S.runs/synth_1/runme.log
[Wed Dec 27 11:00:36 2023] Launched impl_1...
Run output will be captured here: C:/Users/15390/Desktop/DD/Mylab/lab13/SEGP2S/SEGP2S.runs/impl_1/runme.log
reset_run synth_1
launch_runs impl_1 -to_step write_bitstream -jobs 8
[Wed Dec 27 11:02:37 2023] Launched synth_1...
Run output will be captured here: C:/Users/15390/Desktop/DD/Mylab/lab13/SEGP2S/SEGP2S.runs/synth_1/runme.log
[Wed Dec 27 11:02:37 2023] Launched impl_1...
Run output will be captured here: C:/Users/15390/Desktop/DD/Mylab/lab13/SEGP2S/SEGP2S.runs/impl_1/runme.log
reset_run synth_1
launch_runs impl_1 -to_step write_bitstream -jobs 8
[Wed Dec 27 11:03:24 2023] Launched synth_1...
Run output will be captured here: C:/Users/15390/Desktop/DD/Mylab/lab13/SEGP2S/SEGP2S.runs/synth_1/runme.log
[Wed Dec 27 11:03:24 2023] Launched impl_1...
Run output will be captured here: C:/Users/15390/Desktop/DD/Mylab/lab13/SEGP2S/SEGP2S.runs/impl_1/runme.log
reset_run synth_1
launch_runs impl_1 -to_step write_bitstream -jobs 8
[Wed Dec 27 11:04:16 2023] Launched synth_1...
Run output will be captured here: C:/Users/15390/Desktop/DD/Mylab/lab13/SEGP2S/SEGP2S.runs/synth_1/runme.log
[Wed Dec 27 11:04:16 2023] Launched impl_1...
Run output will be captured here: C:/Users/15390/Desktop/DD/Mylab/lab13/SEGP2S/SEGP2S.runs/impl_1/runme.log
reset_run synth_1
launch_runs impl_1 -to_step write_bitstream -jobs 8
[Wed Dec 27 11:06:31 2023] Launched synth_1...
Run output will be captured here: C:/Users/15390/Desktop/DD/Mylab/lab13/SEGP2S/SEGP2S.runs/synth_1/runme.log
[Wed Dec 27 11:06:31 2023] Launched impl_1...
Run output will be captured here: C:/Users/15390/Desktop/DD/Mylab/lab13/SEGP2S/SEGP2S.runs/impl_1/runme.log
reset_run synth_1
launch_runs impl_1 -to_step write_bitstream -jobs 8
[Wed Dec 27 11:07:16 2023] Launched synth_1...
Run output will be captured here: C:/Users/15390/Desktop/DD/Mylab/lab13/SEGP2S/SEGP2S.runs/synth_1/runme.log
[Wed Dec 27 11:07:16 2023] Launched impl_1...
Run output will be captured here: C:/Users/15390/Desktop/DD/Mylab/lab13/SEGP2S/SEGP2S.runs/impl_1/runme.log
reset_run synth_1
launch_runs impl_1 -to_step write_bitstream -jobs 8
[Wed Dec 27 11:08:11 2023] Launched synth_1...
Run output will be captured here: C:/Users/15390/Desktop/DD/Mylab/lab13/SEGP2S/SEGP2S.runs/synth_1/runme.log
[Wed Dec 27 11:08:11 2023] Launched impl_1...
Run output will be captured here: C:/Users/15390/Desktop/DD/Mylab/lab13/SEGP2S/SEGP2S.runs/impl_1/runme.log
reset_run synth_1
launch_runs impl_1 -to_step write_bitstream -jobs 8
[Wed Dec 27 11:08:41 2023] Launched synth_1...
Run output will be captured here: C:/Users/15390/Desktop/DD/Mylab/lab13/SEGP2S/SEGP2S.runs/synth_1/runme.log
[Wed Dec 27 11:08:41 2023] Launched impl_1...
Run output will be captured here: C:/Users/15390/Desktop/DD/Mylab/lab13/SEGP2S/SEGP2S.runs/impl_1/runme.log
reset_run synth_1
launch_runs impl_1 -to_step write_bitstream -jobs 8
[Wed Dec 27 11:09:55 2023] Launched synth_1...
Run output will be captured here: C:/Users/15390/Desktop/DD/Mylab/lab13/SEGP2S/SEGP2S.runs/synth_1/runme.log
[Wed Dec 27 11:09:55 2023] Launched impl_1...
Run output will be captured here: C:/Users/15390/Desktop/DD/Mylab/lab13/SEGP2S/SEGP2S.runs/impl_1/runme.log
reset_run synth_1
launch_runs impl_1 -to_step write_bitstream -jobs 8
[Wed Dec 27 11:15:33 2023] Launched synth_1...
Run output will be captured here: C:/Users/15390/Desktop/DD/Mylab/lab13/SEGP2S/SEGP2S.runs/synth_1/runme.log
[Wed Dec 27 11:15:33 2023] Launched impl_1...
Run output will be captured here: C:/Users/15390/Desktop/DD/Mylab/lab13/SEGP2S/SEGP2S.runs/impl_1/runme.log
reset_run synth_1
launch_runs impl_1 -to_step write_bitstream -jobs 8
[Wed Dec 27 11:24:46 2023] Launched synth_1...
Run output will be captured here: C:/Users/15390/Desktop/DD/Mylab/lab13/SEGP2S/SEGP2S.runs/synth_1/runme.log
[Wed Dec 27 11:24:46 2023] Launched impl_1...
Run output will be captured here: C:/Users/15390/Desktop/DD/Mylab/lab13/SEGP2S/SEGP2S.runs/impl_1/runme.log
exit
INFO: [Common 17-206] Exiting Vivado at Wed Dec 27 11:26:57 2023...
