#-----------------------------------------------------------
# Vivado v2019.1 (64-bit)
# SW Build 2552052 on Fri May 24 14:49:42 MDT 2019
# IP Build 2548770 on Fri May 24 18:01:18 MDT 2019
# Start of session at: Wed Dec 27 15:36:24 2023
# Process ID: 34424
# Current directory: C:/Users/15390/Desktop/DD/Mylab/lab13/SEGP2S
# Command line: vivado.exe -gui_launcher_event rodinguilauncherevent97892 C:\Users\15390\Desktop\DD\Mylab\lab13\SEGP2S\SEGP2S.xpr
# Log file: C:/Users/15390/Desktop/DD/Mylab/lab13/SEGP2S/vivado.log
# Journal file: C:/Users/15390/Desktop/DD/Mylab/lab13/SEGP2S\vivado.jou
#-----------------------------------------------------------
start_gui
open_project C:/Users/15390/Desktop/DD/Mylab/lab13/SEGP2S/SEGP2S.xpr
Scanning sources...
Finished scanning sources
INFO: [IP_Flow 19-234] Refreshing IP repositories
INFO: [IP_Flow 19-1704] No user IP repositories specified
INFO: [IP_Flow 19-2313] Loaded Vivado IP repository 'D:/Xilinx/Vivado/2019.1/data/ip'.
open_project: Time (s): cpu = 00:00:11 ; elapsed = 00:00:08 . Memory (MB): peak = 754.555 ; gain = 76.332
update_compile_order -fileset sources_1
open_hw
connect_hw_server
INFO: [Labtools 27-2285] Connecting to hw_server url TCP:localhost:3121
open_hw_target
INFO: [Labtoolstcl 44-466] Opening hw_target localhost:3121/xilinx_tcf/Digilent/201706300081
set_property PROGRAM.FILE {C:/Users/15390/Desktop/DD/Mylab/lab13/SEGP2S/SEGP2S.runs/impl_1/Top.bit} [get_hw_devices xc7k160t_0]
current_hw_device [get_hw_devices xc7k160t_0]
refresh_hw_device -update_hw_probes false [lindex [get_hw_devices xc7k160t_0] 0]
INFO: [Labtools 27-1434] Device xc7k160t (JTAG device index = 0) is programmed with a design that has no supported debug core(s) in it.
set_property PROBES.FILE {} [get_hw_devices xc7k160t_0]
set_property FULL_PROBES.FILE {} [get_hw_devices xc7k160t_0]
set_property PROGRAM.FILE {C:/Users/15390/Desktop/DD/Mylab/lab13/SEGP2S/SEGP2S.runs/impl_1/Top.bit} [get_hw_devices xc7k160t_0]
program_hw_devices [get_hw_devices xc7k160t_0]
INFO: [Labtools 27-3164] End of startup status: HIGH
program_hw_devices: Time (s): cpu = 00:00:05 ; elapsed = 00:00:06 . Memory (MB): peak = 1964.703 ; gain = 0.082
refresh_hw_device [lindex [get_hw_devices xc7k160t_0] 0]
INFO: [Labtools 27-1434] Device xc7k160t (JTAG device index = 0) is programmed with a design that has no supported debug core(s) in it.
set_property PROBES.FILE {} [get_hw_devices xc7k160t_0]
set_property FULL_PROBES.FILE {} [get_hw_devices xc7k160t_0]
set_property PROGRAM.FILE {C:/Users/15390/Desktop/DD/Mylab/lab13/SEGP2S/SEGP2S.runs/impl_1/Top.bit} [get_hw_devices xc7k160t_0]
program_hw_devices [get_hw_devices xc7k160t_0]
INFO: [Labtools 27-3164] End of startup status: HIGH
program_hw_devices: Time (s): cpu = 00:00:05 ; elapsed = 00:00:06 . Memory (MB): peak = 2015.730 ; gain = 0.000
refresh_hw_device [lindex [get_hw_devices xc7k160t_0] 0]
INFO: [Labtools 27-1434] Device xc7k160t (JTAG device index = 0) is programmed with a design that has no supported debug core(s) in it.
reset_run synth_1
launch_runs impl_1 -to_step write_bitstream -jobs 8
[Wed Dec 27 16:03:32 2023] Launched synth_1...
Run output will be captured here: C:/Users/15390/Desktop/DD/Mylab/lab13/SEGP2S/SEGP2S.runs/synth_1/runme.log
[Wed Dec 27 16:03:32 2023] Launched impl_1...
Run output will be captured here: C:/Users/15390/Desktop/DD/Mylab/lab13/SEGP2S/SEGP2S.runs/impl_1/runme.log
reset_run synth_1
launch_runs impl_1 -to_step write_bitstream -jobs 8
[Wed Dec 27 16:03:48 2023] Launched synth_1...
Run output will be captured here: C:/Users/15390/Desktop/DD/Mylab/lab13/SEGP2S/SEGP2S.runs/synth_1/runme.log
[Wed Dec 27 16:03:48 2023] Launched impl_1...
Run output will be captured here: C:/Users/15390/Desktop/DD/Mylab/lab13/SEGP2S/SEGP2S.runs/impl_1/runme.log
set_property PROBES.FILE {} [get_hw_devices xc7k160t_0]
set_property FULL_PROBES.FILE {} [get_hw_devices xc7k160t_0]
set_property PROGRAM.FILE {C:/Users/15390/Desktop/DD/Mylab/lab13/SEGP2S/SEGP2S.runs/impl_1/Top.bit} [get_hw_devices xc7k160t_0]
program_hw_devices [get_hw_devices xc7k160t_0]
INFO: [Labtools 27-3164] End of startup status: HIGH
program_hw_devices: Time (s): cpu = 00:00:05 ; elapsed = 00:00:06 . Memory (MB): peak = 2041.812 ; gain = 0.000
refresh_hw_device [lindex [get_hw_devices xc7k160t_0] 0]
INFO: [Labtools 27-1434] Device xc7k160t (JTAG device index = 0) is programmed with a design that has no supported debug core(s) in it.
reset_run synth_1
launch_runs impl_1 -to_step write_bitstream -jobs 8
[Wed Dec 27 16:14:34 2023] Launched synth_1...
Run output will be captured here: C:/Users/15390/Desktop/DD/Mylab/lab13/SEGP2S/SEGP2S.runs/synth_1/runme.log
[Wed Dec 27 16:14:34 2023] Launched impl_1...
Run output will be captured here: C:/Users/15390/Desktop/DD/Mylab/lab13/SEGP2S/SEGP2S.runs/impl_1/runme.log
set_property PROBES.FILE {} [get_hw_devices xc7k160t_0]
set_property FULL_PROBES.FILE {} [get_hw_devices xc7k160t_0]
set_property PROGRAM.FILE {C:/Users/15390/Desktop/DD/Mylab/lab13/SEGP2S/SEGP2S.runs/impl_1/Top.bit} [get_hw_devices xc7k160t_0]
program_hw_devices [get_hw_devices xc7k160t_0]
INFO: [Labtools 27-3164] End of startup status: HIGH
program_hw_devices: Time (s): cpu = 00:00:05 ; elapsed = 00:00:06 . Memory (MB): peak = 2048.090 ; gain = 0.000
refresh_hw_device [lindex [get_hw_devices xc7k160t_0] 0]
INFO: [Labtools 27-1434] Device xc7k160t (JTAG device index = 0) is programmed with a design that has no supported debug core(s) in it.
update_compile_order -fileset sources_1
update_compile_order -fileset sources_1
reset_run synth_1
launch_runs impl_1 -to_step write_bitstream -jobs 8
[Wed Dec 27 16:19:26 2023] Launched synth_1...
Run output will be captured here: C:/Users/15390/Desktop/DD/Mylab/lab13/SEGP2S/SEGP2S.runs/synth_1/runme.log
[Wed Dec 27 16:19:27 2023] Launched impl_1...
Run output will be captured here: C:/Users/15390/Desktop/DD/Mylab/lab13/SEGP2S/SEGP2S.runs/impl_1/runme.log
reset_run synth_1
launch_runs impl_1 -to_step write_bitstream -jobs 8
[Wed Dec 27 16:20:32 2023] Launched synth_1...
Run output will be captured here: C:/Users/15390/Desktop/DD/Mylab/lab13/SEGP2S/SEGP2S.runs/synth_1/runme.log
[Wed Dec 27 16:20:32 2023] Launched impl_1...
Run output will be captured here: C:/Users/15390/Desktop/DD/Mylab/lab13/SEGP2S/SEGP2S.runs/impl_1/runme.log
set_property PROBES.FILE {} [get_hw_devices xc7k160t_0]
set_property FULL_PROBES.FILE {} [get_hw_devices xc7k160t_0]
set_property PROGRAM.FILE {C:/Users/15390/Desktop/DD/Mylab/lab13/SEGP2S/SEGP2S.runs/impl_1/Top.bit} [get_hw_devices xc7k160t_0]
program_hw_devices [get_hw_devices xc7k160t_0]
INFO: [Labtools 27-3164] End of startup status: HIGH
program_hw_devices: Time (s): cpu = 00:00:05 ; elapsed = 00:00:06 . Memory (MB): peak = 2056.730 ; gain = 0.000
refresh_hw_device [lindex [get_hw_devices xc7k160t_0] 0]
INFO: [Labtools 27-1434] Device xc7k160t (JTAG device index = 0) is programmed with a design that has no supported debug core(s) in it.
reset_run synth_1
launch_runs impl_1 -to_step write_bitstream -jobs 8
[Wed Dec 27 16:23:28 2023] Launched synth_1...
Run output will be captured here: C:/Users/15390/Desktop/DD/Mylab/lab13/SEGP2S/SEGP2S.runs/synth_1/runme.log
[Wed Dec 27 16:23:29 2023] Launched impl_1...
Run output will be captured here: C:/Users/15390/Desktop/DD/Mylab/lab13/SEGP2S/SEGP2S.runs/impl_1/runme.log
set_property PROBES.FILE {} [get_hw_devices xc7k160t_0]
set_property FULL_PROBES.FILE {} [get_hw_devices xc7k160t_0]
set_property PROGRAM.FILE {C:/Users/15390/Desktop/DD/Mylab/lab13/SEGP2S/SEGP2S.runs/impl_1/Top.bit} [get_hw_devices xc7k160t_0]
program_hw_devices [get_hw_devices xc7k160t_0]
INFO: [Labtools 27-3164] End of startup status: HIGH
program_hw_devices: Time (s): cpu = 00:00:05 ; elapsed = 00:00:06 . Memory (MB): peak = 2058.285 ; gain = 0.000
refresh_hw_device [lindex [get_hw_devices xc7k160t_0] 0]
INFO: [Labtools 27-1434] Device xc7k160t (JTAG device index = 0) is programmed with a design that has no supported debug core(s) in it.
launch_simulation
INFO: [Vivado 12-5682] Launching behavioral simulation in 'C:/Users/15390/Desktop/DD/Mylab/lab13/SEGP2S/SEGP2S.sim/sim_1/behav/xsim'
INFO: [SIM-utils-51] Simulation object is 'sim_1'
INFO: [SIM-utils-54] Inspecting design source files for 'P2S_tb' in fileset 'sim_1'...
INFO: [USF-XSim-97] Finding global include files...
INFO: [USF-XSim-98] Fetching design files from 'sim_1'...
INFO: [USF-XSim-2] XSim::Compile design
INFO: [USF-XSim-61] Executing 'COMPILE and ANALYZE' step in 'C:/Users/15390/Desktop/DD/Mylab/lab13/SEGP2S/SEGP2S.sim/sim_1/behav/xsim'
"xvlog --incr --relax -prj P2S_tb_vlog.prj"
INFO: [VRFC 10-2263] Analyzing Verilog file "C:/Users/15390/Desktop/DD/Mylab/lab13/SEGP2S/SEGP2S.srcs/sources_1/new/AND2.v" into library xil_defaultlib
INFO: [VRFC 10-311] analyzing module AND2
INFO: [VRFC 10-2263] Analyzing Verilog file "C:/Users/15390/Desktop/DD/Mylab/lab13/SEGP2S/SEGP2S.srcs/sources_1/new/FD.v" into library xil_defaultlib
INFO: [VRFC 10-311] analyzing module FD
INFO: [VRFC 10-2263] Analyzing Verilog file "C:/Users/15390/Desktop/DD/Mylab/lab13/SEGP2S/SEGP2S.srcs/sources_1/new/OR2.v" into library xil_defaultlib
INFO: [VRFC 10-311] analyzing module OR2
INFO: [VRFC 10-2263] Analyzing Verilog file "C:/Users/15390/Desktop/DD/Mylab/lab13/SEGP2S/SEGP2S.srcs/sources_1/new/P2S.v" into library xil_defaultlib
INFO: [VRFC 10-311] analyzing module P2S
INFO: [VRFC 10-2263] Analyzing Verilog file "C:/Users/15390/Desktop/DD/Mylab/lab13/SEGP2S/SEGP2S.srcs/sources_1/new/SR_Latch.v" into library xil_defaultlib
INFO: [VRFC 10-311] analyzing module SR_Latch
INFO: [VRFC 10-2263] Analyzing Verilog file "C:/Users/15390/Desktop/DD/Mylab/lab13/SEGP2S/SEGP2S.srcs/sources_1/new/shift_reg.v" into library xil_defaultlib
INFO: [VRFC 10-311] analyzing module shift_reg
INFO: [VRFC 10-2263] Analyzing Verilog file "C:/Users/15390/Desktop/DD/Mylab/lab13/SEGP2S/SEGP2S.srcs/sources_1/new/wire1.v" into library xil_defaultlib
INFO: [VRFC 10-311] analyzing module wire1
INFO: [VRFC 10-2263] Analyzing Verilog file "C:/Users/15390/Desktop/DD/Mylab/lab13/SEGP2S/SEGP2S.srcs/sources_1/new/P2S_tb.v" into library xil_defaultlib
INFO: [VRFC 10-311] analyzing module P2S_tb
INFO: [USF-XSim-69] 'compile' step finished in '2' seconds
INFO: [USF-XSim-3] XSim::Elaborate design
INFO: [USF-XSim-61] Executing 'ELABORATE' step in 'C:/Users/15390/Desktop/DD/Mylab/lab13/SEGP2S/SEGP2S.sim/sim_1/behav/xsim'
"xelab -wto 62ccea6259434cd3a6fa580af914ca0a --incr --debug typical --relax --mt 2 -L xil_defaultlib -L unisims_ver -L unimacro_ver -L secureip --snapshot P2S_tb_behav xil_defaultlib.P2S_tb xil_defaultlib.glbl -log elaborate.log"
Vivado Simulator 2019.1
Copyright 1986-1999, 2001-2019 Xilinx, Inc. All Rights Reserved.
Running: D:/Xilinx/Vivado/2019.1/bin/unwrapped/win64.o/xelab.exe -wto 62ccea6259434cd3a6fa580af914ca0a --incr --debug typical --relax --mt 2 -L xil_defaultlib -L unisims_ver -L unimacro_ver -L secureip --snapshot P2S_tb_behav xil_defaultlib.P2S_tb xil_defaultlib.glbl -log elaborate.log 
Using 2 slave threads.
Starting static elaboration
Completed static elaboration
Starting simulation data flow analysis
Completed simulation data flow analysis
Time Resolution for simulation is 1ps
Compiling module xil_defaultlib.SR_Latch
Compiling module xil_defaultlib.AND2
Compiling module xil_defaultlib.OR2
Compiling module xil_defaultlib.FD
Compiling module xil_defaultlib.wire1
Compiling module xil_defaultlib.shift_reg(BIT_WIDTH=17)
Compiling module xil_defaultlib.P2S(BIT_WIDTH=16)
Compiling module xil_defaultlib.P2S_tb
Compiling module xil_defaultlib.glbl
Built simulation snapshot P2S_tb_behav
INFO: [USF-XSim-69] 'elaborate' step finished in '3' seconds
INFO: [USF-XSim-4] XSim::Simulate design
INFO: [USF-XSim-61] Executing 'SIMULATE' step in 'C:/Users/15390/Desktop/DD/Mylab/lab13/SEGP2S/SEGP2S.sim/sim_1/behav/xsim'
INFO: [USF-XSim-98] *** Running xsim
   with args "P2S_tb_behav -key {Behavioral:sim_1:Functional:P2S_tb} -tclbatch {P2S_tb.tcl} -log {simulate.log}"
INFO: [USF-XSim-8] Loading simulator feature
Vivado Simulator 2019.1
Time resolution is 1 ps
source P2S_tb.tcl
# set curr_wave [current_wave_config]
# if { [string length $curr_wave] == 0 } {
#   if { [llength [get_objects]] > 0} {
#     add_wave /
#     set_property needs_save false [current_wave_config]
#   } else {
#      send_msg_id Add_Wave-1 WARNING "No top level signals found. Simulator will start without a wave window. If you want to open a wave window go to 'File->New Waveform Configuration' or type 'create_wave_config' in the TCL console."
#   }
# }
# run 1000ns
INFO: [USF-XSim-96] XSim completed. Design snapshot 'P2S_tb_behav' loaded.
INFO: [USF-XSim-97] XSim simulation ran for 1000ns
launch_simulation: Time (s): cpu = 00:00:02 ; elapsed = 00:00:09 . Memory (MB): peak = 2072.871 ; gain = 14.055
run 1000 ns
run 1000 ns
reset_run synth_1
WARNING: [Vivado 12-1017] Problems encountered:
1. Failed to delete one or more files in run directory C:/Users/15390/Desktop/DD/Mylab/lab13/SEGP2S/SEGP2S.runs/synth_1

launch_runs impl_1 -to_step write_bitstream -jobs 8
[Wed Dec 27 16:27:57 2023] Launched synth_1...
Run output will be captured here: C:/Users/15390/Desktop/DD/Mylab/lab13/SEGP2S/SEGP2S.runs/synth_1/runme.log
[Wed Dec 27 16:27:57 2023] Launched impl_1...
Run output will be captured here: C:/Users/15390/Desktop/DD/Mylab/lab13/SEGP2S/SEGP2S.runs/impl_1/runme.log
set_property PROBES.FILE {} [get_hw_devices xc7k160t_0]
set_property FULL_PROBES.FILE {} [get_hw_devices xc7k160t_0]
set_property PROGRAM.FILE {C:/Users/15390/Desktop/DD/Mylab/lab13/SEGP2S/SEGP2S.runs/impl_1/Top.bit} [get_hw_devices xc7k160t_0]
program_hw_devices [get_hw_devices xc7k160t_0]
INFO: [Labtools 27-3164] End of startup status: HIGH
program_hw_devices: Time (s): cpu = 00:00:05 ; elapsed = 00:00:06 . Memory (MB): peak = 2214.328 ; gain = 0.000
refresh_hw_device [lindex [get_hw_devices xc7k160t_0] 0]
INFO: [Labtools 27-1434] Device xc7k160t (JTAG device index = 0) is programmed with a design that has no supported debug core(s) in it.
reset_run synth_1
WARNING: [Vivado 12-1017] Problems encountered:
1. Failed to delete one or more files in run directory C:/Users/15390/Desktop/DD/Mylab/lab13/SEGP2S/SEGP2S.runs/synth_1

launch_runs impl_1 -to_step write_bitstream -jobs 8
[Wed Dec 27 16:41:21 2023] Launched synth_1...
Run output will be captured here: C:/Users/15390/Desktop/DD/Mylab/lab13/SEGP2S/SEGP2S.runs/synth_1/runme.log
[Wed Dec 27 16:41:21 2023] Launched impl_1...
Run output will be captured here: C:/Users/15390/Desktop/DD/Mylab/lab13/SEGP2S/SEGP2S.runs/impl_1/runme.log
reset_run impl_1
reset_run synth_1
WARNING: [Vivado 12-1017] Problems encountered:
1. Failed to delete one or more files in run directory C:/Users/15390/Desktop/DD/Mylab/lab13/SEGP2S/SEGP2S.runs/synth_1

launch_runs impl_1 -to_step write_bitstream -jobs 8
[Wed Dec 27 16:43:07 2023] Launched synth_1...
Run output will be captured here: C:/Users/15390/Desktop/DD/Mylab/lab13/SEGP2S/SEGP2S.runs/synth_1/runme.log
[Wed Dec 27 16:43:07 2023] Launched impl_1...
Run output will be captured here: C:/Users/15390/Desktop/DD/Mylab/lab13/SEGP2S/SEGP2S.runs/impl_1/runme.log
set_property PROBES.FILE {} [get_hw_devices xc7k160t_0]
set_property FULL_PROBES.FILE {} [get_hw_devices xc7k160t_0]
set_property PROGRAM.FILE {C:/Users/15390/Desktop/DD/Mylab/lab13/SEGP2S/SEGP2S.runs/impl_1/Top.bit} [get_hw_devices xc7k160t_0]
program_hw_devices [get_hw_devices xc7k160t_0]
INFO: [Labtools 27-3164] End of startup status: HIGH
program_hw_devices: Time (s): cpu = 00:00:05 ; elapsed = 00:00:06 . Memory (MB): peak = 2214.328 ; gain = 0.000
refresh_hw_device [lindex [get_hw_devices xc7k160t_0] 0]
INFO: [Labtools 27-1434] Device xc7k160t (JTAG device index = 0) is programmed with a design that has no supported debug core(s) in it.
set_property PROBES.FILE {} [get_hw_devices xc7k160t_0]
set_property FULL_PROBES.FILE {} [get_hw_devices xc7k160t_0]
set_property PROGRAM.FILE {C:/Users/15390/Desktop/DD/Mylab/lab13/SEGP2S/SEGP2S.runs/impl_1/Top.bit} [get_hw_devices xc7k160t_0]
program_hw_devices [get_hw_devices xc7k160t_0]
INFO: [Labtools 27-3164] End of startup status: HIGH
program_hw_devices: Time (s): cpu = 00:00:05 ; elapsed = 00:00:06 . Memory (MB): peak = 2214.328 ; gain = 0.000
refresh_hw_device [lindex [get_hw_devices xc7k160t_0] 0]
INFO: [Labtools 27-1434] Device xc7k160t (JTAG device index = 0) is programmed with a design that has no supported debug core(s) in it.
reset_run synth_1
WARNING: [Vivado 12-1017] Problems encountered:
1. Failed to delete one or more files in run directory C:/Users/15390/Desktop/DD/Mylab/lab13/SEGP2S/SEGP2S.runs/synth_1

launch_runs impl_1 -to_step write_bitstream -jobs 8
[Wed Dec 27 16:57:26 2023] Launched synth_1...
Run output will be captured here: C:/Users/15390/Desktop/DD/Mylab/lab13/SEGP2S/SEGP2S.runs/synth_1/runme.log
[Wed Dec 27 16:57:26 2023] Launched impl_1...
Run output will be captured here: C:/Users/15390/Desktop/DD/Mylab/lab13/SEGP2S/SEGP2S.runs/impl_1/runme.log
set_property PROBES.FILE {} [get_hw_devices xc7k160t_0]
set_property FULL_PROBES.FILE {} [get_hw_devices xc7k160t_0]
set_property PROGRAM.FILE {C:/Users/15390/Desktop/DD/Mylab/lab13/SEGP2S/SEGP2S.runs/impl_1/Top.bit} [get_hw_devices xc7k160t_0]
program_hw_devices [get_hw_devices xc7k160t_0]
INFO: [Labtools 27-3164] End of startup status: HIGH
program_hw_devices: Time (s): cpu = 00:00:05 ; elapsed = 00:00:06 . Memory (MB): peak = 2254.273 ; gain = 0.000
refresh_hw_device [lindex [get_hw_devices xc7k160t_0] 0]
INFO: [Labtools 27-1434] Device xc7k160t (JTAG device index = 0) is programmed with a design that has no supported debug core(s) in it.
reset_run synth_1
WARNING: [Vivado 12-1017] Problems encountered:
1. Failed to delete one or more files in run directory C:/Users/15390/Desktop/DD/Mylab/lab13/SEGP2S/SEGP2S.runs/synth_1

launch_runs impl_1 -to_step write_bitstream -jobs 8
[Wed Dec 27 17:00:17 2023] Launched synth_1...
Run output will be captured here: C:/Users/15390/Desktop/DD/Mylab/lab13/SEGP2S/SEGP2S.runs/synth_1/runme.log
[Wed Dec 27 17:00:17 2023] Launched impl_1...
Run output will be captured here: C:/Users/15390/Desktop/DD/Mylab/lab13/SEGP2S/SEGP2S.runs/impl_1/runme.log
set_property PROBES.FILE {} [get_hw_devices xc7k160t_0]
set_property FULL_PROBES.FILE {} [get_hw_devices xc7k160t_0]
set_property PROGRAM.FILE {C:/Users/15390/Desktop/DD/Mylab/lab13/SEGP2S/SEGP2S.runs/impl_1/Top.bit} [get_hw_devices xc7k160t_0]
program_hw_devices [get_hw_devices xc7k160t_0]
INFO: [Labtools 27-3164] End of startup status: HIGH
program_hw_devices: Time (s): cpu = 00:00:05 ; elapsed = 00:00:06 . Memory (MB): peak = 2257.938 ; gain = 0.000
refresh_hw_device [lindex [get_hw_devices xc7k160t_0] 0]
INFO: [Labtools 27-1434] Device xc7k160t (JTAG device index = 0) is programmed with a design that has no supported debug core(s) in it.
reset_run synth_1
WARNING: [Vivado 12-1017] Problems encountered:
1. Failed to delete one or more files in run directory C:/Users/15390/Desktop/DD/Mylab/lab13/SEGP2S/SEGP2S.runs/synth_1

launch_runs impl_1 -to_step write_bitstream -jobs 8
[Wed Dec 27 17:05:09 2023] Launched synth_1...
Run output will be captured here: C:/Users/15390/Desktop/DD/Mylab/lab13/SEGP2S/SEGP2S.runs/synth_1/runme.log
[Wed Dec 27 17:05:09 2023] Launched impl_1...
Run output will be captured here: C:/Users/15390/Desktop/DD/Mylab/lab13/SEGP2S/SEGP2S.runs/impl_1/runme.log
set_property PROBES.FILE {} [get_hw_devices xc7k160t_0]
set_property FULL_PROBES.FILE {} [get_hw_devices xc7k160t_0]
set_property PROGRAM.FILE {C:/Users/15390/Desktop/DD/Mylab/lab13/SEGP2S/SEGP2S.runs/impl_1/Top.bit} [get_hw_devices xc7k160t_0]
program_hw_devices [get_hw_devices xc7k160t_0]
INFO: [Labtools 27-3164] End of startup status: HIGH
program_hw_devices: Time (s): cpu = 00:00:06 ; elapsed = 00:00:06 . Memory (MB): peak = 2257.938 ; gain = 0.000
refresh_hw_device [lindex [get_hw_devices xc7k160t_0] 0]
INFO: [Labtools 27-1434] Device xc7k160t (JTAG device index = 0) is programmed with a design that has no supported debug core(s) in it.
reset_run synth_1
WARNING: [Vivado 12-1017] Problems encountered:
1. Failed to delete one or more files in run directory C:/Users/15390/Desktop/DD/Mylab/lab13/SEGP2S/SEGP2S.runs/synth_1

launch_runs impl_1 -to_step write_bitstream -jobs 8
[Wed Dec 27 17:08:09 2023] Launched synth_1...
Run output will be captured here: C:/Users/15390/Desktop/DD/Mylab/lab13/SEGP2S/SEGP2S.runs/synth_1/runme.log
[Wed Dec 27 17:08:09 2023] Launched impl_1...
Run output will be captured here: C:/Users/15390/Desktop/DD/Mylab/lab13/SEGP2S/SEGP2S.runs/impl_1/runme.log
set_property PROBES.FILE {} [get_hw_devices xc7k160t_0]
set_property FULL_PROBES.FILE {} [get_hw_devices xc7k160t_0]
set_property PROGRAM.FILE {C:/Users/15390/Desktop/DD/Mylab/lab13/SEGP2S/SEGP2S.runs/impl_1/Top.bit} [get_hw_devices xc7k160t_0]
program_hw_devices [get_hw_devices xc7k160t_0]
INFO: [Labtools 27-3164] End of startup status: HIGH
program_hw_devices: Time (s): cpu = 00:00:06 ; elapsed = 00:00:06 . Memory (MB): peak = 2257.938 ; gain = 0.000
refresh_hw_device [lindex [get_hw_devices xc7k160t_0] 0]
INFO: [Labtools 27-1434] Device xc7k160t (JTAG device index = 0) is programmed with a design that has no supported debug core(s) in it.
import_files -norecurse C:/Users/15390/Desktop/DD/Mylab/lab11/MyALUTrans/MyALUTrans.srcs/sources_1/imports/P2S.edf
import_files -norecurse C:/Users/15390/Desktop/DD/Mylab/lab11/MyALUTrans/MyALUTrans.srcs/sources_1/imports/P2S_io.v
update_compile_order -fileset sources_1
update_compile_order -fileset sources_1
update_compile_order -fileset sources_1
update_compile_order -fileset sources_1
update_compile_order -fileset sources_1
update_compile_order -fileset sources_1
update_compile_order -fileset sources_1
update_compile_order -fileset sources_1
reset_run synth_1
WARNING: [Vivado 12-1017] Problems encountered:
1. Failed to delete one or more files in run directory C:/Users/15390/Desktop/DD/Mylab/lab13/SEGP2S/SEGP2S.runs/synth_1

launch_runs impl_1 -to_step write_bitstream -jobs 8
[Wed Dec 27 17:14:50 2023] Launched synth_1...
Run output will be captured here: C:/Users/15390/Desktop/DD/Mylab/lab13/SEGP2S/SEGP2S.runs/synth_1/runme.log
[Wed Dec 27 17:14:50 2023] Launched impl_1...
Run output will be captured here: C:/Users/15390/Desktop/DD/Mylab/lab13/SEGP2S/SEGP2S.runs/impl_1/runme.log
reset_run synth_1
WARNING: [Vivado 12-1017] Problems encountered:
1. Failed to delete one or more files in run directory C:/Users/15390/Desktop/DD/Mylab/lab13/SEGP2S/SEGP2S.runs/synth_1

launch_runs impl_1 -to_step write_bitstream -jobs 8
[Wed Dec 27 17:15:34 2023] Launched synth_1...
Run output will be captured here: C:/Users/15390/Desktop/DD/Mylab/lab13/SEGP2S/SEGP2S.runs/synth_1/runme.log
[Wed Dec 27 17:15:34 2023] Launched impl_1...
Run output will be captured here: C:/Users/15390/Desktop/DD/Mylab/lab13/SEGP2S/SEGP2S.runs/impl_1/runme.log
set_property PROBES.FILE {} [get_hw_devices xc7k160t_0]
set_property FULL_PROBES.FILE {} [get_hw_devices xc7k160t_0]
set_property PROGRAM.FILE {C:/Users/15390/Desktop/DD/Mylab/lab13/SEGP2S/SEGP2S.runs/impl_1/Top.bit} [get_hw_devices xc7k160t_0]
program_hw_devices [get_hw_devices xc7k160t_0]
INFO: [Labtools 27-3164] End of startup status: HIGH
program_hw_devices: Time (s): cpu = 00:00:05 ; elapsed = 00:00:06 . Memory (MB): peak = 2312.785 ; gain = 0.000
refresh_hw_device [lindex [get_hw_devices xc7k160t_0] 0]
INFO: [Labtools 27-1434] Device xc7k160t (JTAG device index = 0) is programmed with a design that has no supported debug core(s) in it.
reset_run synth_1
WARNING: [Vivado 12-1017] Problems encountered:
1. Failed to delete one or more files in run directory C:/Users/15390/Desktop/DD/Mylab/lab13/SEGP2S/SEGP2S.runs/synth_1

launch_runs impl_1 -to_step write_bitstream -jobs 8
[Wed Dec 27 17:18:34 2023] Launched synth_1...
Run output will be captured here: C:/Users/15390/Desktop/DD/Mylab/lab13/SEGP2S/SEGP2S.runs/synth_1/runme.log
[Wed Dec 27 17:18:34 2023] Launched impl_1...
Run output will be captured here: C:/Users/15390/Desktop/DD/Mylab/lab13/SEGP2S/SEGP2S.runs/impl_1/runme.log
reset_run synth_1
WARNING: [Vivado 12-1017] Problems encountered:
1. Failed to delete one or more files in run directory C:/Users/15390/Desktop/DD/Mylab/lab13/SEGP2S/SEGP2S.runs/synth_1

launch_runs impl_1 -to_step write_bitstream -jobs 8
[Wed Dec 27 17:20:49 2023] Launched synth_1...
Run output will be captured here: C:/Users/15390/Desktop/DD/Mylab/lab13/SEGP2S/SEGP2S.runs/synth_1/runme.log
[Wed Dec 27 17:20:49 2023] Launched impl_1...
Run output will be captured here: C:/Users/15390/Desktop/DD/Mylab/lab13/SEGP2S/SEGP2S.runs/impl_1/runme.log
set_property PROBES.FILE {} [get_hw_devices xc7k160t_0]
set_property FULL_PROBES.FILE {} [get_hw_devices xc7k160t_0]
set_property PROGRAM.FILE {C:/Users/15390/Desktop/DD/Mylab/lab13/SEGP2S/SEGP2S.runs/impl_1/Top.bit} [get_hw_devices xc7k160t_0]
program_hw_devices [get_hw_devices xc7k160t_0]
INFO: [Labtools 27-3164] End of startup status: HIGH
program_hw_devices: Time (s): cpu = 00:00:05 ; elapsed = 00:00:06 . Memory (MB): peak = 2312.785 ; gain = 0.000
refresh_hw_device [lindex [get_hw_devices xc7k160t_0] 0]
INFO: [Labtools 27-1434] Device xc7k160t (JTAG device index = 0) is programmed with a design that has no supported debug core(s) in it.
export_ip_user_files -of_objects  [get_files C:/Users/15390/Desktop/DD/Mylab/lab13/SEGP2S/SEGP2S.srcs/sources_1/imports/imports/P2S_io.v] -no_script -reset -force -quiet
remove_files  C:/Users/15390/Desktop/DD/Mylab/lab13/SEGP2S/SEGP2S.srcs/sources_1/imports/imports/P2S_io.v
file delete -force C:/Users/15390/Desktop/DD/Mylab/lab13/SEGP2S/SEGP2S.srcs/sources_1/imports/imports/P2S_io.v
export_ip_user_files -of_objects  [get_files C:/Users/15390/Desktop/DD/Mylab/lab13/SEGP2S/SEGP2S.srcs/sources_1/imports/imports/P2S.edf] -no_script -reset -force -quiet
remove_files  C:/Users/15390/Desktop/DD/Mylab/lab13/SEGP2S/SEGP2S.srcs/sources_1/imports/imports/P2S.edf
file delete -force C:/Users/15390/Desktop/DD/Mylab/lab13/SEGP2S/SEGP2S.srcs/sources_1/imports/imports/P2S.edf
update_compile_order -fileset sources_1
reset_run synth_1
WARNING: [Vivado 12-1017] Problems encountered:
1. Failed to delete one or more files in run directory C:/Users/15390/Desktop/DD/Mylab/lab13/SEGP2S/SEGP2S.runs/synth_1

launch_runs impl_1 -to_step write_bitstream -jobs 8
[Wed Dec 27 17:28:57 2023] Launched synth_1...
Run output will be captured here: C:/Users/15390/Desktop/DD/Mylab/lab13/SEGP2S/SEGP2S.runs/synth_1/runme.log
[Wed Dec 27 17:28:57 2023] Launched impl_1...
Run output will be captured here: C:/Users/15390/Desktop/DD/Mylab/lab13/SEGP2S/SEGP2S.runs/impl_1/runme.log
reset_run synth_1
WARNING: [Vivado 12-1017] Problems encountered:
1. Failed to delete one or more files in run directory C:/Users/15390/Desktop/DD/Mylab/lab13/SEGP2S/SEGP2S.runs/synth_1

launch_runs impl_1 -to_step write_bitstream -jobs 8
[Wed Dec 27 17:29:42 2023] Launched synth_1...
Run output will be captured here: C:/Users/15390/Desktop/DD/Mylab/lab13/SEGP2S/SEGP2S.runs/synth_1/runme.log
[Wed Dec 27 17:29:42 2023] Launched impl_1...
Run output will be captured here: C:/Users/15390/Desktop/DD/Mylab/lab13/SEGP2S/SEGP2S.runs/impl_1/runme.log
set_property PROBES.FILE {} [get_hw_devices xc7k160t_0]
set_property FULL_PROBES.FILE {} [get_hw_devices xc7k160t_0]
set_property PROGRAM.FILE {C:/Users/15390/Desktop/DD/Mylab/lab13/SEGP2S/SEGP2S.runs/impl_1/Top.bit} [get_hw_devices xc7k160t_0]
program_hw_devices [get_hw_devices xc7k160t_0]
INFO: [Labtools 27-3164] End of startup status: HIGH
program_hw_devices: Time (s): cpu = 00:00:05 ; elapsed = 00:00:06 . Memory (MB): peak = 2312.785 ; gain = 0.000
refresh_hw_device [lindex [get_hw_devices xc7k160t_0] 0]
INFO: [Labtools 27-1434] Device xc7k160t (JTAG device index = 0) is programmed with a design that has no supported debug core(s) in it.
reset_run impl_1 -prev_step 
launch_runs impl_1 -to_step write_bitstream -jobs 8
[Wed Dec 27 17:32:43 2023] Launched impl_1...
Run output will be captured here: C:/Users/15390/Desktop/DD/Mylab/lab13/SEGP2S/SEGP2S.runs/impl_1/runme.log
set_property PROBES.FILE {} [get_hw_devices xc7k160t_0]
set_property FULL_PROBES.FILE {} [get_hw_devices xc7k160t_0]
set_property PROGRAM.FILE {C:/Users/15390/Desktop/DD/Mylab/lab13/SEGP2S/SEGP2S.runs/impl_1/Top.bit} [get_hw_devices xc7k160t_0]
program_hw_devices [get_hw_devices xc7k160t_0]
INFO: [Labtools 27-3164] End of startup status: HIGH
program_hw_devices: Time (s): cpu = 00:00:05 ; elapsed = 00:00:06 . Memory (MB): peak = 2312.785 ; gain = 0.000
refresh_hw_device [lindex [get_hw_devices xc7k160t_0] 0]
INFO: [Labtools 27-1434] Device xc7k160t (JTAG device index = 0) is programmed with a design that has no supported debug core(s) in it.
close_sim
INFO: [Simtcl 6-16] Simulation closed
exit
INFO: [Common 17-206] Exiting Vivado at Wed Dec 27 17:37:18 2023...
