#-----------------------------------------------------------
# Vivado v2019.1 (64-bit)
# SW Build 2552052 on Fri May 24 14:49:42 MDT 2019
# IP Build 2548770 on Fri May 24 18:01:18 MDT 2019
# Start of session at: Sun Nov  5 06:10:29 2023
# Process ID: 22052
# Current directory: C:/Users/15390/Desktop/DD/Mylab/lab1/LampCtrl_SCH
# Command line: vivado.exe -gui_launcher_event rodinguilauncherevent5080 C:\Users\15390\Desktop\DD\Mylab\lab1\LampCtrl_SCH\LampCtrl_SCH.xpr
# Log file: C:/Users/15390/Desktop/DD/Mylab/lab1/LampCtrl_SCH/vivado.log
# Journal file: C:/Users/15390/Desktop/DD/Mylab/lab1/LampCtrl_SCH\vivado.jou
#-----------------------------------------------------------
start_gui
open_project C:/Users/15390/Desktop/DD/Mylab/lab1/LampCtrl_SCH/LampCtrl_SCH.xpr
Scanning sources...
Finished scanning sources
INFO: [IP_Flow 19-234] Refreshing IP repositories
INFO: [IP_Flow 19-1704] No user IP repositories specified
INFO: [IP_Flow 19-2313] Loaded Vivado IP repository 'D:/Xilinx/Vivado/2019.1/data/ip'.
open_project: Time (s): cpu = 00:00:12 ; elapsed = 00:00:12 . Memory (MB): peak = 768.410 ; gain = 101.387
update_compile_order -fileset sources_1
exit
INFO: [Common 17-206] Exiting Vivado at Sun Nov  5 06:11:35 2023...
