#-----------------------------------------------------------
# Vivado v2019.1 (64-bit)
# SW Build 2552052 on Fri May 24 14:49:42 MDT 2019
# IP Build 2548770 on Fri May 24 18:01:18 MDT 2019
# Start of session at: Wed Dec 27 05:56:25 2023
# Process ID: 36188
# Current directory: C:/Users/15390/Desktop/DD/Mylab/lab10/myRevCounter
# Command line: vivado.exe -gui_launcher_event rodinguilauncherevent78076 C:\Users\15390\Desktop\DD\Mylab\lab10\myRevCounter\myRevCounter.xpr
# Log file: C:/Users/15390/Desktop/DD/Mylab/lab10/myRevCounter/vivado.log
# Journal file: C:/Users/15390/Desktop/DD/Mylab/lab10/myRevCounter\vivado.jou
#-----------------------------------------------------------
start_gui
open_project C:/Users/15390/Desktop/DD/Mylab/lab10/myRevCounter/myRevCounter.xpr
Scanning sources...
Finished scanning sources
INFO: [IP_Flow 19-234] Refreshing IP repositories
INFO: [IP_Flow 19-1704] No user IP repositories specified
INFO: [IP_Flow 19-2313] Loaded Vivado IP repository 'D:/Xilinx/Vivado/2019.1/data/ip'.
open_project: Time (s): cpu = 00:00:06 ; elapsed = 00:00:10 . Memory (MB): peak = 798.844 ; gain = 94.402
update_compile_order -fileset sources_1
exit
INFO: [Common 17-206] Exiting Vivado at Wed Dec 27 05:57:02 2023...
