#-----------------------------------------------------------
# Vivado v2019.1 (64-bit)
# SW Build 2552052 on Fri May 24 14:49:42 MDT 2019
# IP Build 2548770 on Fri May 24 18:01:18 MDT 2019
# Start of session at: Wed Dec 13 05:04:14 2023
# Process ID: 2928
# Current directory: C:/Users/15390/Desktop/DD/Mylab/lab10/myRevCounter
# Command line: vivado.exe -gui_launcher_event rodinguilauncherevent21372 C:\Users\15390\Desktop\DD\Mylab\lab10\myRevCounter\myRevCounter.xpr
# Log file: C:/Users/15390/Desktop/DD/Mylab/lab10/myRevCounter/vivado.log
# Journal file: C:/Users/15390/Desktop/DD/Mylab/lab10/myRevCounter\vivado.jou
#-----------------------------------------------------------
start_gui
open_project C:/Users/15390/Desktop/DD/Mylab/lab10/myRevCounter/myRevCounter.xpr
Scanning sources...
Finished scanning sources
INFO: [IP_Flow 19-234] Refreshing IP repositories
INFO: [IP_Flow 19-1704] No user IP repositories specified
INFO: [IP_Flow 19-2313] Loaded Vivado IP repository 'D:/Xilinx/Vivado/2019.1/data/ip'.
update_compile_order -fileset sources_1
import_files -norecurse C:/Users/15390/Desktop/DD/Mylab/lab11/MyALUTrans/MyALUTrans.srcs/sources_1/imports/P2S.edf
import_files -norecurse {C:/Users/15390/Desktop/DD/Mylab/lab11/MyALUTrans/MyALUTrans.srcs/sources_1/imports/SSeg_Dev/Hex2Seg.v C:/Users/15390/Desktop/DD/Mylab/lab11/MyALUTrans/MyALUTrans.srcs/sources_1/imports/SSeg_Dev/SSeg_Dev.v C:/Users/15390/Desktop/DD/Mylab/lab11/MyALUTrans/MyALUTrans.srcs/sources_1/imports/P2S_io.v C:/Users/15390/Desktop/DD/Mylab/lab11/MyALUTrans/MyALUTrans.srcs/sources_1/imports/SSeg_Dev/HexTo8SEG.v}
update_compile_order -fileset sources_1
export_ip_user_files -of_objects  [get_files C:/Users/15390/Desktop/DD/Mylab/lab10/myRevCounter/myRevCounter.srcs/sources_1/imports/imports/SSeg_Dev/SSeg_Dev.v] -no_script -reset -force -quiet
remove_files  C:/Users/15390/Desktop/DD/Mylab/lab10/myRevCounter/myRevCounter.srcs/sources_1/imports/imports/SSeg_Dev/SSeg_Dev.v
export_ip_user_files -of_objects  [get_files C:/Users/15390/Desktop/DD/Mylab/lab10/myRevCounter/myRevCounter.srcs/sources_1/imports/imports/P2S.edf] -no_script -reset -force -quiet
remove_files  C:/Users/15390/Desktop/DD/Mylab/lab10/myRevCounter/myRevCounter.srcs/sources_1/imports/imports/P2S.edf
export_ip_user_files -of_objects  [get_files C:/Users/15390/Desktop/DD/Mylab/lab10/myRevCounter/myRevCounter.srcs/sources_1/imports/imports/SSeg_Dev/Hex2Seg.v] -no_script -reset -force -quiet
remove_files  C:/Users/15390/Desktop/DD/Mylab/lab10/myRevCounter/myRevCounter.srcs/sources_1/imports/imports/SSeg_Dev/Hex2Seg.v
export_ip_user_files -of_objects  [get_files C:/Users/15390/Desktop/DD/Mylab/lab10/myRevCounter/myRevCounter.srcs/sources_1/imports/imports/SSeg_Dev/HexTo8SEG.v] -no_script -reset -force -quiet
remove_files  C:/Users/15390/Desktop/DD/Mylab/lab10/myRevCounter/myRevCounter.srcs/sources_1/imports/imports/SSeg_Dev/HexTo8SEG.v
export_ip_user_files -of_objects  [get_files C:/Users/15390/Desktop/DD/Mylab/lab10/myRevCounter/myRevCounter.srcs/sources_1/imports/imports/P2S_io.v] -no_script -reset -force -quiet
remove_files  C:/Users/15390/Desktop/DD/Mylab/lab10/myRevCounter/myRevCounter.srcs/sources_1/imports/imports/P2S_io.v
exit
INFO: [Common 17-206] Exiting Vivado at Wed Dec 13 05:55:32 2023...
