#-----------------------------------------------------------
# Vivado v2019.1 (64-bit)
# SW Build 2552052 on Fri May 24 14:49:42 MDT 2019
# IP Build 2548770 on Fri May 24 18:01:18 MDT 2019
# Start of session at: Wed Nov 29 02:08:48 2023
# Process ID: 22904
# Current directory: C:/Users/15390/Desktop/DD/Mylab/lab8/AddSub4b
# Command line: vivado.exe -gui_launcher_event rodinguilauncherevent25060 C:\Users\15390\Desktop\DD\Mylab\lab8\AddSub4b\AddSub4b.xpr
# Log file: C:/Users/15390/Desktop/DD/Mylab/lab8/AddSub4b/vivado.log
# Journal file: C:/Users/15390/Desktop/DD/Mylab/lab8/AddSub4b\vivado.jou
#-----------------------------------------------------------
start_gui
open_project C:/Users/15390/Desktop/DD/Mylab/lab8/AddSub4b/AddSub4b.xpr
Scanning sources...
Finished scanning sources
INFO: [IP_Flow 19-234] Refreshing IP repositories
INFO: [IP_Flow 19-1704] No user IP repositories specified
INFO: [IP_Flow 19-2313] Loaded Vivado IP repository 'D:/Xilinx/Vivado/2019.1/data/ip'.
open_project: Time (s): cpu = 00:00:15 ; elapsed = 00:00:14 . Memory (MB): peak = 741.547 ; gain = 59.656
update_compile_order -fileset sources_1
exit
INFO: [Common 17-206] Exiting Vivado at Wed Nov 29 02:09:37 2023...
