#-----------------------------------------------------------
# Vivado v2019.1 (64-bit)
# SW Build 2552052 on Fri May 24 14:49:42 MDT 2019
# IP Build 2548770 on Fri May 24 18:01:18 MDT 2019
# Start of session at: Tue Oct 31 02:17:17 2023
# Process ID: 6356
# Current directory: C:/Users/15390/Desktop/DD/Mylab/lab5/D_74LS138_SCH
# Command line: vivado.exe -gui_launcher_event rodinguilauncherevent13256 C:\Users\15390\Desktop\DD\Mylab\lab5\D_74LS138_SCH\D_74LS138_SCH.xpr
# Log file: C:/Users/15390/Desktop/DD/Mylab/lab5/D_74LS138_SCH/vivado.log
# Journal file: C:/Users/15390/Desktop/DD/Mylab/lab5/D_74LS138_SCH\vivado.jou
#-----------------------------------------------------------
start_gui
open_project C:/Users/15390/Desktop/DD/Mylab/lab5/D_74LS138_SCH/D_74LS138_SCH.xpr
Scanning sources...
Finished scanning sources
INFO: [IP_Flow 19-234] Refreshing IP repositories
INFO: [IP_Flow 19-1704] No user IP repositories specified
INFO: [IP_Flow 19-2313] Loaded Vivado IP repository 'D:/Xilinx/Vivado/2019.1/data/ip'.
open_project: Time (s): cpu = 00:00:03 ; elapsed = 00:00:05 . Memory (MB): peak = 1083.801 ; gain = 98.562
update_compile_order -fileset sources_1
exit
INFO: [Common 17-206] Exiting Vivado at Tue Oct 31 02:41:08 2023...
