#-----------------------------------------------------------
# Vivado v2019.1 (64-bit)
# SW Build 2552052 on Fri May 24 14:49:42 MDT 2019
# IP Build 2548770 on Fri May 24 18:01:18 MDT 2019
# Start of session at: Wed Dec 13 04:51:27 2023
# Process ID: 3760
# Current directory: C:/Users/15390/Desktop/DD/Mylab/lab10/MyCounter
# Command line: vivado.exe -gui_launcher_event rodinguilauncherevent20264 C:\Users\15390\Desktop\DD\Mylab\lab10\MyCounter\MyCounter.xpr
# Log file: C:/Users/15390/Desktop/DD/Mylab/lab10/MyCounter/vivado.log
# Journal file: C:/Users/15390/Desktop/DD/Mylab/lab10/MyCounter\vivado.jou
#-----------------------------------------------------------
start_gui
open_project C:/Users/15390/Desktop/DD/Mylab/lab10/MyCounter/MyCounter.xpr
Scanning sources...
Finished scanning sources
INFO: [IP_Flow 19-234] Refreshing IP repositories
INFO: [IP_Flow 19-1704] No user IP repositories specified
INFO: [IP_Flow 19-2313] Loaded Vivado IP repository 'D:/Xilinx/Vivado/2019.1/data/ip'.
open_project: Time (s): cpu = 00:00:04 ; elapsed = 00:00:05 . Memory (MB): peak = 768.762 ; gain = 81.672
update_compile_order -fileset sources_1
exit
INFO: [Common 17-206] Exiting Vivado at Wed Dec 13 04:52:00 2023...
