#-----------------------------------------------------------
# Vivado v2019.1 (64-bit)
# SW Build 2552052 on Fri May 24 14:49:42 MDT 2019
# IP Build 2548770 on Fri May 24 18:01:18 MDT 2019
# Start of session at: Wed Nov 15 16:47:55 2023
# Process ID: 29644
# Current directory: C:/Users/15390/Desktop/DD/Mylab/lab7/ScoreBoard
# Command line: vivado.exe -gui_launcher_event rodinguilauncherevent26716 C:\Users\15390\Desktop\DD\Mylab\lab7\ScoreBoard\ScoreBoard.xpr
# Log file: C:/Users/15390/Desktop/DD/Mylab/lab7/ScoreBoard/vivado.log
# Journal file: C:/Users/15390/Desktop/DD/Mylab/lab7/ScoreBoard\vivado.jou
#-----------------------------------------------------------
start_gui
open_project C:/Users/15390/Desktop/DD/Mylab/lab7/ScoreBoard/ScoreBoard.xpr
Scanning sources...
Finished scanning sources
INFO: [IP_Flow 19-234] Refreshing IP repositories
INFO: [IP_Flow 19-1704] No user IP repositories specified
INFO: [IP_Flow 19-2313] Loaded Vivado IP repository 'D:/Xilinx/Vivado/2019.1/data/ip'.
open_project: Time (s): cpu = 00:00:06 ; elapsed = 00:00:07 . Memory (MB): peak = 795.867 ; gain = 92.051
open_hw
connect_hw_server
INFO: [Labtoolopen_hw
reset_run synth_1
WARNING: [Vivado 12-1017] Problems encountered:
1. Failed to delete one or more files in run directory C:/Users/15390/Desktop/DD/Mylab/lab7/ScoreBoard/ScoreBoard.runs/synth_1

launch_runs impl_1 -to_step write_bitstream -jobs 8
[Wed Nov 15 16:53:03 2023] Launched synth_1...
Run output will be captured here: C:/Users/15390/Desktop/DD/Mylab/lab7/ScoreBoard/ScoreBoard.runs/synth_1/runme.log
[Wed Nov 15 16:53:03 2023] Launched impl_1...
Run output will be captured here: C:/Users/15390/Desktop/DD/Mylab/lab7/ScoreBoard/ScoreBoard.runs/impl_1/runme.log
import_files {C:/Users/15390/Desktop/DD/Mylab/lab8/attachment-seg/SSeg_Dev/HexTo8SEG.v C:/Users/15390/Desktop/DD/Mylab/lab8/attachment-seg/SSeg_Dev/SSeg_Dev.v C:/Users/15390/Desktop/DD/Mylab/lab8/attachment-seg/SSeg_Dev/Hex2Seg.v}
update_compile_order -fileset sources_1
import_files -norecurse C:/Users/15390/Desktop/DD/Mylab/lab8/attachment-seg/P2S.edf
update_compile_order -fileset sources_1
import_files -norecurse C:/Users/15390/Desktop/DD/Mylab/lab8/attachment-seg/P2S_io.v
update_compile_order -fileset sources_1
update_compile_order -fileset sources_1
export_ip_user_files -of_objects  [get_files C:/Users/15390/Desktop/DD/Mylab/lab7/ScoreBoard/ScoreBoard.srcs/sources_1/imports/SSeg_Dev/SSeg_Dev.v] -no_script -reset -force -quiet
remove_files  C:/Users/15390/Desktop/DD/Mylab/lab7/ScoreBoard/ScoreBoard.srcs/sources_1/imports/SSeg_Dev/SSeg_Dev.v
file delete -force C:/Users/15390/Desktop/DD/Mylab/lab7/ScoreBoard/ScoreBoard.srcs/sources_1/imports/SSeg_Dev/SSeg_Dev.v
update_compile_order -fileset sources_1
export_ip_user_files -of_objects  [get_files C:/Users/15390/Desktop/DD/Mylab/lab7/ScoreBoard/ScoreBoard.srcs/sources_1/imports/attachment-seg/P2S.edf] -no_script -reset -force -quiet
remove_files  C:/Users/15390/Desktop/DD/Mylab/lab7/ScoreBoard/ScoreBoard.srcs/sources_1/imports/attachment-seg/P2S.edf
file delete -force C:/Users/15390/Desktop/DD/Mylab/lab7/ScoreBoard/ScoreBoard.srcs/sources_1/imports/attachment-seg/P2S.edf
export_ip_user_files -of_objects  [get_files C:/Users/15390/Desktop/DD/Mylab/lab7/ScoreBoard/ScoreBoard.srcs/sources_1/imports/attachment-seg/P2S_io.v] -no_script -reset -force -quiet
remove_files  C:/Users/15390/Desktop/DD/Mylab/lab7/ScoreBoard/ScoreBoard.srcs/sources_1/imports/attachment-seg/P2S_io.v
file delete -force C:/Users/15390/Desktop/DD/Mylab/lab7/ScoreBoard/ScoreBoard.srcs/sources_1/imports/attachment-seg/P2S_io.v
exit
INFO: [Common 17-206] Exiting Vivado at Wed Nov 15 17:02:38 2023...
