#-----------------------------------------------------------
# Vivado v2019.1 (64-bit)
# SW Build 2552052 on Fri May 24 14:49:42 MDT 2019
# IP Build 2548770 on Fri May 24 18:01:18 MDT 2019
# Start of session at: Wed Dec 20 18:05:12 2023
# Process ID: 17840
# Current directory: C:/Users/15390/Desktop/DD/Mylab/lab7/ScoreBoard
# Command line: vivado.exe -gui_launcher_event rodinguilauncherevent28676 C:\Users\15390\Desktop\DD\Mylab\lab7\ScoreBoard\ScoreBoard.xpr
# Log file: C:/Users/15390/Desktop/DD/Mylab/lab7/ScoreBoard/vivado.log
# Journal file: C:/Users/15390/Desktop/DD/Mylab/lab7/ScoreBoard\vivado.jou
#-----------------------------------------------------------
start_gui
open_project C:/Users/15390/Desktop/DD/Mylab/lab7/ScoreBoard/ScoreBoard.xpr
Scanning sources...
Finished scanning sources
INFO: [IP_Flow 19-234] Refreshing IP repositories
INFO: [IP_Flow 19-1704] No user IP repositories specified
INFO: [IP_Flow 19-2313] Loaded Vivado IP repository 'D:/Xilinx/Vivado/2019.1/data/ip'.
update_compile_order -fileset sources_1
reorder_files -fileset constrs_1 -after C:/Users/15390/Desktop/DD/Mylab/lab7/ScoreBoard/ScoreBoard.srcs/constrs_1/imports/new/lab7.xdc C:/Users/15390/Desktop/DD/Mylab/lab7/ScoreBoard/ScoreBoard.srcs/constrs_1/imports/new/lab7.xdc
exit
INFO: [Common 17-206] Exiting Vivado at Thu Dec 21 03:00:44 2023...
