#-----------------------------------------------------------
# Vivado v2019.1 (64-bit)
# SW Build 2552052 on Fri May 24 14:49:42 MDT 2019
# IP Build 2548770 on Fri May 24 18:01:18 MDT 2019
# Start of session at: Fri Dec 22 10:38:47 2023
# Process ID: 50260
# Current directory: C:/Users/15390/Desktop/DD/Mylab/lab8/ALU
# Command line: vivado.exe -gui_launcher_event rodinguilauncherevent57144 C:\Users\15390\Desktop\DD\Mylab\lab8\ALU\ALU.xpr
# Log file: C:/Users/15390/Desktop/DD/Mylab/lab8/ALU/vivado.log
# Journal file: C:/Users/15390/Desktop/DD/Mylab/lab8/ALU\vivado.jou
#-----------------------------------------------------------
start_gui
open_project C:/Users/15390/Desktop/DD/Mylab/lab8/ALU/ALU.xpr
Scanning sources...
Finished scanning sources
INFO: [IP_Flow 19-234] Refreshing IP repositories
INFO: [IP_Flow 19-1700] Loaded user IP repository 'c:/Users/15390/Desktop/DD/Mylab/lab8/ALU/ALU.srcs'.
INFO: [IP_Flow 19-2313] Loaded Vivado IP repository 'D:/Xilinx/Vivado/2019.1/data/ip'.
open_project: Time (s): cpu = 00:00:04 ; elapsed = 00:00:07 . Memory (MB): peak = 781.816 ; gain = 101.598
update_compile_order -fileset sources_1
exit
INFO: [Common 17-206] Exiting Vivado at Fri Dec 22 12:47:35 2023...
