#-----------------------------------------------------------
# Vivado v2019.1 (64-bit)
# SW Build 2552052 on Fri May 24 14:49:42 MDT 2019
# IP Build 2548770 on Fri May 24 18:01:18 MDT 2019
# Start of session at: Wed Dec 13 03:21:54 2023
# Process ID: 24512
# Current directory: C:/Users/15390/Desktop/DD/Mylab/lab8/ALU
# Command line: vivado.exe -gui_launcher_event rodinguilauncherevent28444 C:\Users\15390\Desktop\DD\Mylab\lab8\ALU\ALU.xpr
# Log file: C:/Users/15390/Desktop/DD/Mylab/lab8/ALU/vivado.log
# Journal file: C:/Users/15390/Desktop/DD/Mylab/lab8/ALU\vivado.jou
#-----------------------------------------------------------
start_gui
open_project C:/Users/15390/Desktop/DD/Mylab/lab8/ALU/ALU.xpr
Scanning sources...
Finished scanning sources
INFO: [IP_Flow 19-234] Refreshing IP repositories
INFO: [IP_Flow 19-1700] Loaded user IP repository 'c:/Users/15390/Desktop/DD/Mylab/lab8/ALU/ALU.srcs'.
INFO: [IP_Flow 19-2313] Loaded Vivado IP repository 'D:/Xilinx/Vivado/2019.1/data/ip'.
update_compile_order -fileset sources_1
exit
INFO: [Common 17-206] Exiting Vivado at Wed Dec 13 04:51:12 2023...
