#-----------------------------------------------------------
# Vivado v2019.1 (64-bit)
# SW Build 2552052 on Fri May 24 14:49:42 MDT 2019
# IP Build 2548770 on Fri May 24 18:01:18 MDT 2019
# Start of session at: Sun Nov  5 06:07:54 2023
# Process ID: 16912
# Current directory: C:/Users/15390/Desktop/DD/Mylab/lab1/LampCtrl_HDL
# Command line: vivado.exe -gui_launcher_event rodinguilauncherevent7956 C:\Users\15390\Desktop\DD\Mylab\lab1\LampCtrl_HDL\LampCtrl_HDL.xpr
# Log file: C:/Users/15390/Desktop/DD/Mylab/lab1/LampCtrl_HDL/vivado.log
# Journal file: C:/Users/15390/Desktop/DD/Mylab/lab1/LampCtrl_HDL\vivado.jou
#-----------------------------------------------------------
start_gui
open_project C:/Users/15390/Desktop/DD/Mylab/lab1/LampCtrl_HDL/LampCtrl_HDL.xpr
CRITICAL WARNING: [Project 1-19] Could not find the file 'C:/Users/15390/Desktop/DD/RTF.rtf'.
Scanning sources...
Finished scanning sources
INFO: [IP_Flow 19-234] Refreshing IP repositories
INFO: [IP_Flow 19-1704] No user IP repositories specified
INFO: [IP_Flow 19-2313] Loaded Vivado IP repository 'D:/Xilinx/Vivado/2019.1/data/ip'.
open_project: Time (s): cpu = 00:00:08 ; elapsed = 00:00:09 . Memory (MB): peak = 972.715 ; gain = 51.805
update_compile_order -fileset sources_1
add_files -fileset constrs_1 -norecurse C:/Users/15390/Desktop/DD/RTF.xdc
import_files -fileset constrs_1 C:/Users/15390/Desktop/DD/RTF.xdc
export_ip_user_files -of_objects  [get_files C:/Users/15390/Desktop/DD/RTF.rtf] -no_script -reset -force -quiet
remove_files  -fileset constrs_1 C:/Users/15390/Desktop/DD/RTF.rtf
exit
INFO: [Common 17-206] Exiting Vivado at Sun Nov  5 06:10:22 2023...
