#-----------------------------------------------------------
# Vivado v2019.1 (64-bit)
# SW Build 2552052 on Fri May 24 14:49:42 MDT 2019
# IP Build 2548770 on Fri May 24 18:01:18 MDT 2019
# Start of session at: Wed Dec 27 05:33:23 2023
# Process ID: 52196
# Current directory: C:/Users/15390/Desktop/DD/Mylab/lab13/MyMarquee
# Command line: vivado.exe -gui_launcher_event rodinguilauncherevent83404 C:\Users\15390\Desktop\DD\Mylab\lab13\MyMarquee\MyMarquee.xpr
# Log file: C:/Users/15390/Desktop/DD/Mylab/lab13/MyMarquee/vivado.log
# Journal file: C:/Users/15390/Desktop/DD/Mylab/lab13/MyMarquee\vivado.jou
#-----------------------------------------------------------
start_gui
open_project C:/Users/15390/Desktop/DD/Mylab/lab13/MyMarquee/MyMarquee.xpr
Scanning sources...
Finished scanning sources
INFO: [IP_Flow 19-234] Refreshing IP repositories
INFO: [IP_Flow 19-1704] No user IP repositories specified
INFO: [IP_Flow 19-2313] Loaded Vivado IP repository 'D:/Xilinx/Vivado/2019.1/data/ip'.
open_project: Time (s): cpu = 00:00:04 ; elapsed = 00:00:06 . Memory (MB): peak = 771.574 ; gain = 90.422
update_compile_order -fileset sources_1
reset_run synth_1
launch_runs impl_1 -to_step write_bitstream -jobs 8
[Wed Dec 27 06:56:41 2023] Launched synth_1...
Run output will be captured here: C:/Users/15390/Desktop/DD/Mylab/lab13/MyMarquee/MyMarquee.runs/synth_1/runme.log
[Wed Dec 27 06:56:41 2023] Launched impl_1...
Run output will be captured here: C:/Users/15390/Desktop/DD/Mylab/lab13/MyMarquee/MyMarquee.runs/impl_1/runme.log
exit
INFO: [Common 17-206] Exiting Vivado at Wed Dec 27 08:46:59 2023...
